Build started 2015-12-01 3:31:24 PM.
     1>Project "Z:\Projects\The-Myth-of-Ganon-A-Twist-in-the-Legend\Source & Headers\PlayLib_2010.vcxproj" on node 2 (Build target(s)).
     1>InitializeBuildStatus:
         Touching "Debug\The Myth.BF2F8F6C.tlog\unsuccessfulbuild".
       ClCompile:
         C:\Program Files\Microsoft Visual Studio 14.0\VC\bin\CL.exe /c /I"Z:\Projects\The-Myth-of-Ganon-A-Twist-in-the-Legend\Source & Headers\etc" /I"Z:\Projects\The-Myth-of-Ganon-A-Twist-in-the-Legend\Source & Headers\Headers" /ZI /nologo /W3 /WX- /Od /Oy- /D WIN32 /D _DEBUG /D _CONSOLE /D _UNICODE /D UNICODE /Gm /EHsc /RTC1 /MDd /GS /fp:precise /Zc:wchar_t /Zc:forScope /Zc:inline /Fo"Debug\\" /Fd"Debug\vc140.pdb" /Gd /TP /analyze- /errorReport:prompt Source\Door.cpp Source\iGraphics.cpp Source\LiveSprite.cpp Source\Main.cpp Source\SaveState.cpp Source\Sprite.cpp Source\MapParser.cpp Source\StillSprite.cpp
         StillSprite.cpp
         MapParser.cpp
         Sprite.cpp
         SaveState.cpp
     1>z:\projects\the-myth-of-ganon-a-twist-in-the-legend\source & headers\source\savestate.cpp(87): warning C4244: '=': conversion from 'double' to 'float', possible loss of data
     1>z:\projects\the-myth-of-ganon-a-twist-in-the-legend\source & headers\source\savestate.cpp(92): warning C4244: '=': conversion from 'double' to 'float', possible loss of data
     1>z:\projects\the-myth-of-ganon-a-twist-in-the-legend\source & headers\source\savestate.cpp(97): warning C4244: '=': conversion from 'double' to 'float', possible loss of data
     1>z:\projects\the-myth-of-ganon-a-twist-in-the-legend\source & headers\source\savestate.cpp(102): warning C4244: '=': conversion from 'double' to 'float', possible loss of data
     1>z:\projects\the-myth-of-ganon-a-twist-in-the-legend\source & headers\source\savestate.cpp(245): warning C4474: 'printf' : too many arguments passed for format string
         z:\projects\the-myth-of-ganon-a-twist-in-the-legend\source & headers\source\savestate.cpp(245): note: placeholders and their parameters expect 5 variadic arguments, but 6 were provided
     1>z:\projects\the-myth-of-ganon-a-twist-in-the-legend\source & headers\source\savestate.cpp(249): warning C4474: 'printf' : too many arguments passed for format string
         z:\projects\the-myth-of-ganon-a-twist-in-the-legend\source & headers\source\savestate.cpp(249): note: placeholders and their parameters expect 5 variadic arguments, but 6 were provided
     1>z:\projects\the-myth-of-ganon-a-twist-in-the-legend\source & headers\source\savestate.cpp(252): warning C4474: 'printf' : too many arguments passed for format string
         z:\projects\the-myth-of-ganon-a-twist-in-the-legend\source & headers\source\savestate.cpp(252): note: placeholders and their parameters expect 2 variadic arguments, but 3 were provided
     1>z:\projects\the-myth-of-ganon-a-twist-in-the-legend\source & headers\source\savestate.cpp(332): warning C4244: '=': conversion from 'int' to 'float', possible loss of data
         Main.cpp
     1>z:\projects\the-myth-of-ganon-a-twist-in-the-legend\source & headers\source\main.cpp(308): warning C4244: 'initializing': conversion from 'double' to 'int', possible loss of data
     1>z:\projects\the-myth-of-ganon-a-twist-in-the-legend\source & headers\source\main.cpp(555): warning C4244: 'initializing': conversion from 'double' to 'int', possible loss of data
     1>z:\projects\the-myth-of-ganon-a-twist-in-the-legend\source & headers\source\main.cpp(647): warning C4996: 'strcpy': This function or variable may be unsafe. Consider using strcpy_s instead. To disable deprecation, use _CRT_SECURE_NO_WARNINGS. See online help for details.
         c:\program files\windows kits\10\include\10.0.10150.0\ucrt\string.h(119): note: see declaration of 'strcpy'
     1>z:\projects\the-myth-of-ganon-a-twist-in-the-legend\source & headers\source\main.cpp(648): warning C4996: 'strcat': This function or variable may be unsafe. Consider using strcat_s instead. To disable deprecation, use _CRT_SECURE_NO_WARNINGS. See online help for details.
         c:\program files\windows kits\10\include\10.0.10150.0\ucrt\string.h(90): note: see declaration of 'strcat'
     1>z:\projects\the-myth-of-ganon-a-twist-in-the-legend\source & headers\source\main.cpp(649): warning C4996: 'strcat': This function or variable may be unsafe. Consider using strcat_s instead. To disable deprecation, use _CRT_SECURE_NO_WARNINGS. See online help for details.
         c:\program files\windows kits\10\include\10.0.10150.0\ucrt\string.h(90): note: see declaration of 'strcat'
     1>z:\projects\the-myth-of-ganon-a-twist-in-the-legend\source & headers\source\main.cpp(846): warning C4244: 'argument': conversion from 'int' to 'float', possible loss of data
         LiveSprite.cpp
         iGraphics.cpp
         Door.cpp
         Generating Code...
     1>z:\projects\the-myth-of-ganon-a-twist-in-the-legend\source & headers\source\sprite.cpp(389): warning C4715: 'Sprite::check_stop_box_collision': not all control paths return a value
       Link:
         C:\Program Files\Microsoft Visual Studio 14.0\VC\bin\link.exe /ERRORREPORT:PROMPT /OUT:"Z:\Projects\The-Myth-of-Ganon-A-Twist-in-the-Legend\Source & Headers\Debug\The Myth of Ganon - A Twist in the Legend.exe" /INCREMENTAL /NOLOGO PlayLib.lib kernel32.lib user32.lib gdi32.lib winspool.lib comdlg32.lib advapi32.lib shell32.lib ole32.lib oleaut32.lib uuid.lib odbc32.lib odbccp32.lib /MANIFEST /MANIFESTUAC:"level='asInvoker' uiAccess='false'" /manifest:embed /Debug /PDB:"Z:\Projects\The-Myth-of-Ganon-A-Twist-in-the-Legend\Source & Headers\Debug\The Myth of Ganon - A Twist in the Legend.pdb" /SUBSYSTEM:CONSOLE /TLBID:1 /DYNAMICBASE /NXCOMPAT /IMPLIB:"Z:\Projects\The-Myth-of-Ganon-A-Twist-in-the-Legend\Source & Headers\Debug\The Myth of Ganon - A Twist in the Legend.lib" /MACHINE:X86 Debug\Door.obj
         Debug\iGraphics.obj
         Debug\LiveSprite.obj
         Debug\Main.obj
         Debug\SaveState.obj
         Debug\Sprite.obj
         Debug\MapParser.obj
         Debug\StillSprite.obj
         PlayLib.lib
         PlayLibd.lib
         PlayLib.lib(Graphics.obj) : MSIL .netmodule or module compiled with /GL found; restarting link with /LTCG; add /LTCG to the link command line to improve linker performance
     1>LINK : warning LNK4075: ignoring '/INCREMENTAL' due to '/LTCG' specification
     1>Door.obj : warning LNK4075: ignoring '/EDITANDCONTINUE' due to '/OPT:LBR' specification
     1>LINK : warning LNK4098: defaultlib 'MSVCRT' conflicts with use of other libs; use /NODEFAULTLIB:library
     1>PlayLib.lib(Graphics.obj) : error LNK2001: unresolved external symbol __imp__vsprintf
     1>PlayLib.lib(Graphics.obj) : error LNK2001: unresolved external symbol "__declspec(dllimport) public: __thiscall std::exception::exception(char const * const &)" (__imp_??0exception@std@@QAE@ABQBD@Z)
     1>Z:\Projects\The-Myth-of-Ganon-A-Twist-in-the-Legend\Source & Headers\Debug\The Myth of Ganon - A Twist in the Legend.exe : fatal error LNK1120: 2 unresolved externals
     1>Done Building Project "Z:\Projects\The-Myth-of-Ganon-A-Twist-in-the-Legend\Source & Headers\PlayLib_2010.vcxproj" (Build target(s)) -- FAILED.

Build FAILED.

Time Elapsed 00:00:03.88
