\\MAC\HOME\PROJECTS\A-LUST-FOR-POWER\SOURCE & HEADERS\DEBUG\A-LUST-FOR-POWER.EXE.EMBED.MANIFEST.RES
\\MAC\HOME\PROJECTS\A-LUST-FOR-POWER\SOURCE & HEADERS\DEBUG\IGRAPHICS.OBJ
\\MAC\HOME\PROJECTS\A-LUST-FOR-POWER\SOURCE & HEADERS\DEBUG\LIVESPRITE.OBJ
\\MAC\HOME\PROJECTS\A-LUST-FOR-POWER\SOURCE & HEADERS\DEBUG\MAIN.OBJ
\\MAC\HOME\PROJECTS\A-LUST-FOR-POWER\SOURCE & HEADERS\DEBUG\MAPBUILDER.OBJ
\\MAC\HOME\PROJECTS\A-LUST-FOR-POWER\SOURCE & HEADERS\DEBUG\MAPNODE.OBJ
\\MAC\HOME\PROJECTS\A-LUST-FOR-POWER\SOURCE & HEADERS\DEBUG\PLAYLIB_2010.EXE
\\MAC\HOME\PROJECTS\A-LUST-FOR-POWER\SOURCE & HEADERS\DEBUG\PLAYLIB_2010.EXE.EMBED.MANIFEST.RES
\\MAC\HOME\PROJECTS\A-LUST-FOR-POWER\SOURCE & HEADERS\DEBUG\PLAYLIB_2010.EXE.INTERMEDIATE.MANIFEST
\\MAC\HOME\PROJECTS\A-LUST-FOR-POWER\SOURCE & HEADERS\DEBUG\PLAYLIB_2010.ILK
\\MAC\HOME\PROJECTS\A-LUST-FOR-POWER\SOURCE & HEADERS\DEBUG\PLAYLIB_2010.PDB
\\MAC\HOME\PROJECTS\A-LUST-FOR-POWER\SOURCE & HEADERS\DEBUG\SAVESTATE.OBJ
\\MAC\HOME\PROJECTS\A-LUST-FOR-POWER\SOURCE & HEADERS\DEBUG\SPRITE.OBJ
\\MAC\HOME\PROJECTS\A-LUST-FOR-POWER\SOURCE & HEADERS\DEBUG\SPRITENODE.OBJ
\\MAC\HOME\PROJECTS\A-LUST-FOR-POWER\SOURCE & HEADERS\DEBUG\VC100.PDB
Z:\Projects\The-Myth-of-Ganon-A-Twist-in-the-Legend\Source & Headers\Debug\A-Lust-for-Power.exe.embed.manifest
Z:\Projects\The-Myth-of-Ganon-A-Twist-in-the-Legend\Source & Headers\Debug\A-Lust-for-Power.exe.embed.manifest.res
Z:\Projects\The-Myth-of-Ganon-A-Twist-in-the-Legend\Source & Headers\Debug\A-Lust-for-Power.exe.intermediate.manifest
Z:\Projects\The-Myth-of-Ganon-A-Twist-in-the-Legend\Source & Headers\Debug\A-Lust-for-Power.pdb
Z:\Projects\The-Myth-of-Ganon-A-Twist-in-the-Legend\Source & Headers\Debug\A-Lust-for-Power.write.1.tlog
Z:\Projects\The-Myth-of-Ganon-A-Twist-in-the-Legend\Source & Headers\Debug\A-Lust-for-Power_manifest.rc
Z:\Projects\The-Myth-of-Ganon-A-Twist-in-the-Legend\Source & Headers\Debug\cl.command.1.tlog
Z:\Projects\The-Myth-of-Ganon-A-Twist-in-the-Legend\Source & Headers\Debug\cl.read.1.tlog
Z:\Projects\The-Myth-of-Ganon-A-Twist-in-the-Legend\Source & Headers\Debug\cl.write.1.tlog
Z:\PROJECTS\THE-MYTH-OF-GANON-A-TWIST-IN-THE-LEGEND\SOURCE & HEADERS\DEBUG\IGRAPHICS.OBJ
Z:\Projects\The-Myth-of-Ganon-A-Twist-in-the-Legend\Source & Headers\Debug\link.1012.read.1.tlog
Z:\Projects\The-Myth-of-Ganon-A-Twist-in-the-Legend\Source & Headers\Debug\link.1012.write.1.tlog
Z:\Projects\The-Myth-of-Ganon-A-Twist-in-the-Legend\Source & Headers\Debug\link.1012-cvtres.read.1.tlog
Z:\Projects\The-Myth-of-Ganon-A-Twist-in-the-Legend\Source & Headers\Debug\link.1012-cvtres.write.1.tlog
Z:\Projects\The-Myth-of-Ganon-A-Twist-in-the-Legend\Source & Headers\Debug\link.1040.read.1.tlog
Z:\Projects\The-Myth-of-Ganon-A-Twist-in-the-Legend\Source & Headers\Debug\link.1040.write.1.tlog
Z:\Projects\The-Myth-of-Ganon-A-Twist-in-the-Legend\Source & Headers\Debug\link.1040-cvtres.read.1.tlog
Z:\Projects\The-Myth-of-Ganon-A-Twist-in-the-Legend\Source & Headers\Debug\link.1040-cvtres.write.1.tlog
Z:\Projects\The-Myth-of-Ganon-A-Twist-in-the-Legend\Source & Headers\Debug\link.1068.read.1.tlog
Z:\Projects\The-Myth-of-Ganon-A-Twist-in-the-Legend\Source & Headers\Debug\link.1068.write.1.tlog
Z:\Projects\The-Myth-of-Ganon-A-Twist-in-the-Legend\Source & Headers\Debug\link.1068-cvtres.read.1.tlog
Z:\Projects\The-Myth-of-Ganon-A-Twist-in-the-Legend\Source & Headers\Debug\link.1068-cvtres.write.1.tlog
Z:\Projects\The-Myth-of-Ganon-A-Twist-in-the-Legend\Source & Headers\Debug\link.1140.read.1.tlog
Z:\Projects\The-Myth-of-Ganon-A-Twist-in-the-Legend\Source & Headers\Debug\link.1140.write.1.tlog
Z:\Projects\The-Myth-of-Ganon-A-Twist-in-the-Legend\Source & Headers\Debug\link.1140-cvtres.read.1.tlog
Z:\Projects\The-Myth-of-Ganon-A-Twist-in-the-Legend\Source & Headers\Debug\link.1140-cvtres.write.1.tlog
Z:\Projects\The-Myth-of-Ganon-A-Twist-in-the-Legend\Source & Headers\Debug\link.1180.read.1.tlog
Z:\Projects\The-Myth-of-Ganon-A-Twist-in-the-Legend\Source & Headers\Debug\link.1180.write.1.tlog
Z:\Projects\The-Myth-of-Ganon-A-Twist-in-the-Legend\Source & Headers\Debug\link.1180-cvtres.read.1.tlog
Z:\Projects\The-Myth-of-Ganon-A-Twist-in-the-Legend\Source & Headers\Debug\link.1180-cvtres.write.1.tlog
Z:\Projects\The-Myth-of-Ganon-A-Twist-in-the-Legend\Source & Headers\Debug\link.1200.read.1.tlog
Z:\Projects\The-Myth-of-Ganon-A-Twist-in-the-Legend\Source & Headers\Debug\link.1200.write.1.tlog
Z:\Projects\The-Myth-of-Ganon-A-Twist-in-the-Legend\Source & Headers\Debug\link.1200-cvtres.read.1.tlog
Z:\Projects\The-Myth-of-Ganon-A-Twist-in-the-Legend\Source & Headers\Debug\link.1200-cvtres.write.1.tlog
Z:\Projects\The-Myth-of-Ganon-A-Twist-in-the-Legend\Source & Headers\Debug\link.1336.read.1.tlog
Z:\Projects\The-Myth-of-Ganon-A-Twist-in-the-Legend\Source & Headers\Debug\link.1336.write.1.tlog
Z:\Projects\The-Myth-of-Ganon-A-Twist-in-the-Legend\Source & Headers\Debug\link.1336-cvtres.read.1.tlog
Z:\Projects\The-Myth-of-Ganon-A-Twist-in-the-Legend\Source & Headers\Debug\link.1336-cvtres.write.1.tlog
Z:\Projects\The-Myth-of-Ganon-A-Twist-in-the-Legend\Source & Headers\Debug\link.1340.read.1.tlog
Z:\Projects\The-Myth-of-Ganon-A-Twist-in-the-Legend\Source & Headers\Debug\link.1340.write.1.tlog
Z:\Projects\The-Myth-of-Ganon-A-Twist-in-the-Legend\Source & Headers\Debug\link.1340-cvtres.read.1.tlog
Z:\Projects\The-Myth-of-Ganon-A-Twist-in-the-Legend\Source & Headers\Debug\link.1340-cvtres.write.1.tlog
Z:\Projects\The-Myth-of-Ganon-A-Twist-in-the-Legend\Source & Headers\Debug\link.1348.read.1.tlog
Z:\Projects\The-Myth-of-Ganon-A-Twist-in-the-Legend\Source & Headers\Debug\link.1348.write.1.tlog
Z:\Projects\The-Myth-of-Ganon-A-Twist-in-the-Legend\Source & Headers\Debug\link.1348-cvtres.read.1.tlog
Z:\Projects\The-Myth-of-Ganon-A-Twist-in-the-Legend\Source & Headers\Debug\link.1348-cvtres.write.1.tlog
Z:\Projects\The-Myth-of-Ganon-A-Twist-in-the-Legend\Source & Headers\Debug\link.1368.read.1.tlog
Z:\Projects\The-Myth-of-Ganon-A-Twist-in-the-Legend\Source & Headers\Debug\link.1368.write.1.tlog
Z:\Projects\The-Myth-of-Ganon-A-Twist-in-the-Legend\Source & Headers\Debug\link.1368-cvtres.read.1.tlog
Z:\Projects\The-Myth-of-Ganon-A-Twist-in-the-Legend\Source & Headers\Debug\link.1368-cvtres.write.1.tlog
Z:\Projects\The-Myth-of-Ganon-A-Twist-in-the-Legend\Source & Headers\Debug\link.1424.read.1.tlog
Z:\Projects\The-Myth-of-Ganon-A-Twist-in-the-Legend\Source & Headers\Debug\link.1424.write.1.tlog
Z:\Projects\The-Myth-of-Ganon-A-Twist-in-the-Legend\Source & Headers\Debug\link.1424-cvtres.read.1.tlog
Z:\Projects\The-Myth-of-Ganon-A-Twist-in-the-Legend\Source & Headers\Debug\link.1424-cvtres.write.1.tlog
Z:\Projects\The-Myth-of-Ganon-A-Twist-in-the-Legend\Source & Headers\Debug\link.1460.read.1.tlog
Z:\Projects\The-Myth-of-Ganon-A-Twist-in-the-Legend\Source & Headers\Debug\link.1460.write.1.tlog
Z:\Projects\The-Myth-of-Ganon-A-Twist-in-the-Legend\Source & Headers\Debug\link.1460-cvtres.read.1.tlog
Z:\Projects\The-Myth-of-Ganon-A-Twist-in-the-Legend\Source & Headers\Debug\link.1460-cvtres.write.1.tlog
Z:\Projects\The-Myth-of-Ganon-A-Twist-in-the-Legend\Source & Headers\Debug\link.1528.read.1.tlog
Z:\Projects\The-Myth-of-Ganon-A-Twist-in-the-Legend\Source & Headers\Debug\link.1528.write.1.tlog
Z:\Projects\The-Myth-of-Ganon-A-Twist-in-the-Legend\Source & Headers\Debug\link.1528-cvtres.read.1.tlog
Z:\Projects\The-Myth-of-Ganon-A-Twist-in-the-Legend\Source & Headers\Debug\link.1528-cvtres.write.1.tlog
Z:\Projects\The-Myth-of-Ganon-A-Twist-in-the-Legend\Source & Headers\Debug\link.1596.read.1.tlog
Z:\Projects\The-Myth-of-Ganon-A-Twist-in-the-Legend\Source & Headers\Debug\link.1596.write.1.tlog
Z:\Projects\The-Myth-of-Ganon-A-Twist-in-the-Legend\Source & Headers\Debug\link.1596-cvtres.read.1.tlog
Z:\Projects\The-Myth-of-Ganon-A-Twist-in-the-Legend\Source & Headers\Debug\link.1596-cvtres.write.1.tlog
Z:\Projects\The-Myth-of-Ganon-A-Twist-in-the-Legend\Source & Headers\Debug\link.1600.read.1.tlog
Z:\Projects\The-Myth-of-Ganon-A-Twist-in-the-Legend\Source & Headers\Debug\link.1600.write.1.tlog
Z:\Projects\The-Myth-of-Ganon-A-Twist-in-the-Legend\Source & Headers\Debug\link.1600-cvtres.read.1.tlog
Z:\Projects\The-Myth-of-Ganon-A-Twist-in-the-Legend\Source & Headers\Debug\link.1600-cvtres.write.1.tlog
Z:\Projects\The-Myth-of-Ganon-A-Twist-in-the-Legend\Source & Headers\Debug\link.1640.read.1.tlog
Z:\Projects\The-Myth-of-Ganon-A-Twist-in-the-Legend\Source & Headers\Debug\link.1640.write.1.tlog
Z:\Projects\The-Myth-of-Ganon-A-Twist-in-the-Legend\Source & Headers\Debug\link.1640-cvtres.read.1.tlog
Z:\Projects\The-Myth-of-Ganon-A-Twist-in-the-Legend\Source & Headers\Debug\link.1640-cvtres.write.1.tlog
Z:\Projects\The-Myth-of-Ganon-A-Twist-in-the-Legend\Source & Headers\Debug\link.1652.read.1.tlog
Z:\Projects\The-Myth-of-Ganon-A-Twist-in-the-Legend\Source & Headers\Debug\link.1652.write.1.tlog
Z:\Projects\The-Myth-of-Ganon-A-Twist-in-the-Legend\Source & Headers\Debug\link.1652-cvtres.read.1.tlog
Z:\Projects\The-Myth-of-Ganon-A-Twist-in-the-Legend\Source & Headers\Debug\link.1652-cvtres.write.1.tlog
Z:\Projects\The-Myth-of-Ganon-A-Twist-in-the-Legend\Source & Headers\Debug\link.1692.read.1.tlog
Z:\Projects\The-Myth-of-Ganon-A-Twist-in-the-Legend\Source & Headers\Debug\link.1692.write.1.tlog
Z:\Projects\The-Myth-of-Ganon-A-Twist-in-the-Legend\Source & Headers\Debug\link.1692-cvtres.read.1.tlog
Z:\Projects\The-Myth-of-Ganon-A-Twist-in-the-Legend\Source & Headers\Debug\link.1692-cvtres.write.1.tlog
Z:\Projects\The-Myth-of-Ganon-A-Twist-in-the-Legend\Source & Headers\Debug\link.1720.read.1.tlog
Z:\Projects\The-Myth-of-Ganon-A-Twist-in-the-Legend\Source & Headers\Debug\link.1720.write.1.tlog
Z:\Projects\The-Myth-of-Ganon-A-Twist-in-the-Legend\Source & Headers\Debug\link.1720-cvtres.read.1.tlog
Z:\Projects\The-Myth-of-Ganon-A-Twist-in-the-Legend\Source & Headers\Debug\link.1720-cvtres.write.1.tlog
Z:\Projects\The-Myth-of-Ganon-A-Twist-in-the-Legend\Source & Headers\Debug\link.1836.read.1.tlog
Z:\Projects\The-Myth-of-Ganon-A-Twist-in-the-Legend\Source & Headers\Debug\link.1836.write.1.tlog
Z:\Projects\The-Myth-of-Ganon-A-Twist-in-the-Legend\Source & Headers\Debug\link.1836-cvtres.read.1.tlog
Z:\Projects\The-Myth-of-Ganon-A-Twist-in-the-Legend\Source & Headers\Debug\link.1836-cvtres.write.1.tlog
Z:\Projects\The-Myth-of-Ganon-A-Twist-in-the-Legend\Source & Headers\Debug\link.1860.read.1.tlog
Z:\Projects\The-Myth-of-Ganon-A-Twist-in-the-Legend\Source & Headers\Debug\link.1860.write.1.tlog
Z:\Projects\The-Myth-of-Ganon-A-Twist-in-the-Legend\Source & Headers\Debug\link.1860-cvtres.read.1.tlog
Z:\Projects\The-Myth-of-Ganon-A-Twist-in-the-Legend\Source & Headers\Debug\link.1860-cvtres.write.1.tlog
Z:\Projects\The-Myth-of-Ganon-A-Twist-in-the-Legend\Source & Headers\Debug\link.1868.read.1.tlog
Z:\Projects\The-Myth-of-Ganon-A-Twist-in-the-Legend\Source & Headers\Debug\link.1868.write.1.tlog
Z:\Projects\The-Myth-of-Ganon-A-Twist-in-the-Legend\Source & Headers\Debug\link.1868-cvtres.read.1.tlog
Z:\Projects\The-Myth-of-Ganon-A-Twist-in-the-Legend\Source & Headers\Debug\link.1868-cvtres.write.1.tlog
Z:\Projects\The-Myth-of-Ganon-A-Twist-in-the-Legend\Source & Headers\Debug\link.1984.read.1.tlog
Z:\Projects\The-Myth-of-Ganon-A-Twist-in-the-Legend\Source & Headers\Debug\link.1984.write.1.tlog
Z:\Projects\The-Myth-of-Ganon-A-Twist-in-the-Legend\Source & Headers\Debug\link.1984-cvtres.read.1.tlog
Z:\Projects\The-Myth-of-Ganon-A-Twist-in-the-Legend\Source & Headers\Debug\link.1984-cvtres.write.1.tlog
Z:\Projects\The-Myth-of-Ganon-A-Twist-in-the-Legend\Source & Headers\Debug\link.2000.read.1.tlog
Z:\Projects\The-Myth-of-Ganon-A-Twist-in-the-Legend\Source & Headers\Debug\link.2000.write.1.tlog
Z:\Projects\The-Myth-of-Ganon-A-Twist-in-the-Legend\Source & Headers\Debug\link.2000-cvtres.read.1.tlog
Z:\Projects\The-Myth-of-Ganon-A-Twist-in-the-Legend\Source & Headers\Debug\link.2000-cvtres.write.1.tlog
Z:\Projects\The-Myth-of-Ganon-A-Twist-in-the-Legend\Source & Headers\Debug\link.2012.read.1.tlog
Z:\Projects\The-Myth-of-Ganon-A-Twist-in-the-Legend\Source & Headers\Debug\link.2012.write.1.tlog
Z:\Projects\The-Myth-of-Ganon-A-Twist-in-the-Legend\Source & Headers\Debug\link.2012-cvtres.read.1.tlog
Z:\Projects\The-Myth-of-Ganon-A-Twist-in-the-Legend\Source & Headers\Debug\link.2012-cvtres.write.1.tlog
Z:\Projects\The-Myth-of-Ganon-A-Twist-in-the-Legend\Source & Headers\Debug\link.2028.read.1.tlog
Z:\Projects\The-Myth-of-Ganon-A-Twist-in-the-Legend\Source & Headers\Debug\link.2028.write.1.tlog
Z:\Projects\The-Myth-of-Ganon-A-Twist-in-the-Legend\Source & Headers\Debug\link.2028-cvtres.read.1.tlog
Z:\Projects\The-Myth-of-Ganon-A-Twist-in-the-Legend\Source & Headers\Debug\link.2028-cvtres.write.1.tlog
Z:\Projects\The-Myth-of-Ganon-A-Twist-in-the-Legend\Source & Headers\Debug\link.2044.read.1.tlog
Z:\Projects\The-Myth-of-Ganon-A-Twist-in-the-Legend\Source & Headers\Debug\link.2044.write.1.tlog
Z:\Projects\The-Myth-of-Ganon-A-Twist-in-the-Legend\Source & Headers\Debug\link.2044-cvtres.read.1.tlog
Z:\Projects\The-Myth-of-Ganon-A-Twist-in-the-Legend\Source & Headers\Debug\link.2044-cvtres.write.1.tlog
Z:\Projects\The-Myth-of-Ganon-A-Twist-in-the-Legend\Source & Headers\Debug\link.2088.read.1.tlog
Z:\Projects\The-Myth-of-Ganon-A-Twist-in-the-Legend\Source & Headers\Debug\link.2088.write.1.tlog
Z:\Projects\The-Myth-of-Ganon-A-Twist-in-the-Legend\Source & Headers\Debug\link.2088-cvtres.read.1.tlog
Z:\Projects\The-Myth-of-Ganon-A-Twist-in-the-Legend\Source & Headers\Debug\link.2088-cvtres.write.1.tlog
Z:\Projects\The-Myth-of-Ganon-A-Twist-in-the-Legend\Source & Headers\Debug\link.2100.read.1.tlog
Z:\Projects\The-Myth-of-Ganon-A-Twist-in-the-Legend\Source & Headers\Debug\link.2100.write.1.tlog
Z:\Projects\The-Myth-of-Ganon-A-Twist-in-the-Legend\Source & Headers\Debug\link.2100-cvtres.read.1.tlog
Z:\Projects\The-Myth-of-Ganon-A-Twist-in-the-Legend\Source & Headers\Debug\link.2100-cvtres.write.1.tlog
Z:\Projects\The-Myth-of-Ganon-A-Twist-in-the-Legend\Source & Headers\Debug\link.2112.read.1.tlog
Z:\Projects\The-Myth-of-Ganon-A-Twist-in-the-Legend\Source & Headers\Debug\link.2112.write.1.tlog
Z:\Projects\The-Myth-of-Ganon-A-Twist-in-the-Legend\Source & Headers\Debug\link.2112-cvtres.read.1.tlog
Z:\Projects\The-Myth-of-Ganon-A-Twist-in-the-Legend\Source & Headers\Debug\link.2112-cvtres.write.1.tlog
Z:\Projects\The-Myth-of-Ganon-A-Twist-in-the-Legend\Source & Headers\Debug\link.2124.read.1.tlog
Z:\Projects\The-Myth-of-Ganon-A-Twist-in-the-Legend\Source & Headers\Debug\link.2124.write.1.tlog
Z:\Projects\The-Myth-of-Ganon-A-Twist-in-the-Legend\Source & Headers\Debug\link.2124-cvtres.read.1.tlog
Z:\Projects\The-Myth-of-Ganon-A-Twist-in-the-Legend\Source & Headers\Debug\link.2124-cvtres.write.1.tlog
Z:\Projects\The-Myth-of-Ganon-A-Twist-in-the-Legend\Source & Headers\Debug\link.2136.read.1.tlog
Z:\Projects\The-Myth-of-Ganon-A-Twist-in-the-Legend\Source & Headers\Debug\link.2136.write.1.tlog
Z:\Projects\The-Myth-of-Ganon-A-Twist-in-the-Legend\Source & Headers\Debug\link.2136-cvtres.read.1.tlog
Z:\Projects\The-Myth-of-Ganon-A-Twist-in-the-Legend\Source & Headers\Debug\link.2136-cvtres.write.1.tlog
Z:\Projects\The-Myth-of-Ganon-A-Twist-in-the-Legend\Source & Headers\Debug\link.2140.read.1.tlog
Z:\Projects\The-Myth-of-Ganon-A-Twist-in-the-Legend\Source & Headers\Debug\link.2140.write.1.tlog
Z:\Projects\The-Myth-of-Ganon-A-Twist-in-the-Legend\Source & Headers\Debug\link.2160.read.1.tlog
Z:\Projects\The-Myth-of-Ganon-A-Twist-in-the-Legend\Source & Headers\Debug\link.2160.write.1.tlog
Z:\Projects\The-Myth-of-Ganon-A-Twist-in-the-Legend\Source & Headers\Debug\link.2160-cvtres.read.1.tlog
Z:\Projects\The-Myth-of-Ganon-A-Twist-in-the-Legend\Source & Headers\Debug\link.2160-cvtres.write.1.tlog
Z:\Projects\The-Myth-of-Ganon-A-Twist-in-the-Legend\Source & Headers\Debug\link.2188.read.1.tlog
Z:\Projects\The-Myth-of-Ganon-A-Twist-in-the-Legend\Source & Headers\Debug\link.2188.write.1.tlog
Z:\Projects\The-Myth-of-Ganon-A-Twist-in-the-Legend\Source & Headers\Debug\link.2188-cvtres.read.1.tlog
Z:\Projects\The-Myth-of-Ganon-A-Twist-in-the-Legend\Source & Headers\Debug\link.2188-cvtres.write.1.tlog
Z:\Projects\The-Myth-of-Ganon-A-Twist-in-the-Legend\Source & Headers\Debug\link.2200.read.1.tlog
Z:\Projects\The-Myth-of-Ganon-A-Twist-in-the-Legend\Source & Headers\Debug\link.2200.write.1.tlog
Z:\Projects\The-Myth-of-Ganon-A-Twist-in-the-Legend\Source & Headers\Debug\link.2200-cvtres.read.1.tlog
Z:\Projects\The-Myth-of-Ganon-A-Twist-in-the-Legend\Source & Headers\Debug\link.2200-cvtres.write.1.tlog
Z:\Projects\The-Myth-of-Ganon-A-Twist-in-the-Legend\Source & Headers\Debug\link.2240.read.1.tlog
Z:\Projects\The-Myth-of-Ganon-A-Twist-in-the-Legend\Source & Headers\Debug\link.2240.write.1.tlog
Z:\Projects\The-Myth-of-Ganon-A-Twist-in-the-Legend\Source & Headers\Debug\link.2240-cvtres.read.1.tlog
Z:\Projects\The-Myth-of-Ganon-A-Twist-in-the-Legend\Source & Headers\Debug\link.2240-cvtres.write.1.tlog
Z:\Projects\The-Myth-of-Ganon-A-Twist-in-the-Legend\Source & Headers\Debug\link.2304.read.1.tlog
Z:\Projects\The-Myth-of-Ganon-A-Twist-in-the-Legend\Source & Headers\Debug\link.2304.write.1.tlog
Z:\Projects\The-Myth-of-Ganon-A-Twist-in-the-Legend\Source & Headers\Debug\link.2304-cvtres.read.1.tlog
Z:\Projects\The-Myth-of-Ganon-A-Twist-in-the-Legend\Source & Headers\Debug\link.2304-cvtres.write.1.tlog
Z:\Projects\The-Myth-of-Ganon-A-Twist-in-the-Legend\Source & Headers\Debug\link.2320.read.1.tlog
Z:\Projects\The-Myth-of-Ganon-A-Twist-in-the-Legend\Source & Headers\Debug\link.2320.write.1.tlog
Z:\Projects\The-Myth-of-Ganon-A-Twist-in-the-Legend\Source & Headers\Debug\link.2320-cvtres.read.1.tlog
Z:\Projects\The-Myth-of-Ganon-A-Twist-in-the-Legend\Source & Headers\Debug\link.2320-cvtres.write.1.tlog
Z:\Projects\The-Myth-of-Ganon-A-Twist-in-the-Legend\Source & Headers\Debug\link.2336.read.1.tlog
Z:\Projects\The-Myth-of-Ganon-A-Twist-in-the-Legend\Source & Headers\Debug\link.2336.write.1.tlog
Z:\Projects\The-Myth-of-Ganon-A-Twist-in-the-Legend\Source & Headers\Debug\link.2336-cvtres.read.1.tlog
Z:\Projects\The-Myth-of-Ganon-A-Twist-in-the-Legend\Source & Headers\Debug\link.2336-cvtres.write.1.tlog
Z:\Projects\The-Myth-of-Ganon-A-Twist-in-the-Legend\Source & Headers\Debug\link.2340.read.1.tlog
Z:\Projects\The-Myth-of-Ganon-A-Twist-in-the-Legend\Source & Headers\Debug\link.2340.write.1.tlog
Z:\Projects\The-Myth-of-Ganon-A-Twist-in-the-Legend\Source & Headers\Debug\link.2340-cvtres.read.1.tlog
Z:\Projects\The-Myth-of-Ganon-A-Twist-in-the-Legend\Source & Headers\Debug\link.2340-cvtres.write.1.tlog
Z:\Projects\The-Myth-of-Ganon-A-Twist-in-the-Legend\Source & Headers\Debug\link.2348.read.1.tlog
Z:\Projects\The-Myth-of-Ganon-A-Twist-in-the-Legend\Source & Headers\Debug\link.2348.write.1.tlog
Z:\Projects\The-Myth-of-Ganon-A-Twist-in-the-Legend\Source & Headers\Debug\link.2348-cvtres.read.1.tlog
Z:\Projects\The-Myth-of-Ganon-A-Twist-in-the-Legend\Source & Headers\Debug\link.2348-cvtres.write.1.tlog
Z:\Projects\The-Myth-of-Ganon-A-Twist-in-the-Legend\Source & Headers\Debug\link.2396.read.1.tlog
Z:\Projects\The-Myth-of-Ganon-A-Twist-in-the-Legend\Source & Headers\Debug\link.2396.write.1.tlog
Z:\Projects\The-Myth-of-Ganon-A-Twist-in-the-Legend\Source & Headers\Debug\link.2396-cvtres.read.1.tlog
Z:\Projects\The-Myth-of-Ganon-A-Twist-in-the-Legend\Source & Headers\Debug\link.2396-cvtres.write.1.tlog
Z:\Projects\The-Myth-of-Ganon-A-Twist-in-the-Legend\Source & Headers\Debug\link.2408.read.1.tlog
Z:\Projects\The-Myth-of-Ganon-A-Twist-in-the-Legend\Source & Headers\Debug\link.2408.write.1.tlog
Z:\Projects\The-Myth-of-Ganon-A-Twist-in-the-Legend\Source & Headers\Debug\link.2408-cvtres.read.1.tlog
Z:\Projects\The-Myth-of-Ganon-A-Twist-in-the-Legend\Source & Headers\Debug\link.2408-cvtres.write.1.tlog
Z:\Projects\The-Myth-of-Ganon-A-Twist-in-the-Legend\Source & Headers\Debug\link.2412.read.1.tlog
Z:\Projects\The-Myth-of-Ganon-A-Twist-in-the-Legend\Source & Headers\Debug\link.2412.write.1.tlog
Z:\Projects\The-Myth-of-Ganon-A-Twist-in-the-Legend\Source & Headers\Debug\link.2412-cvtres.read.1.tlog
Z:\Projects\The-Myth-of-Ganon-A-Twist-in-the-Legend\Source & Headers\Debug\link.2412-cvtres.write.1.tlog
Z:\Projects\The-Myth-of-Ganon-A-Twist-in-the-Legend\Source & Headers\Debug\link.2420.read.1.tlog
Z:\Projects\The-Myth-of-Ganon-A-Twist-in-the-Legend\Source & Headers\Debug\link.2420.write.1.tlog
Z:\Projects\The-Myth-of-Ganon-A-Twist-in-the-Legend\Source & Headers\Debug\link.2420-cvtres.read.1.tlog
Z:\Projects\The-Myth-of-Ganon-A-Twist-in-the-Legend\Source & Headers\Debug\link.2420-cvtres.write.1.tlog
Z:\Projects\The-Myth-of-Ganon-A-Twist-in-the-Legend\Source & Headers\Debug\link.2448.read.1.tlog
Z:\Projects\The-Myth-of-Ganon-A-Twist-in-the-Legend\Source & Headers\Debug\link.2448.write.1.tlog
Z:\Projects\The-Myth-of-Ganon-A-Twist-in-the-Legend\Source & Headers\Debug\link.2448-cvtres.read.1.tlog
Z:\Projects\The-Myth-of-Ganon-A-Twist-in-the-Legend\Source & Headers\Debug\link.2448-cvtres.write.1.tlog
Z:\Projects\The-Myth-of-Ganon-A-Twist-in-the-Legend\Source & Headers\Debug\link.2464.read.1.tlog
Z:\Projects\The-Myth-of-Ganon-A-Twist-in-the-Legend\Source & Headers\Debug\link.2464.write.1.tlog
Z:\Projects\The-Myth-of-Ganon-A-Twist-in-the-Legend\Source & Headers\Debug\link.2464-cvtres.read.1.tlog
Z:\Projects\The-Myth-of-Ganon-A-Twist-in-the-Legend\Source & Headers\Debug\link.2464-cvtres.write.1.tlog
Z:\Projects\The-Myth-of-Ganon-A-Twist-in-the-Legend\Source & Headers\Debug\link.2488.read.1.tlog
Z:\Projects\The-Myth-of-Ganon-A-Twist-in-the-Legend\Source & Headers\Debug\link.2488.write.1.tlog
Z:\Projects\The-Myth-of-Ganon-A-Twist-in-the-Legend\Source & Headers\Debug\link.2488-cvtres.read.1.tlog
Z:\Projects\The-Myth-of-Ganon-A-Twist-in-the-Legend\Source & Headers\Debug\link.2488-cvtres.write.1.tlog
Z:\Projects\The-Myth-of-Ganon-A-Twist-in-the-Legend\Source & Headers\Debug\link.2556.read.1.tlog
Z:\Projects\The-Myth-of-Ganon-A-Twist-in-the-Legend\Source & Headers\Debug\link.2556.write.1.tlog
Z:\Projects\The-Myth-of-Ganon-A-Twist-in-the-Legend\Source & Headers\Debug\link.2556-cvtres.read.1.tlog
Z:\Projects\The-Myth-of-Ganon-A-Twist-in-the-Legend\Source & Headers\Debug\link.2556-cvtres.write.1.tlog
Z:\Projects\The-Myth-of-Ganon-A-Twist-in-the-Legend\Source & Headers\Debug\link.2564.read.1.tlog
Z:\Projects\The-Myth-of-Ganon-A-Twist-in-the-Legend\Source & Headers\Debug\link.2564.write.1.tlog
Z:\Projects\The-Myth-of-Ganon-A-Twist-in-the-Legend\Source & Headers\Debug\link.2564-cvtres.read.1.tlog
Z:\Projects\The-Myth-of-Ganon-A-Twist-in-the-Legend\Source & Headers\Debug\link.2564-cvtres.write.1.tlog
Z:\Projects\The-Myth-of-Ganon-A-Twist-in-the-Legend\Source & Headers\Debug\link.2584.read.1.tlog
Z:\Projects\The-Myth-of-Ganon-A-Twist-in-the-Legend\Source & Headers\Debug\link.2584.write.1.tlog
Z:\Projects\The-Myth-of-Ganon-A-Twist-in-the-Legend\Source & Headers\Debug\link.2584-cvtres.read.1.tlog
Z:\Projects\The-Myth-of-Ganon-A-Twist-in-the-Legend\Source & Headers\Debug\link.2584-cvtres.write.1.tlog
Z:\Projects\The-Myth-of-Ganon-A-Twist-in-the-Legend\Source & Headers\Debug\link.2612.read.1.tlog
Z:\Projects\The-Myth-of-Ganon-A-Twist-in-the-Legend\Source & Headers\Debug\link.2612.write.1.tlog
Z:\Projects\The-Myth-of-Ganon-A-Twist-in-the-Legend\Source & Headers\Debug\link.2612-cvtres.read.1.tlog
Z:\Projects\The-Myth-of-Ganon-A-Twist-in-the-Legend\Source & Headers\Debug\link.2612-cvtres.write.1.tlog
Z:\Projects\The-Myth-of-Ganon-A-Twist-in-the-Legend\Source & Headers\Debug\link.2624.read.1.tlog
Z:\Projects\The-Myth-of-Ganon-A-Twist-in-the-Legend\Source & Headers\Debug\link.2624.write.1.tlog
Z:\Projects\The-Myth-of-Ganon-A-Twist-in-the-Legend\Source & Headers\Debug\link.2624-cvtres.read.1.tlog
Z:\Projects\The-Myth-of-Ganon-A-Twist-in-the-Legend\Source & Headers\Debug\link.2624-cvtres.write.1.tlog
Z:\Projects\The-Myth-of-Ganon-A-Twist-in-the-Legend\Source & Headers\Debug\link.2628.read.1.tlog
Z:\Projects\The-Myth-of-Ganon-A-Twist-in-the-Legend\Source & Headers\Debug\link.2628.write.1.tlog
Z:\Projects\The-Myth-of-Ganon-A-Twist-in-the-Legend\Source & Headers\Debug\link.2628-cvtres.read.1.tlog
Z:\Projects\The-Myth-of-Ganon-A-Twist-in-the-Legend\Source & Headers\Debug\link.2628-cvtres.write.1.tlog
Z:\Projects\The-Myth-of-Ganon-A-Twist-in-the-Legend\Source & Headers\Debug\link.2640.read.1.tlog
Z:\Projects\The-Myth-of-Ganon-A-Twist-in-the-Legend\Source & Headers\Debug\link.2640.write.1.tlog
Z:\Projects\The-Myth-of-Ganon-A-Twist-in-the-Legend\Source & Headers\Debug\link.2640-cvtres.read.1.tlog
Z:\Projects\The-Myth-of-Ganon-A-Twist-in-the-Legend\Source & Headers\Debug\link.2640-cvtres.write.1.tlog
Z:\Projects\The-Myth-of-Ganon-A-Twist-in-the-Legend\Source & Headers\Debug\link.2652.read.1.tlog
Z:\Projects\The-Myth-of-Ganon-A-Twist-in-the-Legend\Source & Headers\Debug\link.2652.write.1.tlog
Z:\Projects\The-Myth-of-Ganon-A-Twist-in-the-Legend\Source & Headers\Debug\link.2652-cvtres.read.1.tlog
Z:\Projects\The-Myth-of-Ganon-A-Twist-in-the-Legend\Source & Headers\Debug\link.2652-cvtres.write.1.tlog
Z:\Projects\The-Myth-of-Ganon-A-Twist-in-the-Legend\Source & Headers\Debug\link.2668.read.1.tlog
Z:\Projects\The-Myth-of-Ganon-A-Twist-in-the-Legend\Source & Headers\Debug\link.2668.write.1.tlog
Z:\Projects\The-Myth-of-Ganon-A-Twist-in-the-Legend\Source & Headers\Debug\link.2668-cvtres.read.1.tlog
Z:\Projects\The-Myth-of-Ganon-A-Twist-in-the-Legend\Source & Headers\Debug\link.2668-cvtres.write.1.tlog
Z:\Projects\The-Myth-of-Ganon-A-Twist-in-the-Legend\Source & Headers\Debug\link.2692.read.1.tlog
Z:\Projects\The-Myth-of-Ganon-A-Twist-in-the-Legend\Source & Headers\Debug\link.2692.write.1.tlog
Z:\Projects\The-Myth-of-Ganon-A-Twist-in-the-Legend\Source & Headers\Debug\link.2692-cvtres.read.1.tlog
Z:\Projects\The-Myth-of-Ganon-A-Twist-in-the-Legend\Source & Headers\Debug\link.2692-cvtres.write.1.tlog
Z:\Projects\The-Myth-of-Ganon-A-Twist-in-the-Legend\Source & Headers\Debug\link.276.read.1.tlog
Z:\Projects\The-Myth-of-Ganon-A-Twist-in-the-Legend\Source & Headers\Debug\link.276.write.1.tlog
Z:\Projects\The-Myth-of-Ganon-A-Twist-in-the-Legend\Source & Headers\Debug\link.276-cvtres.read.1.tlog
Z:\Projects\The-Myth-of-Ganon-A-Twist-in-the-Legend\Source & Headers\Debug\link.276-cvtres.write.1.tlog
Z:\Projects\The-Myth-of-Ganon-A-Twist-in-the-Legend\Source & Headers\Debug\link.2772.read.1.tlog
Z:\Projects\The-Myth-of-Ganon-A-Twist-in-the-Legend\Source & Headers\Debug\link.2772.write.1.tlog
Z:\Projects\The-Myth-of-Ganon-A-Twist-in-the-Legend\Source & Headers\Debug\link.2772-cvtres.read.1.tlog
Z:\Projects\The-Myth-of-Ganon-A-Twist-in-the-Legend\Source & Headers\Debug\link.2772-cvtres.write.1.tlog
Z:\Projects\The-Myth-of-Ganon-A-Twist-in-the-Legend\Source & Headers\Debug\link.2804.read.1.tlog
Z:\Projects\The-Myth-of-Ganon-A-Twist-in-the-Legend\Source & Headers\Debug\link.2804.write.1.tlog
Z:\Projects\The-Myth-of-Ganon-A-Twist-in-the-Legend\Source & Headers\Debug\link.2804-cvtres.read.1.tlog
Z:\Projects\The-Myth-of-Ganon-A-Twist-in-the-Legend\Source & Headers\Debug\link.2804-cvtres.write.1.tlog
Z:\Projects\The-Myth-of-Ganon-A-Twist-in-the-Legend\Source & Headers\Debug\link.2820.read.1.tlog
Z:\Projects\The-Myth-of-Ganon-A-Twist-in-the-Legend\Source & Headers\Debug\link.2820.write.1.tlog
Z:\Projects\The-Myth-of-Ganon-A-Twist-in-the-Legend\Source & Headers\Debug\link.2820-cvtres.read.1.tlog
Z:\Projects\The-Myth-of-Ganon-A-Twist-in-the-Legend\Source & Headers\Debug\link.2820-cvtres.write.1.tlog
Z:\Projects\The-Myth-of-Ganon-A-Twist-in-the-Legend\Source & Headers\Debug\link.2824.read.1.tlog
Z:\Projects\The-Myth-of-Ganon-A-Twist-in-the-Legend\Source & Headers\Debug\link.2824.write.1.tlog
Z:\Projects\The-Myth-of-Ganon-A-Twist-in-the-Legend\Source & Headers\Debug\link.2824-cvtres.read.1.tlog
Z:\Projects\The-Myth-of-Ganon-A-Twist-in-the-Legend\Source & Headers\Debug\link.2824-cvtres.write.1.tlog
Z:\Projects\The-Myth-of-Ganon-A-Twist-in-the-Legend\Source & Headers\Debug\link.2832.read.1.tlog
Z:\Projects\The-Myth-of-Ganon-A-Twist-in-the-Legend\Source & Headers\Debug\link.2832.write.1.tlog
Z:\Projects\The-Myth-of-Ganon-A-Twist-in-the-Legend\Source & Headers\Debug\link.2832-cvtres.read.1.tlog
Z:\Projects\The-Myth-of-Ganon-A-Twist-in-the-Legend\Source & Headers\Debug\link.2832-cvtres.write.1.tlog
Z:\Projects\The-Myth-of-Ganon-A-Twist-in-the-Legend\Source & Headers\Debug\link.2836.read.1.tlog
Z:\Projects\The-Myth-of-Ganon-A-Twist-in-the-Legend\Source & Headers\Debug\link.2836.write.1.tlog
Z:\Projects\The-Myth-of-Ganon-A-Twist-in-the-Legend\Source & Headers\Debug\link.2836-cvtres.read.1.tlog
Z:\Projects\The-Myth-of-Ganon-A-Twist-in-the-Legend\Source & Headers\Debug\link.2836-cvtres.write.1.tlog
Z:\Projects\The-Myth-of-Ganon-A-Twist-in-the-Legend\Source & Headers\Debug\link.2880.read.1.tlog
Z:\Projects\The-Myth-of-Ganon-A-Twist-in-the-Legend\Source & Headers\Debug\link.2880.write.1.tlog
Z:\Projects\The-Myth-of-Ganon-A-Twist-in-the-Legend\Source & Headers\Debug\link.2880-cvtres.read.1.tlog
Z:\Projects\The-Myth-of-Ganon-A-Twist-in-the-Legend\Source & Headers\Debug\link.2880-cvtres.write.1.tlog
Z:\Projects\The-Myth-of-Ganon-A-Twist-in-the-Legend\Source & Headers\Debug\link.2948.read.1.tlog
Z:\Projects\The-Myth-of-Ganon-A-Twist-in-the-Legend\Source & Headers\Debug\link.2948.write.1.tlog
Z:\Projects\The-Myth-of-Ganon-A-Twist-in-the-Legend\Source & Headers\Debug\link.2948-cvtres.read.1.tlog
Z:\Projects\The-Myth-of-Ganon-A-Twist-in-the-Legend\Source & Headers\Debug\link.2948-cvtres.write.1.tlog
Z:\Projects\The-Myth-of-Ganon-A-Twist-in-the-Legend\Source & Headers\Debug\link.2960.read.1.tlog
Z:\Projects\The-Myth-of-Ganon-A-Twist-in-the-Legend\Source & Headers\Debug\link.2960.write.1.tlog
Z:\Projects\The-Myth-of-Ganon-A-Twist-in-the-Legend\Source & Headers\Debug\link.2960-cvtres.read.1.tlog
Z:\Projects\The-Myth-of-Ganon-A-Twist-in-the-Legend\Source & Headers\Debug\link.2960-cvtres.write.1.tlog
Z:\Projects\The-Myth-of-Ganon-A-Twist-in-the-Legend\Source & Headers\Debug\link.2988.read.1.tlog
Z:\Projects\The-Myth-of-Ganon-A-Twist-in-the-Legend\Source & Headers\Debug\link.2988.write.1.tlog
Z:\Projects\The-Myth-of-Ganon-A-Twist-in-the-Legend\Source & Headers\Debug\link.2988-cvtres.read.1.tlog
Z:\Projects\The-Myth-of-Ganon-A-Twist-in-the-Legend\Source & Headers\Debug\link.2988-cvtres.write.1.tlog
Z:\Projects\The-Myth-of-Ganon-A-Twist-in-the-Legend\Source & Headers\Debug\link.3020.read.1.tlog
Z:\Projects\The-Myth-of-Ganon-A-Twist-in-the-Legend\Source & Headers\Debug\link.3020.write.1.tlog
Z:\Projects\The-Myth-of-Ganon-A-Twist-in-the-Legend\Source & Headers\Debug\link.3020-cvtres.read.1.tlog
Z:\Projects\The-Myth-of-Ganon-A-Twist-in-the-Legend\Source & Headers\Debug\link.3020-cvtres.write.1.tlog
Z:\Projects\The-Myth-of-Ganon-A-Twist-in-the-Legend\Source & Headers\Debug\link.3024.read.1.tlog
Z:\Projects\The-Myth-of-Ganon-A-Twist-in-the-Legend\Source & Headers\Debug\link.3024.write.1.tlog
Z:\Projects\The-Myth-of-Ganon-A-Twist-in-the-Legend\Source & Headers\Debug\link.3024-cvtres.read.1.tlog
Z:\Projects\The-Myth-of-Ganon-A-Twist-in-the-Legend\Source & Headers\Debug\link.3024-cvtres.write.1.tlog
Z:\Projects\The-Myth-of-Ganon-A-Twist-in-the-Legend\Source & Headers\Debug\link.3036.read.1.tlog
Z:\Projects\The-Myth-of-Ganon-A-Twist-in-the-Legend\Source & Headers\Debug\link.3036.write.1.tlog
Z:\Projects\The-Myth-of-Ganon-A-Twist-in-the-Legend\Source & Headers\Debug\link.3036-cvtres.read.1.tlog
Z:\Projects\The-Myth-of-Ganon-A-Twist-in-the-Legend\Source & Headers\Debug\link.3036-cvtres.write.1.tlog
Z:\Projects\The-Myth-of-Ganon-A-Twist-in-the-Legend\Source & Headers\Debug\link.3060.read.1.tlog
Z:\Projects\The-Myth-of-Ganon-A-Twist-in-the-Legend\Source & Headers\Debug\link.3060.write.1.tlog
Z:\Projects\The-Myth-of-Ganon-A-Twist-in-the-Legend\Source & Headers\Debug\link.3060-cvtres.read.1.tlog
Z:\Projects\The-Myth-of-Ganon-A-Twist-in-the-Legend\Source & Headers\Debug\link.3060-cvtres.write.1.tlog
Z:\Projects\The-Myth-of-Ganon-A-Twist-in-the-Legend\Source & Headers\Debug\link.3068.read.1.tlog
Z:\Projects\The-Myth-of-Ganon-A-Twist-in-the-Legend\Source & Headers\Debug\link.3068.write.1.tlog
Z:\Projects\The-Myth-of-Ganon-A-Twist-in-the-Legend\Source & Headers\Debug\link.3068-cvtres.read.1.tlog
Z:\Projects\The-Myth-of-Ganon-A-Twist-in-the-Legend\Source & Headers\Debug\link.3068-cvtres.write.1.tlog
Z:\Projects\The-Myth-of-Ganon-A-Twist-in-the-Legend\Source & Headers\Debug\link.3088.read.1.tlog
Z:\Projects\The-Myth-of-Ganon-A-Twist-in-the-Legend\Source & Headers\Debug\link.3088.write.1.tlog
Z:\Projects\The-Myth-of-Ganon-A-Twist-in-the-Legend\Source & Headers\Debug\link.3088-cvtres.read.1.tlog
Z:\Projects\The-Myth-of-Ganon-A-Twist-in-the-Legend\Source & Headers\Debug\link.3088-cvtres.write.1.tlog
Z:\Projects\The-Myth-of-Ganon-A-Twist-in-the-Legend\Source & Headers\Debug\link.3116.read.1.tlog
Z:\Projects\The-Myth-of-Ganon-A-Twist-in-the-Legend\Source & Headers\Debug\link.3116.write.1.tlog
Z:\Projects\The-Myth-of-Ganon-A-Twist-in-the-Legend\Source & Headers\Debug\link.3116-cvtres.read.1.tlog
Z:\Projects\The-Myth-of-Ganon-A-Twist-in-the-Legend\Source & Headers\Debug\link.3116-cvtres.write.1.tlog
Z:\Projects\The-Myth-of-Ganon-A-Twist-in-the-Legend\Source & Headers\Debug\link.3180.read.1.tlog
Z:\Projects\The-Myth-of-Ganon-A-Twist-in-the-Legend\Source & Headers\Debug\link.3180.write.1.tlog
Z:\Projects\The-Myth-of-Ganon-A-Twist-in-the-Legend\Source & Headers\Debug\link.3180-cvtres.read.1.tlog
Z:\Projects\The-Myth-of-Ganon-A-Twist-in-the-Legend\Source & Headers\Debug\link.3180-cvtres.write.1.tlog
Z:\Projects\The-Myth-of-Ganon-A-Twist-in-the-Legend\Source & Headers\Debug\link.3216.read.1.tlog
Z:\Projects\The-Myth-of-Ganon-A-Twist-in-the-Legend\Source & Headers\Debug\link.3216.write.1.tlog
Z:\Projects\The-Myth-of-Ganon-A-Twist-in-the-Legend\Source & Headers\Debug\link.3216-cvtres.read.1.tlog
Z:\Projects\The-Myth-of-Ganon-A-Twist-in-the-Legend\Source & Headers\Debug\link.3216-cvtres.write.1.tlog
Z:\Projects\The-Myth-of-Ganon-A-Twist-in-the-Legend\Source & Headers\Debug\link.3256.read.1.tlog
Z:\Projects\The-Myth-of-Ganon-A-Twist-in-the-Legend\Source & Headers\Debug\link.3256.write.1.tlog
Z:\Projects\The-Myth-of-Ganon-A-Twist-in-the-Legend\Source & Headers\Debug\link.3256-cvtres.read.1.tlog
Z:\Projects\The-Myth-of-Ganon-A-Twist-in-the-Legend\Source & Headers\Debug\link.3256-cvtres.write.1.tlog
Z:\Projects\The-Myth-of-Ganon-A-Twist-in-the-Legend\Source & Headers\Debug\link.3280.read.1.tlog
Z:\Projects\The-Myth-of-Ganon-A-Twist-in-the-Legend\Source & Headers\Debug\link.3280.write.1.tlog
Z:\Projects\The-Myth-of-Ganon-A-Twist-in-the-Legend\Source & Headers\Debug\link.3280-cvtres.read.1.tlog
Z:\Projects\The-Myth-of-Ganon-A-Twist-in-the-Legend\Source & Headers\Debug\link.3280-cvtres.write.1.tlog
Z:\Projects\The-Myth-of-Ganon-A-Twist-in-the-Legend\Source & Headers\Debug\link.3284.read.1.tlog
Z:\Projects\The-Myth-of-Ganon-A-Twist-in-the-Legend\Source & Headers\Debug\link.3284.write.1.tlog
Z:\Projects\The-Myth-of-Ganon-A-Twist-in-the-Legend\Source & Headers\Debug\link.3284-cvtres.read.1.tlog
Z:\Projects\The-Myth-of-Ganon-A-Twist-in-the-Legend\Source & Headers\Debug\link.3284-cvtres.write.1.tlog
Z:\Projects\The-Myth-of-Ganon-A-Twist-in-the-Legend\Source & Headers\Debug\link.3288.read.1.tlog
Z:\Projects\The-Myth-of-Ganon-A-Twist-in-the-Legend\Source & Headers\Debug\link.3288.write.1.tlog
Z:\Projects\The-Myth-of-Ganon-A-Twist-in-the-Legend\Source & Headers\Debug\link.3288-cvtres.read.1.tlog
Z:\Projects\The-Myth-of-Ganon-A-Twist-in-the-Legend\Source & Headers\Debug\link.3288-cvtres.write.1.tlog
Z:\Projects\The-Myth-of-Ganon-A-Twist-in-the-Legend\Source & Headers\Debug\link.3324.read.1.tlog
Z:\Projects\The-Myth-of-Ganon-A-Twist-in-the-Legend\Source & Headers\Debug\link.3324.write.1.tlog
Z:\Projects\The-Myth-of-Ganon-A-Twist-in-the-Legend\Source & Headers\Debug\link.3324-cvtres.read.1.tlog
Z:\Projects\The-Myth-of-Ganon-A-Twist-in-the-Legend\Source & Headers\Debug\link.3324-cvtres.write.1.tlog
Z:\Projects\The-Myth-of-Ganon-A-Twist-in-the-Legend\Source & Headers\Debug\link.3340.read.1.tlog
Z:\Projects\The-Myth-of-Ganon-A-Twist-in-the-Legend\Source & Headers\Debug\link.3340.write.1.tlog
Z:\Projects\The-Myth-of-Ganon-A-Twist-in-the-Legend\Source & Headers\Debug\link.3340-cvtres.read.1.tlog
Z:\Projects\The-Myth-of-Ganon-A-Twist-in-the-Legend\Source & Headers\Debug\link.3340-cvtres.write.1.tlog
Z:\Projects\The-Myth-of-Ganon-A-Twist-in-the-Legend\Source & Headers\Debug\link.3344.read.1.tlog
Z:\Projects\The-Myth-of-Ganon-A-Twist-in-the-Legend\Source & Headers\Debug\link.3344.write.1.tlog
Z:\Projects\The-Myth-of-Ganon-A-Twist-in-the-Legend\Source & Headers\Debug\link.3344-cvtres.read.1.tlog
Z:\Projects\The-Myth-of-Ganon-A-Twist-in-the-Legend\Source & Headers\Debug\link.3344-cvtres.write.1.tlog
Z:\Projects\The-Myth-of-Ganon-A-Twist-in-the-Legend\Source & Headers\Debug\link.3352.read.1.tlog
Z:\Projects\The-Myth-of-Ganon-A-Twist-in-the-Legend\Source & Headers\Debug\link.3352.write.1.tlog
Z:\Projects\The-Myth-of-Ganon-A-Twist-in-the-Legend\Source & Headers\Debug\link.3352-cvtres.read.1.tlog
Z:\Projects\The-Myth-of-Ganon-A-Twist-in-the-Legend\Source & Headers\Debug\link.3352-cvtres.write.1.tlog
Z:\Projects\The-Myth-of-Ganon-A-Twist-in-the-Legend\Source & Headers\Debug\link.3372.read.1.tlog
Z:\Projects\The-Myth-of-Ganon-A-Twist-in-the-Legend\Source & Headers\Debug\link.3372.write.1.tlog
Z:\Projects\The-Myth-of-Ganon-A-Twist-in-the-Legend\Source & Headers\Debug\link.3372-cvtres.read.1.tlog
Z:\Projects\The-Myth-of-Ganon-A-Twist-in-the-Legend\Source & Headers\Debug\link.3372-cvtres.write.1.tlog
Z:\Projects\The-Myth-of-Ganon-A-Twist-in-the-Legend\Source & Headers\Debug\link.3416.read.1.tlog
Z:\Projects\The-Myth-of-Ganon-A-Twist-in-the-Legend\Source & Headers\Debug\link.3416.write.1.tlog
Z:\Projects\The-Myth-of-Ganon-A-Twist-in-the-Legend\Source & Headers\Debug\link.3416-cvtres.read.1.tlog
Z:\Projects\The-Myth-of-Ganon-A-Twist-in-the-Legend\Source & Headers\Debug\link.3416-cvtres.write.1.tlog
Z:\Projects\The-Myth-of-Ganon-A-Twist-in-the-Legend\Source & Headers\Debug\link.3444.read.1.tlog
Z:\Projects\The-Myth-of-Ganon-A-Twist-in-the-Legend\Source & Headers\Debug\link.3444.write.1.tlog
Z:\Projects\The-Myth-of-Ganon-A-Twist-in-the-Legend\Source & Headers\Debug\link.3444-cvtres.read.1.tlog
Z:\Projects\The-Myth-of-Ganon-A-Twist-in-the-Legend\Source & Headers\Debug\link.3444-cvtres.write.1.tlog
Z:\Projects\The-Myth-of-Ganon-A-Twist-in-the-Legend\Source & Headers\Debug\link.3512.read.1.tlog
Z:\Projects\The-Myth-of-Ganon-A-Twist-in-the-Legend\Source & Headers\Debug\link.3512.write.1.tlog
Z:\Projects\The-Myth-of-Ganon-A-Twist-in-the-Legend\Source & Headers\Debug\link.3512-cvtres.read.1.tlog
Z:\Projects\The-Myth-of-Ganon-A-Twist-in-the-Legend\Source & Headers\Debug\link.3512-cvtres.write.1.tlog
Z:\Projects\The-Myth-of-Ganon-A-Twist-in-the-Legend\Source & Headers\Debug\link.3516.read.1.tlog
Z:\Projects\The-Myth-of-Ganon-A-Twist-in-the-Legend\Source & Headers\Debug\link.3516.write.1.tlog
Z:\Projects\The-Myth-of-Ganon-A-Twist-in-the-Legend\Source & Headers\Debug\link.3516-cvtres.read.1.tlog
Z:\Projects\The-Myth-of-Ganon-A-Twist-in-the-Legend\Source & Headers\Debug\link.3516-cvtres.write.1.tlog
Z:\Projects\The-Myth-of-Ganon-A-Twist-in-the-Legend\Source & Headers\Debug\link.3556.read.1.tlog
Z:\Projects\The-Myth-of-Ganon-A-Twist-in-the-Legend\Source & Headers\Debug\link.3556.write.1.tlog
Z:\Projects\The-Myth-of-Ganon-A-Twist-in-the-Legend\Source & Headers\Debug\link.3556-cvtres.read.1.tlog
Z:\Projects\The-Myth-of-Ganon-A-Twist-in-the-Legend\Source & Headers\Debug\link.3556-cvtres.write.1.tlog
Z:\Projects\The-Myth-of-Ganon-A-Twist-in-the-Legend\Source & Headers\Debug\link.3580.read.1.tlog
Z:\Projects\The-Myth-of-Ganon-A-Twist-in-the-Legend\Source & Headers\Debug\link.3580.write.1.tlog
Z:\Projects\The-Myth-of-Ganon-A-Twist-in-the-Legend\Source & Headers\Debug\link.3580-cvtres.read.1.tlog
Z:\Projects\The-Myth-of-Ganon-A-Twist-in-the-Legend\Source & Headers\Debug\link.3580-cvtres.write.1.tlog
Z:\Projects\The-Myth-of-Ganon-A-Twist-in-the-Legend\Source & Headers\Debug\link.3692.read.1.tlog
Z:\Projects\The-Myth-of-Ganon-A-Twist-in-the-Legend\Source & Headers\Debug\link.3692.write.1.tlog
Z:\Projects\The-Myth-of-Ganon-A-Twist-in-the-Legend\Source & Headers\Debug\link.3692-cvtres.read.1.tlog
Z:\Projects\The-Myth-of-Ganon-A-Twist-in-the-Legend\Source & Headers\Debug\link.3692-cvtres.write.1.tlog
Z:\Projects\The-Myth-of-Ganon-A-Twist-in-the-Legend\Source & Headers\Debug\link.3704.read.1.tlog
Z:\Projects\The-Myth-of-Ganon-A-Twist-in-the-Legend\Source & Headers\Debug\link.3704.write.1.tlog
Z:\Projects\The-Myth-of-Ganon-A-Twist-in-the-Legend\Source & Headers\Debug\link.3704-cvtres.read.1.tlog
Z:\Projects\The-Myth-of-Ganon-A-Twist-in-the-Legend\Source & Headers\Debug\link.3704-cvtres.write.1.tlog
Z:\Projects\The-Myth-of-Ganon-A-Twist-in-the-Legend\Source & Headers\Debug\link.3748.read.1.tlog
Z:\Projects\The-Myth-of-Ganon-A-Twist-in-the-Legend\Source & Headers\Debug\link.3748.write.1.tlog
Z:\Projects\The-Myth-of-Ganon-A-Twist-in-the-Legend\Source & Headers\Debug\link.3748-cvtres.read.1.tlog
Z:\Projects\The-Myth-of-Ganon-A-Twist-in-the-Legend\Source & Headers\Debug\link.3748-cvtres.write.1.tlog
Z:\Projects\The-Myth-of-Ganon-A-Twist-in-the-Legend\Source & Headers\Debug\link.3780.read.1.tlog
Z:\Projects\The-Myth-of-Ganon-A-Twist-in-the-Legend\Source & Headers\Debug\link.3780.write.1.tlog
Z:\Projects\The-Myth-of-Ganon-A-Twist-in-the-Legend\Source & Headers\Debug\link.3780-cvtres.read.1.tlog
Z:\Projects\The-Myth-of-Ganon-A-Twist-in-the-Legend\Source & Headers\Debug\link.3780-cvtres.write.1.tlog
Z:\Projects\The-Myth-of-Ganon-A-Twist-in-the-Legend\Source & Headers\Debug\link.3868.read.1.tlog
Z:\Projects\The-Myth-of-Ganon-A-Twist-in-the-Legend\Source & Headers\Debug\link.3868.write.1.tlog
Z:\Projects\The-Myth-of-Ganon-A-Twist-in-the-Legend\Source & Headers\Debug\link.3868-cvtres.read.1.tlog
Z:\Projects\The-Myth-of-Ganon-A-Twist-in-the-Legend\Source & Headers\Debug\link.3868-cvtres.write.1.tlog
Z:\Projects\The-Myth-of-Ganon-A-Twist-in-the-Legend\Source & Headers\Debug\link.3880.read.1.tlog
Z:\Projects\The-Myth-of-Ganon-A-Twist-in-the-Legend\Source & Headers\Debug\link.3880.write.1.tlog
Z:\Projects\The-Myth-of-Ganon-A-Twist-in-the-Legend\Source & Headers\Debug\link.3880-cvtres.read.1.tlog
Z:\Projects\The-Myth-of-Ganon-A-Twist-in-the-Legend\Source & Headers\Debug\link.3880-cvtres.write.1.tlog
Z:\Projects\The-Myth-of-Ganon-A-Twist-in-the-Legend\Source & Headers\Debug\link.3900.read.1.tlog
Z:\Projects\The-Myth-of-Ganon-A-Twist-in-the-Legend\Source & Headers\Debug\link.3900.write.1.tlog
Z:\Projects\The-Myth-of-Ganon-A-Twist-in-the-Legend\Source & Headers\Debug\link.3900-cvtres.read.1.tlog
Z:\Projects\The-Myth-of-Ganon-A-Twist-in-the-Legend\Source & Headers\Debug\link.3900-cvtres.write.1.tlog
Z:\Projects\The-Myth-of-Ganon-A-Twist-in-the-Legend\Source & Headers\Debug\link.3904.read.1.tlog
Z:\Projects\The-Myth-of-Ganon-A-Twist-in-the-Legend\Source & Headers\Debug\link.3904.write.1.tlog
Z:\Projects\The-Myth-of-Ganon-A-Twist-in-the-Legend\Source & Headers\Debug\link.3904-cvtres.read.1.tlog
Z:\Projects\The-Myth-of-Ganon-A-Twist-in-the-Legend\Source & Headers\Debug\link.3904-cvtres.write.1.tlog
Z:\Projects\The-Myth-of-Ganon-A-Twist-in-the-Legend\Source & Headers\Debug\link.3908.read.1.tlog
Z:\Projects\The-Myth-of-Ganon-A-Twist-in-the-Legend\Source & Headers\Debug\link.3908.write.1.tlog
Z:\Projects\The-Myth-of-Ganon-A-Twist-in-the-Legend\Source & Headers\Debug\link.3908-cvtres.read.1.tlog
Z:\Projects\The-Myth-of-Ganon-A-Twist-in-the-Legend\Source & Headers\Debug\link.3908-cvtres.write.1.tlog
Z:\Projects\The-Myth-of-Ganon-A-Twist-in-the-Legend\Source & Headers\Debug\link.3916.read.1.tlog
Z:\Projects\The-Myth-of-Ganon-A-Twist-in-the-Legend\Source & Headers\Debug\link.3916.write.1.tlog
Z:\Projects\The-Myth-of-Ganon-A-Twist-in-the-Legend\Source & Headers\Debug\link.3916-cvtres.read.1.tlog
Z:\Projects\The-Myth-of-Ganon-A-Twist-in-the-Legend\Source & Headers\Debug\link.3916-cvtres.write.1.tlog
Z:\Projects\The-Myth-of-Ganon-A-Twist-in-the-Legend\Source & Headers\Debug\link.3948.read.1.tlog
Z:\Projects\The-Myth-of-Ganon-A-Twist-in-the-Legend\Source & Headers\Debug\link.3948.write.1.tlog
Z:\Projects\The-Myth-of-Ganon-A-Twist-in-the-Legend\Source & Headers\Debug\link.3948-cvtres.read.1.tlog
Z:\Projects\The-Myth-of-Ganon-A-Twist-in-the-Legend\Source & Headers\Debug\link.3948-cvtres.write.1.tlog
Z:\Projects\The-Myth-of-Ganon-A-Twist-in-the-Legend\Source & Headers\Debug\link.3960.read.1.tlog
Z:\Projects\The-Myth-of-Ganon-A-Twist-in-the-Legend\Source & Headers\Debug\link.3960.write.1.tlog
Z:\Projects\The-Myth-of-Ganon-A-Twist-in-the-Legend\Source & Headers\Debug\link.3960-cvtres.read.1.tlog
Z:\Projects\The-Myth-of-Ganon-A-Twist-in-the-Legend\Source & Headers\Debug\link.3960-cvtres.write.1.tlog
Z:\Projects\The-Myth-of-Ganon-A-Twist-in-the-Legend\Source & Headers\Debug\link.3964.read.1.tlog
Z:\Projects\The-Myth-of-Ganon-A-Twist-in-the-Legend\Source & Headers\Debug\link.3964.write.1.tlog
Z:\Projects\The-Myth-of-Ganon-A-Twist-in-the-Legend\Source & Headers\Debug\link.3964-cvtres.read.1.tlog
Z:\Projects\The-Myth-of-Ganon-A-Twist-in-the-Legend\Source & Headers\Debug\link.3964-cvtres.write.1.tlog
Z:\Projects\The-Myth-of-Ganon-A-Twist-in-the-Legend\Source & Headers\Debug\link.4044.read.1.tlog
Z:\Projects\The-Myth-of-Ganon-A-Twist-in-the-Legend\Source & Headers\Debug\link.4044.write.1.tlog
Z:\Projects\The-Myth-of-Ganon-A-Twist-in-the-Legend\Source & Headers\Debug\link.4044-cvtres.read.1.tlog
Z:\Projects\The-Myth-of-Ganon-A-Twist-in-the-Legend\Source & Headers\Debug\link.4044-cvtres.write.1.tlog
Z:\Projects\The-Myth-of-Ganon-A-Twist-in-the-Legend\Source & Headers\Debug\link.4048.read.1.tlog
Z:\Projects\The-Myth-of-Ganon-A-Twist-in-the-Legend\Source & Headers\Debug\link.4048.write.1.tlog
Z:\Projects\The-Myth-of-Ganon-A-Twist-in-the-Legend\Source & Headers\Debug\link.4048-cvtres.read.1.tlog
Z:\Projects\The-Myth-of-Ganon-A-Twist-in-the-Legend\Source & Headers\Debug\link.4048-cvtres.write.1.tlog
Z:\Projects\The-Myth-of-Ganon-A-Twist-in-the-Legend\Source & Headers\Debug\link.4084.read.1.tlog
Z:\Projects\The-Myth-of-Ganon-A-Twist-in-the-Legend\Source & Headers\Debug\link.4084.write.1.tlog
Z:\Projects\The-Myth-of-Ganon-A-Twist-in-the-Legend\Source & Headers\Debug\link.4084-cvtres.read.1.tlog
Z:\Projects\The-Myth-of-Ganon-A-Twist-in-the-Legend\Source & Headers\Debug\link.4084-cvtres.write.1.tlog
Z:\Projects\The-Myth-of-Ganon-A-Twist-in-the-Legend\Source & Headers\Debug\link.4100.read.1.tlog
Z:\Projects\The-Myth-of-Ganon-A-Twist-in-the-Legend\Source & Headers\Debug\link.4100.write.1.tlog
Z:\Projects\The-Myth-of-Ganon-A-Twist-in-the-Legend\Source & Headers\Debug\link.4100-cvtres.read.1.tlog
Z:\Projects\The-Myth-of-Ganon-A-Twist-in-the-Legend\Source & Headers\Debug\link.4100-cvtres.write.1.tlog
Z:\Projects\The-Myth-of-Ganon-A-Twist-in-the-Legend\Source & Headers\Debug\link.4152.read.1.tlog
Z:\Projects\The-Myth-of-Ganon-A-Twist-in-the-Legend\Source & Headers\Debug\link.4152.write.1.tlog
Z:\Projects\The-Myth-of-Ganon-A-Twist-in-the-Legend\Source & Headers\Debug\link.4152-cvtres.read.1.tlog
Z:\Projects\The-Myth-of-Ganon-A-Twist-in-the-Legend\Source & Headers\Debug\link.4152-cvtres.write.1.tlog
Z:\Projects\The-Myth-of-Ganon-A-Twist-in-the-Legend\Source & Headers\Debug\link.4188.read.1.tlog
Z:\Projects\The-Myth-of-Ganon-A-Twist-in-the-Legend\Source & Headers\Debug\link.4188.write.1.tlog
Z:\Projects\The-Myth-of-Ganon-A-Twist-in-the-Legend\Source & Headers\Debug\link.4188-cvtres.read.1.tlog
Z:\Projects\The-Myth-of-Ganon-A-Twist-in-the-Legend\Source & Headers\Debug\link.4188-cvtres.write.1.tlog
Z:\Projects\The-Myth-of-Ganon-A-Twist-in-the-Legend\Source & Headers\Debug\link.4240.read.1.tlog
Z:\Projects\The-Myth-of-Ganon-A-Twist-in-the-Legend\Source & Headers\Debug\link.4240.write.1.tlog
Z:\Projects\The-Myth-of-Ganon-A-Twist-in-the-Legend\Source & Headers\Debug\link.4240-cvtres.read.1.tlog
Z:\Projects\The-Myth-of-Ganon-A-Twist-in-the-Legend\Source & Headers\Debug\link.4240-cvtres.write.1.tlog
Z:\Projects\The-Myth-of-Ganon-A-Twist-in-the-Legend\Source & Headers\Debug\link.4244.read.1.tlog
Z:\Projects\The-Myth-of-Ganon-A-Twist-in-the-Legend\Source & Headers\Debug\link.4244.write.1.tlog
Z:\Projects\The-Myth-of-Ganon-A-Twist-in-the-Legend\Source & Headers\Debug\link.4244-cvtres.read.1.tlog
Z:\Projects\The-Myth-of-Ganon-A-Twist-in-the-Legend\Source & Headers\Debug\link.4244-cvtres.write.1.tlog
Z:\Projects\The-Myth-of-Ganon-A-Twist-in-the-Legend\Source & Headers\Debug\link.4264.read.1.tlog
Z:\Projects\The-Myth-of-Ganon-A-Twist-in-the-Legend\Source & Headers\Debug\link.4264.write.1.tlog
Z:\Projects\The-Myth-of-Ganon-A-Twist-in-the-Legend\Source & Headers\Debug\link.4264-cvtres.read.1.tlog
Z:\Projects\The-Myth-of-Ganon-A-Twist-in-the-Legend\Source & Headers\Debug\link.4264-cvtres.write.1.tlog
Z:\Projects\The-Myth-of-Ganon-A-Twist-in-the-Legend\Source & Headers\Debug\link.4280.read.1.tlog
Z:\Projects\The-Myth-of-Ganon-A-Twist-in-the-Legend\Source & Headers\Debug\link.4280.write.1.tlog
Z:\Projects\The-Myth-of-Ganon-A-Twist-in-the-Legend\Source & Headers\Debug\link.4280-cvtres.read.1.tlog
Z:\Projects\The-Myth-of-Ganon-A-Twist-in-the-Legend\Source & Headers\Debug\link.4280-cvtres.write.1.tlog
Z:\Projects\The-Myth-of-Ganon-A-Twist-in-the-Legend\Source & Headers\Debug\link.4288.read.1.tlog
Z:\Projects\The-Myth-of-Ganon-A-Twist-in-the-Legend\Source & Headers\Debug\link.4288.write.1.tlog
Z:\Projects\The-Myth-of-Ganon-A-Twist-in-the-Legend\Source & Headers\Debug\link.4288-cvtres.read.1.tlog
Z:\Projects\The-Myth-of-Ganon-A-Twist-in-the-Legend\Source & Headers\Debug\link.4288-cvtres.write.1.tlog
Z:\Projects\The-Myth-of-Ganon-A-Twist-in-the-Legend\Source & Headers\Debug\link.4304.read.1.tlog
Z:\Projects\The-Myth-of-Ganon-A-Twist-in-the-Legend\Source & Headers\Debug\link.4304.write.1.tlog
Z:\Projects\The-Myth-of-Ganon-A-Twist-in-the-Legend\Source & Headers\Debug\link.4304-cvtres.read.1.tlog
Z:\Projects\The-Myth-of-Ganon-A-Twist-in-the-Legend\Source & Headers\Debug\link.4304-cvtres.write.1.tlog
Z:\Projects\The-Myth-of-Ganon-A-Twist-in-the-Legend\Source & Headers\Debug\link.4332.read.1.tlog
Z:\Projects\The-Myth-of-Ganon-A-Twist-in-the-Legend\Source & Headers\Debug\link.4332.write.1.tlog
Z:\Projects\The-Myth-of-Ganon-A-Twist-in-the-Legend\Source & Headers\Debug\link.4332-cvtres.read.1.tlog
Z:\Projects\The-Myth-of-Ganon-A-Twist-in-the-Legend\Source & Headers\Debug\link.4332-cvtres.write.1.tlog
Z:\Projects\The-Myth-of-Ganon-A-Twist-in-the-Legend\Source & Headers\Debug\link.436.read.1.tlog
Z:\Projects\The-Myth-of-Ganon-A-Twist-in-the-Legend\Source & Headers\Debug\link.436.write.1.tlog
Z:\Projects\The-Myth-of-Ganon-A-Twist-in-the-Legend\Source & Headers\Debug\link.436-cvtres.read.1.tlog
Z:\Projects\The-Myth-of-Ganon-A-Twist-in-the-Legend\Source & Headers\Debug\link.436-cvtres.write.1.tlog
Z:\Projects\The-Myth-of-Ganon-A-Twist-in-the-Legend\Source & Headers\Debug\link.4436.read.1.tlog
Z:\Projects\The-Myth-of-Ganon-A-Twist-in-the-Legend\Source & Headers\Debug\link.4436.write.1.tlog
Z:\Projects\The-Myth-of-Ganon-A-Twist-in-the-Legend\Source & Headers\Debug\link.4436-cvtres.read.1.tlog
Z:\Projects\The-Myth-of-Ganon-A-Twist-in-the-Legend\Source & Headers\Debug\link.4436-cvtres.write.1.tlog
Z:\Projects\The-Myth-of-Ganon-A-Twist-in-the-Legend\Source & Headers\Debug\link.4448.read.1.tlog
Z:\Projects\The-Myth-of-Ganon-A-Twist-in-the-Legend\Source & Headers\Debug\link.4448.write.1.tlog
Z:\Projects\The-Myth-of-Ganon-A-Twist-in-the-Legend\Source & Headers\Debug\link.4448-cvtres.read.1.tlog
Z:\Projects\The-Myth-of-Ganon-A-Twist-in-the-Legend\Source & Headers\Debug\link.4448-cvtres.write.1.tlog
Z:\Projects\The-Myth-of-Ganon-A-Twist-in-the-Legend\Source & Headers\Debug\link.4460.read.1.tlog
Z:\Projects\The-Myth-of-Ganon-A-Twist-in-the-Legend\Source & Headers\Debug\link.4460.write.1.tlog
Z:\Projects\The-Myth-of-Ganon-A-Twist-in-the-Legend\Source & Headers\Debug\link.4460-cvtres.read.1.tlog
Z:\Projects\The-Myth-of-Ganon-A-Twist-in-the-Legend\Source & Headers\Debug\link.4460-cvtres.write.1.tlog
Z:\Projects\The-Myth-of-Ganon-A-Twist-in-the-Legend\Source & Headers\Debug\link.4488.read.1.tlog
Z:\Projects\The-Myth-of-Ganon-A-Twist-in-the-Legend\Source & Headers\Debug\link.4488.write.1.tlog
Z:\Projects\The-Myth-of-Ganon-A-Twist-in-the-Legend\Source & Headers\Debug\link.4488-cvtres.read.1.tlog
Z:\Projects\The-Myth-of-Ganon-A-Twist-in-the-Legend\Source & Headers\Debug\link.4488-cvtres.write.1.tlog
Z:\Projects\The-Myth-of-Ganon-A-Twist-in-the-Legend\Source & Headers\Debug\link.4500.read.1.tlog
Z:\Projects\The-Myth-of-Ganon-A-Twist-in-the-Legend\Source & Headers\Debug\link.4500.write.1.tlog
Z:\Projects\The-Myth-of-Ganon-A-Twist-in-the-Legend\Source & Headers\Debug\link.4500-cvtres.read.1.tlog
Z:\Projects\The-Myth-of-Ganon-A-Twist-in-the-Legend\Source & Headers\Debug\link.4500-cvtres.write.1.tlog
Z:\Projects\The-Myth-of-Ganon-A-Twist-in-the-Legend\Source & Headers\Debug\link.4548.read.1.tlog
Z:\Projects\The-Myth-of-Ganon-A-Twist-in-the-Legend\Source & Headers\Debug\link.4548.write.1.tlog
Z:\Projects\The-Myth-of-Ganon-A-Twist-in-the-Legend\Source & Headers\Debug\link.4548-cvtres.read.1.tlog
Z:\Projects\The-Myth-of-Ganon-A-Twist-in-the-Legend\Source & Headers\Debug\link.4548-cvtres.write.1.tlog
Z:\Projects\The-Myth-of-Ganon-A-Twist-in-the-Legend\Source & Headers\Debug\link.4616.read.1.tlog
Z:\Projects\The-Myth-of-Ganon-A-Twist-in-the-Legend\Source & Headers\Debug\link.4616.write.1.tlog
Z:\Projects\The-Myth-of-Ganon-A-Twist-in-the-Legend\Source & Headers\Debug\link.4616-cvtres.read.1.tlog
Z:\Projects\The-Myth-of-Ganon-A-Twist-in-the-Legend\Source & Headers\Debug\link.4616-cvtres.write.1.tlog
Z:\Projects\The-Myth-of-Ganon-A-Twist-in-the-Legend\Source & Headers\Debug\link.4672.read.1.tlog
Z:\Projects\The-Myth-of-Ganon-A-Twist-in-the-Legend\Source & Headers\Debug\link.4672.write.1.tlog
Z:\Projects\The-Myth-of-Ganon-A-Twist-in-the-Legend\Source & Headers\Debug\link.4672-cvtres.read.1.tlog
Z:\Projects\The-Myth-of-Ganon-A-Twist-in-the-Legend\Source & Headers\Debug\link.4672-cvtres.write.1.tlog
Z:\Projects\The-Myth-of-Ganon-A-Twist-in-the-Legend\Source & Headers\Debug\link.4700.read.1.tlog
Z:\Projects\The-Myth-of-Ganon-A-Twist-in-the-Legend\Source & Headers\Debug\link.4700.write.1.tlog
Z:\Projects\The-Myth-of-Ganon-A-Twist-in-the-Legend\Source & Headers\Debug\link.4700-cvtres.read.1.tlog
Z:\Projects\The-Myth-of-Ganon-A-Twist-in-the-Legend\Source & Headers\Debug\link.4700-cvtres.write.1.tlog
Z:\Projects\The-Myth-of-Ganon-A-Twist-in-the-Legend\Source & Headers\Debug\link.4716.read.1.tlog
Z:\Projects\The-Myth-of-Ganon-A-Twist-in-the-Legend\Source & Headers\Debug\link.4716.write.1.tlog
Z:\Projects\The-Myth-of-Ganon-A-Twist-in-the-Legend\Source & Headers\Debug\link.4716-cvtres.read.1.tlog
Z:\Projects\The-Myth-of-Ganon-A-Twist-in-the-Legend\Source & Headers\Debug\link.4716-cvtres.write.1.tlog
Z:\Projects\The-Myth-of-Ganon-A-Twist-in-the-Legend\Source & Headers\Debug\link.4740.read.1.tlog
Z:\Projects\The-Myth-of-Ganon-A-Twist-in-the-Legend\Source & Headers\Debug\link.4740.write.1.tlog
Z:\Projects\The-Myth-of-Ganon-A-Twist-in-the-Legend\Source & Headers\Debug\link.4760.read.1.tlog
Z:\Projects\The-Myth-of-Ganon-A-Twist-in-the-Legend\Source & Headers\Debug\link.4760.write.1.tlog
Z:\Projects\The-Myth-of-Ganon-A-Twist-in-the-Legend\Source & Headers\Debug\link.4760-cvtres.read.1.tlog
Z:\Projects\The-Myth-of-Ganon-A-Twist-in-the-Legend\Source & Headers\Debug\link.4760-cvtres.write.1.tlog
Z:\Projects\The-Myth-of-Ganon-A-Twist-in-the-Legend\Source & Headers\Debug\link.4768.read.1.tlog
Z:\Projects\The-Myth-of-Ganon-A-Twist-in-the-Legend\Source & Headers\Debug\link.4768.write.1.tlog
Z:\Projects\The-Myth-of-Ganon-A-Twist-in-the-Legend\Source & Headers\Debug\link.4768-cvtres.read.1.tlog
Z:\Projects\The-Myth-of-Ganon-A-Twist-in-the-Legend\Source & Headers\Debug\link.4768-cvtres.write.1.tlog
Z:\Projects\The-Myth-of-Ganon-A-Twist-in-the-Legend\Source & Headers\Debug\link.4784.read.1.tlog
Z:\Projects\The-Myth-of-Ganon-A-Twist-in-the-Legend\Source & Headers\Debug\link.4784.write.1.tlog
Z:\Projects\The-Myth-of-Ganon-A-Twist-in-the-Legend\Source & Headers\Debug\link.4784-cvtres.read.1.tlog
Z:\Projects\The-Myth-of-Ganon-A-Twist-in-the-Legend\Source & Headers\Debug\link.4784-cvtres.write.1.tlog
Z:\Projects\The-Myth-of-Ganon-A-Twist-in-the-Legend\Source & Headers\Debug\link.4804.read.1.tlog
Z:\Projects\The-Myth-of-Ganon-A-Twist-in-the-Legend\Source & Headers\Debug\link.4804.write.1.tlog
Z:\Projects\The-Myth-of-Ganon-A-Twist-in-the-Legend\Source & Headers\Debug\link.4804-cvtres.read.1.tlog
Z:\Projects\The-Myth-of-Ganon-A-Twist-in-the-Legend\Source & Headers\Debug\link.4804-cvtres.write.1.tlog
Z:\Projects\The-Myth-of-Ganon-A-Twist-in-the-Legend\Source & Headers\Debug\link.4808.read.1.tlog
Z:\Projects\The-Myth-of-Ganon-A-Twist-in-the-Legend\Source & Headers\Debug\link.4808.write.1.tlog
Z:\Projects\The-Myth-of-Ganon-A-Twist-in-the-Legend\Source & Headers\Debug\link.4808-cvtres.read.1.tlog
Z:\Projects\The-Myth-of-Ganon-A-Twist-in-the-Legend\Source & Headers\Debug\link.4808-cvtres.write.1.tlog
Z:\Projects\The-Myth-of-Ganon-A-Twist-in-the-Legend\Source & Headers\Debug\link.4840.read.1.tlog
Z:\Projects\The-Myth-of-Ganon-A-Twist-in-the-Legend\Source & Headers\Debug\link.4840.write.1.tlog
Z:\Projects\The-Myth-of-Ganon-A-Twist-in-the-Legend\Source & Headers\Debug\link.4840-cvtres.read.1.tlog
Z:\Projects\The-Myth-of-Ganon-A-Twist-in-the-Legend\Source & Headers\Debug\link.4840-cvtres.write.1.tlog
Z:\Projects\The-Myth-of-Ganon-A-Twist-in-the-Legend\Source & Headers\Debug\link.4852.read.1.tlog
Z:\Projects\The-Myth-of-Ganon-A-Twist-in-the-Legend\Source & Headers\Debug\link.4852.write.1.tlog
Z:\Projects\The-Myth-of-Ganon-A-Twist-in-the-Legend\Source & Headers\Debug\link.4852-cvtres.read.1.tlog
Z:\Projects\The-Myth-of-Ganon-A-Twist-in-the-Legend\Source & Headers\Debug\link.4852-cvtres.write.1.tlog
Z:\Projects\The-Myth-of-Ganon-A-Twist-in-the-Legend\Source & Headers\Debug\link.4856.read.1.tlog
Z:\Projects\The-Myth-of-Ganon-A-Twist-in-the-Legend\Source & Headers\Debug\link.4856.write.1.tlog
Z:\Projects\The-Myth-of-Ganon-A-Twist-in-the-Legend\Source & Headers\Debug\link.4856-cvtres.read.1.tlog
Z:\Projects\The-Myth-of-Ganon-A-Twist-in-the-Legend\Source & Headers\Debug\link.4856-cvtres.write.1.tlog
Z:\Projects\The-Myth-of-Ganon-A-Twist-in-the-Legend\Source & Headers\Debug\link.4872.read.1.tlog
Z:\Projects\The-Myth-of-Ganon-A-Twist-in-the-Legend\Source & Headers\Debug\link.4872.write.1.tlog
Z:\Projects\The-Myth-of-Ganon-A-Twist-in-the-Legend\Source & Headers\Debug\link.4872-cvtres.read.1.tlog
Z:\Projects\The-Myth-of-Ganon-A-Twist-in-the-Legend\Source & Headers\Debug\link.4872-cvtres.write.1.tlog
Z:\Projects\The-Myth-of-Ganon-A-Twist-in-the-Legend\Source & Headers\Debug\link.4888.read.1.tlog
Z:\Projects\The-Myth-of-Ganon-A-Twist-in-the-Legend\Source & Headers\Debug\link.4888.write.1.tlog
Z:\Projects\The-Myth-of-Ganon-A-Twist-in-the-Legend\Source & Headers\Debug\link.4888-cvtres.read.1.tlog
Z:\Projects\The-Myth-of-Ganon-A-Twist-in-the-Legend\Source & Headers\Debug\link.4888-cvtres.write.1.tlog
Z:\Projects\The-Myth-of-Ganon-A-Twist-in-the-Legend\Source & Headers\Debug\link.4892.read.1.tlog
Z:\Projects\The-Myth-of-Ganon-A-Twist-in-the-Legend\Source & Headers\Debug\link.4892.write.1.tlog
Z:\Projects\The-Myth-of-Ganon-A-Twist-in-the-Legend\Source & Headers\Debug\link.4892-cvtres.read.1.tlog
Z:\Projects\The-Myth-of-Ganon-A-Twist-in-the-Legend\Source & Headers\Debug\link.4892-cvtres.write.1.tlog
Z:\Projects\The-Myth-of-Ganon-A-Twist-in-the-Legend\Source & Headers\Debug\link.4908.read.1.tlog
Z:\Projects\The-Myth-of-Ganon-A-Twist-in-the-Legend\Source & Headers\Debug\link.4908.write.1.tlog
Z:\Projects\The-Myth-of-Ganon-A-Twist-in-the-Legend\Source & Headers\Debug\link.4908-cvtres.read.1.tlog
Z:\Projects\The-Myth-of-Ganon-A-Twist-in-the-Legend\Source & Headers\Debug\link.4908-cvtres.write.1.tlog
Z:\Projects\The-Myth-of-Ganon-A-Twist-in-the-Legend\Source & Headers\Debug\link.4916.read.1.tlog
Z:\Projects\The-Myth-of-Ganon-A-Twist-in-the-Legend\Source & Headers\Debug\link.4916.write.1.tlog
Z:\Projects\The-Myth-of-Ganon-A-Twist-in-the-Legend\Source & Headers\Debug\link.4916-cvtres.read.1.tlog
Z:\Projects\The-Myth-of-Ganon-A-Twist-in-the-Legend\Source & Headers\Debug\link.4916-cvtres.write.1.tlog
Z:\Projects\The-Myth-of-Ganon-A-Twist-in-the-Legend\Source & Headers\Debug\link.4936.read.1.tlog
Z:\Projects\The-Myth-of-Ganon-A-Twist-in-the-Legend\Source & Headers\Debug\link.4936.write.1.tlog
Z:\Projects\The-Myth-of-Ganon-A-Twist-in-the-Legend\Source & Headers\Debug\link.4936-cvtres.read.1.tlog
Z:\Projects\The-Myth-of-Ganon-A-Twist-in-the-Legend\Source & Headers\Debug\link.4936-cvtres.write.1.tlog
Z:\Projects\The-Myth-of-Ganon-A-Twist-in-the-Legend\Source & Headers\Debug\link.4952.read.1.tlog
Z:\Projects\The-Myth-of-Ganon-A-Twist-in-the-Legend\Source & Headers\Debug\link.4952.write.1.tlog
Z:\Projects\The-Myth-of-Ganon-A-Twist-in-the-Legend\Source & Headers\Debug\link.4952-cvtres.read.1.tlog
Z:\Projects\The-Myth-of-Ganon-A-Twist-in-the-Legend\Source & Headers\Debug\link.4952-cvtres.write.1.tlog
Z:\Projects\The-Myth-of-Ganon-A-Twist-in-the-Legend\Source & Headers\Debug\link.4956.read.1.tlog
Z:\Projects\The-Myth-of-Ganon-A-Twist-in-the-Legend\Source & Headers\Debug\link.4956.write.1.tlog
Z:\Projects\The-Myth-of-Ganon-A-Twist-in-the-Legend\Source & Headers\Debug\link.4956-cvtres.read.1.tlog
Z:\Projects\The-Myth-of-Ganon-A-Twist-in-the-Legend\Source & Headers\Debug\link.4956-cvtres.write.1.tlog
Z:\Projects\The-Myth-of-Ganon-A-Twist-in-the-Legend\Source & Headers\Debug\link.4988.read.1.tlog
Z:\Projects\The-Myth-of-Ganon-A-Twist-in-the-Legend\Source & Headers\Debug\link.4988.write.1.tlog
Z:\Projects\The-Myth-of-Ganon-A-Twist-in-the-Legend\Source & Headers\Debug\link.4988-cvtres.read.1.tlog
Z:\Projects\The-Myth-of-Ganon-A-Twist-in-the-Legend\Source & Headers\Debug\link.4988-cvtres.write.1.tlog
Z:\Projects\The-Myth-of-Ganon-A-Twist-in-the-Legend\Source & Headers\Debug\link.5012.read.1.tlog
Z:\Projects\The-Myth-of-Ganon-A-Twist-in-the-Legend\Source & Headers\Debug\link.5012.write.1.tlog
Z:\Projects\The-Myth-of-Ganon-A-Twist-in-the-Legend\Source & Headers\Debug\link.5012-cvtres.read.1.tlog
Z:\Projects\The-Myth-of-Ganon-A-Twist-in-the-Legend\Source & Headers\Debug\link.5012-cvtres.write.1.tlog
Z:\Projects\The-Myth-of-Ganon-A-Twist-in-the-Legend\Source & Headers\Debug\link.5032.read.1.tlog
Z:\Projects\The-Myth-of-Ganon-A-Twist-in-the-Legend\Source & Headers\Debug\link.5032.write.1.tlog
Z:\Projects\The-Myth-of-Ganon-A-Twist-in-the-Legend\Source & Headers\Debug\link.5032-cvtres.read.1.tlog
Z:\Projects\The-Myth-of-Ganon-A-Twist-in-the-Legend\Source & Headers\Debug\link.5032-cvtres.write.1.tlog
Z:\Projects\The-Myth-of-Ganon-A-Twist-in-the-Legend\Source & Headers\Debug\link.5040.read.1.tlog
Z:\Projects\The-Myth-of-Ganon-A-Twist-in-the-Legend\Source & Headers\Debug\link.5040.write.1.tlog
Z:\Projects\The-Myth-of-Ganon-A-Twist-in-the-Legend\Source & Headers\Debug\link.5040-cvtres.read.1.tlog
Z:\Projects\The-Myth-of-Ganon-A-Twist-in-the-Legend\Source & Headers\Debug\link.5040-cvtres.write.1.tlog
Z:\Projects\The-Myth-of-Ganon-A-Twist-in-the-Legend\Source & Headers\Debug\link.5068.read.1.tlog
Z:\Projects\The-Myth-of-Ganon-A-Twist-in-the-Legend\Source & Headers\Debug\link.5068.write.1.tlog
Z:\Projects\The-Myth-of-Ganon-A-Twist-in-the-Legend\Source & Headers\Debug\link.5068-cvtres.read.1.tlog
Z:\Projects\The-Myth-of-Ganon-A-Twist-in-the-Legend\Source & Headers\Debug\link.5068-cvtres.write.1.tlog
Z:\Projects\The-Myth-of-Ganon-A-Twist-in-the-Legend\Source & Headers\Debug\link.5072.read.1.tlog
Z:\Projects\The-Myth-of-Ganon-A-Twist-in-the-Legend\Source & Headers\Debug\link.5072.write.1.tlog
Z:\Projects\The-Myth-of-Ganon-A-Twist-in-the-Legend\Source & Headers\Debug\link.5072-cvtres.read.1.tlog
Z:\Projects\The-Myth-of-Ganon-A-Twist-in-the-Legend\Source & Headers\Debug\link.5072-cvtres.write.1.tlog
Z:\Projects\The-Myth-of-Ganon-A-Twist-in-the-Legend\Source & Headers\Debug\link.508.read.1.tlog
Z:\Projects\The-Myth-of-Ganon-A-Twist-in-the-Legend\Source & Headers\Debug\link.508.write.1.tlog
Z:\Projects\The-Myth-of-Ganon-A-Twist-in-the-Legend\Source & Headers\Debug\link.5084.read.1.tlog
Z:\Projects\The-Myth-of-Ganon-A-Twist-in-the-Legend\Source & Headers\Debug\link.5084.write.1.tlog
Z:\Projects\The-Myth-of-Ganon-A-Twist-in-the-Legend\Source & Headers\Debug\link.5084-cvtres.read.1.tlog
Z:\Projects\The-Myth-of-Ganon-A-Twist-in-the-Legend\Source & Headers\Debug\link.5084-cvtres.write.1.tlog
Z:\Projects\The-Myth-of-Ganon-A-Twist-in-the-Legend\Source & Headers\Debug\link.5088.read.1.tlog
Z:\Projects\The-Myth-of-Ganon-A-Twist-in-the-Legend\Source & Headers\Debug\link.5088.write.1.tlog
Z:\Projects\The-Myth-of-Ganon-A-Twist-in-the-Legend\Source & Headers\Debug\link.5088-cvtres.read.1.tlog
Z:\Projects\The-Myth-of-Ganon-A-Twist-in-the-Legend\Source & Headers\Debug\link.5088-cvtres.write.1.tlog
Z:\Projects\The-Myth-of-Ganon-A-Twist-in-the-Legend\Source & Headers\Debug\link.508-cvtres.read.1.tlog
Z:\Projects\The-Myth-of-Ganon-A-Twist-in-the-Legend\Source & Headers\Debug\link.508-cvtres.write.1.tlog
Z:\Projects\The-Myth-of-Ganon-A-Twist-in-the-Legend\Source & Headers\Debug\link.5092.read.1.tlog
Z:\Projects\The-Myth-of-Ganon-A-Twist-in-the-Legend\Source & Headers\Debug\link.5092.write.1.tlog
Z:\Projects\The-Myth-of-Ganon-A-Twist-in-the-Legend\Source & Headers\Debug\link.5092-cvtres.read.1.tlog
Z:\Projects\The-Myth-of-Ganon-A-Twist-in-the-Legend\Source & Headers\Debug\link.5092-cvtres.write.1.tlog
Z:\Projects\The-Myth-of-Ganon-A-Twist-in-the-Legend\Source & Headers\Debug\link.5128.read.1.tlog
Z:\Projects\The-Myth-of-Ganon-A-Twist-in-the-Legend\Source & Headers\Debug\link.5128.write.1.tlog
Z:\Projects\The-Myth-of-Ganon-A-Twist-in-the-Legend\Source & Headers\Debug\link.5128-cvtres.read.1.tlog
Z:\Projects\The-Myth-of-Ganon-A-Twist-in-the-Legend\Source & Headers\Debug\link.5128-cvtres.write.1.tlog
Z:\Projects\The-Myth-of-Ganon-A-Twist-in-the-Legend\Source & Headers\Debug\link.5140.read.1.tlog
Z:\Projects\The-Myth-of-Ganon-A-Twist-in-the-Legend\Source & Headers\Debug\link.5140.write.1.tlog
Z:\Projects\The-Myth-of-Ganon-A-Twist-in-the-Legend\Source & Headers\Debug\link.5140-cvtres.read.1.tlog
Z:\Projects\The-Myth-of-Ganon-A-Twist-in-the-Legend\Source & Headers\Debug\link.5140-cvtres.write.1.tlog
Z:\Projects\The-Myth-of-Ganon-A-Twist-in-the-Legend\Source & Headers\Debug\link.5176.read.1.tlog
Z:\Projects\The-Myth-of-Ganon-A-Twist-in-the-Legend\Source & Headers\Debug\link.5176.write.1.tlog
Z:\Projects\The-Myth-of-Ganon-A-Twist-in-the-Legend\Source & Headers\Debug\link.5176-cvtres.read.1.tlog
Z:\Projects\The-Myth-of-Ganon-A-Twist-in-the-Legend\Source & Headers\Debug\link.5176-cvtres.write.1.tlog
Z:\Projects\The-Myth-of-Ganon-A-Twist-in-the-Legend\Source & Headers\Debug\link.5180.read.1.tlog
Z:\Projects\The-Myth-of-Ganon-A-Twist-in-the-Legend\Source & Headers\Debug\link.5180.write.1.tlog
Z:\Projects\The-Myth-of-Ganon-A-Twist-in-the-Legend\Source & Headers\Debug\link.5180-cvtres.read.1.tlog
Z:\Projects\The-Myth-of-Ganon-A-Twist-in-the-Legend\Source & Headers\Debug\link.5180-cvtres.write.1.tlog
Z:\Projects\The-Myth-of-Ganon-A-Twist-in-the-Legend\Source & Headers\Debug\link.5184.read.1.tlog
Z:\Projects\The-Myth-of-Ganon-A-Twist-in-the-Legend\Source & Headers\Debug\link.5184.write.1.tlog
Z:\Projects\The-Myth-of-Ganon-A-Twist-in-the-Legend\Source & Headers\Debug\link.5184-cvtres.read.1.tlog
Z:\Projects\The-Myth-of-Ganon-A-Twist-in-the-Legend\Source & Headers\Debug\link.5184-cvtres.write.1.tlog
Z:\Projects\The-Myth-of-Ganon-A-Twist-in-the-Legend\Source & Headers\Debug\link.5192.read.1.tlog
Z:\Projects\The-Myth-of-Ganon-A-Twist-in-the-Legend\Source & Headers\Debug\link.5192.write.1.tlog
Z:\Projects\The-Myth-of-Ganon-A-Twist-in-the-Legend\Source & Headers\Debug\link.5192-cvtres.read.1.tlog
Z:\Projects\The-Myth-of-Ganon-A-Twist-in-the-Legend\Source & Headers\Debug\link.5192-cvtres.write.1.tlog
Z:\Projects\The-Myth-of-Ganon-A-Twist-in-the-Legend\Source & Headers\Debug\link.520.read.1.tlog
Z:\Projects\The-Myth-of-Ganon-A-Twist-in-the-Legend\Source & Headers\Debug\link.520.write.1.tlog
Z:\Projects\The-Myth-of-Ganon-A-Twist-in-the-Legend\Source & Headers\Debug\link.520-cvtres.read.1.tlog
Z:\Projects\The-Myth-of-Ganon-A-Twist-in-the-Legend\Source & Headers\Debug\link.520-cvtres.write.1.tlog
Z:\Projects\The-Myth-of-Ganon-A-Twist-in-the-Legend\Source & Headers\Debug\link.5216.read.1.tlog
Z:\Projects\The-Myth-of-Ganon-A-Twist-in-the-Legend\Source & Headers\Debug\link.5216.write.1.tlog
Z:\Projects\The-Myth-of-Ganon-A-Twist-in-the-Legend\Source & Headers\Debug\link.5216-cvtres.read.1.tlog
Z:\Projects\The-Myth-of-Ganon-A-Twist-in-the-Legend\Source & Headers\Debug\link.5216-cvtres.write.1.tlog
Z:\Projects\The-Myth-of-Ganon-A-Twist-in-the-Legend\Source & Headers\Debug\link.5264.read.1.tlog
Z:\Projects\The-Myth-of-Ganon-A-Twist-in-the-Legend\Source & Headers\Debug\link.5264.write.1.tlog
Z:\Projects\The-Myth-of-Ganon-A-Twist-in-the-Legend\Source & Headers\Debug\link.5264-cvtres.read.1.tlog
Z:\Projects\The-Myth-of-Ganon-A-Twist-in-the-Legend\Source & Headers\Debug\link.5264-cvtres.write.1.tlog
Z:\Projects\The-Myth-of-Ganon-A-Twist-in-the-Legend\Source & Headers\Debug\link.532.read.1.tlog
Z:\Projects\The-Myth-of-Ganon-A-Twist-in-the-Legend\Source & Headers\Debug\link.532.write.1.tlog
Z:\Projects\The-Myth-of-Ganon-A-Twist-in-the-Legend\Source & Headers\Debug\link.532-cvtres.read.1.tlog
Z:\Projects\The-Myth-of-Ganon-A-Twist-in-the-Legend\Source & Headers\Debug\link.532-cvtres.write.1.tlog
Z:\Projects\The-Myth-of-Ganon-A-Twist-in-the-Legend\Source & Headers\Debug\link.5348.read.1.tlog
Z:\Projects\The-Myth-of-Ganon-A-Twist-in-the-Legend\Source & Headers\Debug\link.5348.write.1.tlog
Z:\Projects\The-Myth-of-Ganon-A-Twist-in-the-Legend\Source & Headers\Debug\link.5348-cvtres.read.1.tlog
Z:\Projects\The-Myth-of-Ganon-A-Twist-in-the-Legend\Source & Headers\Debug\link.5348-cvtres.write.1.tlog
Z:\Projects\The-Myth-of-Ganon-A-Twist-in-the-Legend\Source & Headers\Debug\link.5356.read.1.tlog
Z:\Projects\The-Myth-of-Ganon-A-Twist-in-the-Legend\Source & Headers\Debug\link.5356.write.1.tlog
Z:\Projects\The-Myth-of-Ganon-A-Twist-in-the-Legend\Source & Headers\Debug\link.5356-cvtres.read.1.tlog
Z:\Projects\The-Myth-of-Ganon-A-Twist-in-the-Legend\Source & Headers\Debug\link.5356-cvtres.write.1.tlog
Z:\Projects\The-Myth-of-Ganon-A-Twist-in-the-Legend\Source & Headers\Debug\link.5388.read.1.tlog
Z:\Projects\The-Myth-of-Ganon-A-Twist-in-the-Legend\Source & Headers\Debug\link.5388.write.1.tlog
Z:\Projects\The-Myth-of-Ganon-A-Twist-in-the-Legend\Source & Headers\Debug\link.5388-cvtres.read.1.tlog
Z:\Projects\The-Myth-of-Ganon-A-Twist-in-the-Legend\Source & Headers\Debug\link.5388-cvtres.write.1.tlog
Z:\Projects\The-Myth-of-Ganon-A-Twist-in-the-Legend\Source & Headers\Debug\link.5444.read.1.tlog
Z:\Projects\The-Myth-of-Ganon-A-Twist-in-the-Legend\Source & Headers\Debug\link.5444.write.1.tlog
Z:\Projects\The-Myth-of-Ganon-A-Twist-in-the-Legend\Source & Headers\Debug\link.5444-cvtres.read.1.tlog
Z:\Projects\The-Myth-of-Ganon-A-Twist-in-the-Legend\Source & Headers\Debug\link.5444-cvtres.write.1.tlog
Z:\Projects\The-Myth-of-Ganon-A-Twist-in-the-Legend\Source & Headers\Debug\link.5448.read.1.tlog
Z:\Projects\The-Myth-of-Ganon-A-Twist-in-the-Legend\Source & Headers\Debug\link.5448.write.1.tlog
Z:\Projects\The-Myth-of-Ganon-A-Twist-in-the-Legend\Source & Headers\Debug\link.5448-cvtres.read.1.tlog
Z:\Projects\The-Myth-of-Ganon-A-Twist-in-the-Legend\Source & Headers\Debug\link.5448-cvtres.write.1.tlog
Z:\Projects\The-Myth-of-Ganon-A-Twist-in-the-Legend\Source & Headers\Debug\link.5460.read.1.tlog
Z:\Projects\The-Myth-of-Ganon-A-Twist-in-the-Legend\Source & Headers\Debug\link.5460.write.1.tlog
Z:\Projects\The-Myth-of-Ganon-A-Twist-in-the-Legend\Source & Headers\Debug\link.5460-cvtres.read.1.tlog
Z:\Projects\The-Myth-of-Ganon-A-Twist-in-the-Legend\Source & Headers\Debug\link.5460-cvtres.write.1.tlog
Z:\Projects\The-Myth-of-Ganon-A-Twist-in-the-Legend\Source & Headers\Debug\link.5500.read.1.tlog
Z:\Projects\The-Myth-of-Ganon-A-Twist-in-the-Legend\Source & Headers\Debug\link.5500.write.1.tlog
Z:\Projects\The-Myth-of-Ganon-A-Twist-in-the-Legend\Source & Headers\Debug\link.5500-cvtres.read.1.tlog
Z:\Projects\The-Myth-of-Ganon-A-Twist-in-the-Legend\Source & Headers\Debug\link.5500-cvtres.write.1.tlog
Z:\Projects\The-Myth-of-Ganon-A-Twist-in-the-Legend\Source & Headers\Debug\link.5532.read.1.tlog
Z:\Projects\The-Myth-of-Ganon-A-Twist-in-the-Legend\Source & Headers\Debug\link.5532.write.1.tlog
Z:\Projects\The-Myth-of-Ganon-A-Twist-in-the-Legend\Source & Headers\Debug\link.5532-cvtres.read.1.tlog
Z:\Projects\The-Myth-of-Ganon-A-Twist-in-the-Legend\Source & Headers\Debug\link.5532-cvtres.write.1.tlog
Z:\Projects\The-Myth-of-Ganon-A-Twist-in-the-Legend\Source & Headers\Debug\link.5548.read.1.tlog
Z:\Projects\The-Myth-of-Ganon-A-Twist-in-the-Legend\Source & Headers\Debug\link.5548.write.1.tlog
Z:\Projects\The-Myth-of-Ganon-A-Twist-in-the-Legend\Source & Headers\Debug\link.5548-cvtres.read.1.tlog
Z:\Projects\The-Myth-of-Ganon-A-Twist-in-the-Legend\Source & Headers\Debug\link.5548-cvtres.write.1.tlog
Z:\Projects\The-Myth-of-Ganon-A-Twist-in-the-Legend\Source & Headers\Debug\link.5572.read.1.tlog
Z:\Projects\The-Myth-of-Ganon-A-Twist-in-the-Legend\Source & Headers\Debug\link.5572.write.1.tlog
Z:\Projects\The-Myth-of-Ganon-A-Twist-in-the-Legend\Source & Headers\Debug\link.5572-cvtres.read.1.tlog
Z:\Projects\The-Myth-of-Ganon-A-Twist-in-the-Legend\Source & Headers\Debug\link.5572-cvtres.write.1.tlog
Z:\Projects\The-Myth-of-Ganon-A-Twist-in-the-Legend\Source & Headers\Debug\link.5620.read.1.tlog
Z:\Projects\The-Myth-of-Ganon-A-Twist-in-the-Legend\Source & Headers\Debug\link.5620.write.1.tlog
Z:\Projects\The-Myth-of-Ganon-A-Twist-in-the-Legend\Source & Headers\Debug\link.5620-cvtres.read.1.tlog
Z:\Projects\The-Myth-of-Ganon-A-Twist-in-the-Legend\Source & Headers\Debug\link.5620-cvtres.write.1.tlog
Z:\Projects\The-Myth-of-Ganon-A-Twist-in-the-Legend\Source & Headers\Debug\link.5660.read.1.tlog
Z:\Projects\The-Myth-of-Ganon-A-Twist-in-the-Legend\Source & Headers\Debug\link.5660.write.1.tlog
Z:\Projects\The-Myth-of-Ganon-A-Twist-in-the-Legend\Source & Headers\Debug\link.5660-cvtres.read.1.tlog
Z:\Projects\The-Myth-of-Ganon-A-Twist-in-the-Legend\Source & Headers\Debug\link.5660-cvtres.write.1.tlog
Z:\Projects\The-Myth-of-Ganon-A-Twist-in-the-Legend\Source & Headers\Debug\link.5716.read.1.tlog
Z:\Projects\The-Myth-of-Ganon-A-Twist-in-the-Legend\Source & Headers\Debug\link.5716.write.1.tlog
Z:\Projects\The-Myth-of-Ganon-A-Twist-in-the-Legend\Source & Headers\Debug\link.5716-cvtres.read.1.tlog
Z:\Projects\The-Myth-of-Ganon-A-Twist-in-the-Legend\Source & Headers\Debug\link.5716-cvtres.write.1.tlog
Z:\Projects\The-Myth-of-Ganon-A-Twist-in-the-Legend\Source & Headers\Debug\link.572.read.1.tlog
Z:\Projects\The-Myth-of-Ganon-A-Twist-in-the-Legend\Source & Headers\Debug\link.572.write.1.tlog
Z:\Projects\The-Myth-of-Ganon-A-Twist-in-the-Legend\Source & Headers\Debug\link.5720.read.1.tlog
Z:\Projects\The-Myth-of-Ganon-A-Twist-in-the-Legend\Source & Headers\Debug\link.5720.write.1.tlog
Z:\Projects\The-Myth-of-Ganon-A-Twist-in-the-Legend\Source & Headers\Debug\link.5720-cvtres.read.1.tlog
Z:\Projects\The-Myth-of-Ganon-A-Twist-in-the-Legend\Source & Headers\Debug\link.5720-cvtres.write.1.tlog
Z:\Projects\The-Myth-of-Ganon-A-Twist-in-the-Legend\Source & Headers\Debug\link.572-cvtres.read.1.tlog
Z:\Projects\The-Myth-of-Ganon-A-Twist-in-the-Legend\Source & Headers\Debug\link.572-cvtres.write.1.tlog
Z:\Projects\The-Myth-of-Ganon-A-Twist-in-the-Legend\Source & Headers\Debug\link.5780.read.1.tlog
Z:\Projects\The-Myth-of-Ganon-A-Twist-in-the-Legend\Source & Headers\Debug\link.5780.write.1.tlog
Z:\Projects\The-Myth-of-Ganon-A-Twist-in-the-Legend\Source & Headers\Debug\link.5780-cvtres.read.1.tlog
Z:\Projects\The-Myth-of-Ganon-A-Twist-in-the-Legend\Source & Headers\Debug\link.5780-cvtres.write.1.tlog
Z:\Projects\The-Myth-of-Ganon-A-Twist-in-the-Legend\Source & Headers\Debug\link.584.read.1.tlog
Z:\Projects\The-Myth-of-Ganon-A-Twist-in-the-Legend\Source & Headers\Debug\link.584.write.1.tlog
Z:\Projects\The-Myth-of-Ganon-A-Twist-in-the-Legend\Source & Headers\Debug\link.584-cvtres.read.1.tlog
Z:\Projects\The-Myth-of-Ganon-A-Twist-in-the-Legend\Source & Headers\Debug\link.584-cvtres.write.1.tlog
Z:\Projects\The-Myth-of-Ganon-A-Twist-in-the-Legend\Source & Headers\Debug\link.5940.read.1.tlog
Z:\Projects\The-Myth-of-Ganon-A-Twist-in-the-Legend\Source & Headers\Debug\link.5940.write.1.tlog
Z:\Projects\The-Myth-of-Ganon-A-Twist-in-the-Legend\Source & Headers\Debug\link.5940-cvtres.read.1.tlog
Z:\Projects\The-Myth-of-Ganon-A-Twist-in-the-Legend\Source & Headers\Debug\link.5940-cvtres.write.1.tlog
Z:\Projects\The-Myth-of-Ganon-A-Twist-in-the-Legend\Source & Headers\Debug\link.5944.read.1.tlog
Z:\Projects\The-Myth-of-Ganon-A-Twist-in-the-Legend\Source & Headers\Debug\link.5944.write.1.tlog
Z:\Projects\The-Myth-of-Ganon-A-Twist-in-the-Legend\Source & Headers\Debug\link.5944-cvtres.read.1.tlog
Z:\Projects\The-Myth-of-Ganon-A-Twist-in-the-Legend\Source & Headers\Debug\link.5944-cvtres.write.1.tlog
Z:\Projects\The-Myth-of-Ganon-A-Twist-in-the-Legend\Source & Headers\Debug\link.5964.read.1.tlog
Z:\Projects\The-Myth-of-Ganon-A-Twist-in-the-Legend\Source & Headers\Debug\link.5964.write.1.tlog
Z:\Projects\The-Myth-of-Ganon-A-Twist-in-the-Legend\Source & Headers\Debug\link.5964-cvtres.read.1.tlog
Z:\Projects\The-Myth-of-Ganon-A-Twist-in-the-Legend\Source & Headers\Debug\link.5964-cvtres.write.1.tlog
Z:\Projects\The-Myth-of-Ganon-A-Twist-in-the-Legend\Source & Headers\Debug\link.6016.read.1.tlog
Z:\Projects\The-Myth-of-Ganon-A-Twist-in-the-Legend\Source & Headers\Debug\link.6016.write.1.tlog
Z:\Projects\The-Myth-of-Ganon-A-Twist-in-the-Legend\Source & Headers\Debug\link.6016-cvtres.read.1.tlog
Z:\Projects\The-Myth-of-Ganon-A-Twist-in-the-Legend\Source & Headers\Debug\link.6016-cvtres.write.1.tlog
Z:\Projects\The-Myth-of-Ganon-A-Twist-in-the-Legend\Source & Headers\Debug\link.6020.read.1.tlog
Z:\Projects\The-Myth-of-Ganon-A-Twist-in-the-Legend\Source & Headers\Debug\link.6020.write.1.tlog
Z:\Projects\The-Myth-of-Ganon-A-Twist-in-the-Legend\Source & Headers\Debug\link.6020-cvtres.read.1.tlog
Z:\Projects\The-Myth-of-Ganon-A-Twist-in-the-Legend\Source & Headers\Debug\link.6020-cvtres.write.1.tlog
Z:\Projects\The-Myth-of-Ganon-A-Twist-in-the-Legend\Source & Headers\Debug\link.6036.read.1.tlog
Z:\Projects\The-Myth-of-Ganon-A-Twist-in-the-Legend\Source & Headers\Debug\link.6036.write.1.tlog
Z:\Projects\The-Myth-of-Ganon-A-Twist-in-the-Legend\Source & Headers\Debug\link.6036-cvtres.read.1.tlog
Z:\Projects\The-Myth-of-Ganon-A-Twist-in-the-Legend\Source & Headers\Debug\link.6036-cvtres.write.1.tlog
Z:\Projects\The-Myth-of-Ganon-A-Twist-in-the-Legend\Source & Headers\Debug\link.6044.read.1.tlog
Z:\Projects\The-Myth-of-Ganon-A-Twist-in-the-Legend\Source & Headers\Debug\link.6044.write.1.tlog
Z:\Projects\The-Myth-of-Ganon-A-Twist-in-the-Legend\Source & Headers\Debug\link.6044-cvtres.read.1.tlog
Z:\Projects\The-Myth-of-Ganon-A-Twist-in-the-Legend\Source & Headers\Debug\link.6044-cvtres.write.1.tlog
Z:\Projects\The-Myth-of-Ganon-A-Twist-in-the-Legend\Source & Headers\Debug\link.620.read.1.tlog
Z:\Projects\The-Myth-of-Ganon-A-Twist-in-the-Legend\Source & Headers\Debug\link.620.write.1.tlog
Z:\Projects\The-Myth-of-Ganon-A-Twist-in-the-Legend\Source & Headers\Debug\link.620-cvtres.read.1.tlog
Z:\Projects\The-Myth-of-Ganon-A-Twist-in-the-Legend\Source & Headers\Debug\link.620-cvtres.write.1.tlog
Z:\Projects\The-Myth-of-Ganon-A-Twist-in-the-Legend\Source & Headers\Debug\link.6460.read.1.tlog
Z:\Projects\The-Myth-of-Ganon-A-Twist-in-the-Legend\Source & Headers\Debug\link.6460.write.1.tlog
Z:\Projects\The-Myth-of-Ganon-A-Twist-in-the-Legend\Source & Headers\Debug\link.652.read.1.tlog
Z:\Projects\The-Myth-of-Ganon-A-Twist-in-the-Legend\Source & Headers\Debug\link.652.write.1.tlog
Z:\Projects\The-Myth-of-Ganon-A-Twist-in-the-Legend\Source & Headers\Debug\link.652-cvtres.read.1.tlog
Z:\Projects\The-Myth-of-Ganon-A-Twist-in-the-Legend\Source & Headers\Debug\link.652-cvtres.write.1.tlog
Z:\Projects\The-Myth-of-Ganon-A-Twist-in-the-Legend\Source & Headers\Debug\link.6632.read.1.tlog
Z:\Projects\The-Myth-of-Ganon-A-Twist-in-the-Legend\Source & Headers\Debug\link.6632.write.1.tlog
Z:\Projects\The-Myth-of-Ganon-A-Twist-in-the-Legend\Source & Headers\Debug\link.6632-cvtres.read.1.tlog
Z:\Projects\The-Myth-of-Ganon-A-Twist-in-the-Legend\Source & Headers\Debug\link.6632-cvtres.write.1.tlog
Z:\Projects\The-Myth-of-Ganon-A-Twist-in-the-Legend\Source & Headers\Debug\link.6688.read.1.tlog
Z:\Projects\The-Myth-of-Ganon-A-Twist-in-the-Legend\Source & Headers\Debug\link.6688.write.1.tlog
Z:\Projects\The-Myth-of-Ganon-A-Twist-in-the-Legend\Source & Headers\Debug\link.6688-cvtres.read.1.tlog
Z:\Projects\The-Myth-of-Ganon-A-Twist-in-the-Legend\Source & Headers\Debug\link.6688-cvtres.write.1.tlog
Z:\Projects\The-Myth-of-Ganon-A-Twist-in-the-Legend\Source & Headers\Debug\link.6944.read.1.tlog
Z:\Projects\The-Myth-of-Ganon-A-Twist-in-the-Legend\Source & Headers\Debug\link.6944.write.1.tlog
Z:\Projects\The-Myth-of-Ganon-A-Twist-in-the-Legend\Source & Headers\Debug\link.6944-cvtres.read.1.tlog
Z:\Projects\The-Myth-of-Ganon-A-Twist-in-the-Legend\Source & Headers\Debug\link.6944-cvtres.write.1.tlog
Z:\Projects\The-Myth-of-Ganon-A-Twist-in-the-Legend\Source & Headers\Debug\link.7024.read.1.tlog
Z:\Projects\The-Myth-of-Ganon-A-Twist-in-the-Legend\Source & Headers\Debug\link.7024.write.1.tlog
Z:\Projects\The-Myth-of-Ganon-A-Twist-in-the-Legend\Source & Headers\Debug\link.7024-cvtres.read.1.tlog
Z:\Projects\The-Myth-of-Ganon-A-Twist-in-the-Legend\Source & Headers\Debug\link.7024-cvtres.write.1.tlog
Z:\Projects\The-Myth-of-Ganon-A-Twist-in-the-Legend\Source & Headers\Debug\link.7076.read.1.tlog
Z:\Projects\The-Myth-of-Ganon-A-Twist-in-the-Legend\Source & Headers\Debug\link.7076.write.1.tlog
Z:\Projects\The-Myth-of-Ganon-A-Twist-in-the-Legend\Source & Headers\Debug\link.7076-cvtres.read.1.tlog
Z:\Projects\The-Myth-of-Ganon-A-Twist-in-the-Legend\Source & Headers\Debug\link.7076-cvtres.write.1.tlog
Z:\Projects\The-Myth-of-Ganon-A-Twist-in-the-Legend\Source & Headers\Debug\link.7512.read.1.tlog
Z:\Projects\The-Myth-of-Ganon-A-Twist-in-the-Legend\Source & Headers\Debug\link.7512.write.1.tlog
Z:\Projects\The-Myth-of-Ganon-A-Twist-in-the-Legend\Source & Headers\Debug\link.7512-cvtres.read.1.tlog
Z:\Projects\The-Myth-of-Ganon-A-Twist-in-the-Legend\Source & Headers\Debug\link.7512-cvtres.write.1.tlog
Z:\Projects\The-Myth-of-Ganon-A-Twist-in-the-Legend\Source & Headers\Debug\link.768.read.1.tlog
Z:\Projects\The-Myth-of-Ganon-A-Twist-in-the-Legend\Source & Headers\Debug\link.768.write.1.tlog
Z:\Projects\The-Myth-of-Ganon-A-Twist-in-the-Legend\Source & Headers\Debug\link.768-cvtres.read.1.tlog
Z:\Projects\The-Myth-of-Ganon-A-Twist-in-the-Legend\Source & Headers\Debug\link.768-cvtres.write.1.tlog
Z:\Projects\The-Myth-of-Ganon-A-Twist-in-the-Legend\Source & Headers\Debug\link.7748.read.1.tlog
Z:\Projects\The-Myth-of-Ganon-A-Twist-in-the-Legend\Source & Headers\Debug\link.7748.write.1.tlog
Z:\Projects\The-Myth-of-Ganon-A-Twist-in-the-Legend\Source & Headers\Debug\link.828.read.1.tlog
Z:\Projects\The-Myth-of-Ganon-A-Twist-in-the-Legend\Source & Headers\Debug\link.828.write.1.tlog
Z:\Projects\The-Myth-of-Ganon-A-Twist-in-the-Legend\Source & Headers\Debug\link.828-cvtres.read.1.tlog
Z:\Projects\The-Myth-of-Ganon-A-Twist-in-the-Legend\Source & Headers\Debug\link.828-cvtres.write.1.tlog
Z:\Projects\The-Myth-of-Ganon-A-Twist-in-the-Legend\Source & Headers\Debug\link.840.read.1.tlog
Z:\Projects\The-Myth-of-Ganon-A-Twist-in-the-Legend\Source & Headers\Debug\link.840.write.1.tlog
Z:\Projects\The-Myth-of-Ganon-A-Twist-in-the-Legend\Source & Headers\Debug\link.840-cvtres.read.1.tlog
Z:\Projects\The-Myth-of-Ganon-A-Twist-in-the-Legend\Source & Headers\Debug\link.840-cvtres.write.1.tlog
Z:\Projects\The-Myth-of-Ganon-A-Twist-in-the-Legend\Source & Headers\Debug\link.932.read.1.tlog
Z:\Projects\The-Myth-of-Ganon-A-Twist-in-the-Legend\Source & Headers\Debug\link.932.write.1.tlog
Z:\Projects\The-Myth-of-Ganon-A-Twist-in-the-Legend\Source & Headers\Debug\link.932-cvtres.read.1.tlog
Z:\Projects\The-Myth-of-Ganon-A-Twist-in-the-Legend\Source & Headers\Debug\link.932-cvtres.write.1.tlog
Z:\Projects\The-Myth-of-Ganon-A-Twist-in-the-Legend\Source & Headers\Debug\link.936.read.1.tlog
Z:\Projects\The-Myth-of-Ganon-A-Twist-in-the-Legend\Source & Headers\Debug\link.936.write.1.tlog
Z:\Projects\The-Myth-of-Ganon-A-Twist-in-the-Legend\Source & Headers\Debug\link.936-cvtres.read.1.tlog
Z:\Projects\The-Myth-of-Ganon-A-Twist-in-the-Legend\Source & Headers\Debug\link.936-cvtres.write.1.tlog
Z:\Projects\The-Myth-of-Ganon-A-Twist-in-the-Legend\Source & Headers\Debug\link.940.read.1.tlog
Z:\Projects\The-Myth-of-Ganon-A-Twist-in-the-Legend\Source & Headers\Debug\link.940.write.1.tlog
Z:\Projects\The-Myth-of-Ganon-A-Twist-in-the-Legend\Source & Headers\Debug\link.992.read.1.tlog
Z:\Projects\The-Myth-of-Ganon-A-Twist-in-the-Legend\Source & Headers\Debug\link.992.write.1.tlog
Z:\Projects\The-Myth-of-Ganon-A-Twist-in-the-Legend\Source & Headers\Debug\link.992-cvtres.read.1.tlog
Z:\Projects\The-Myth-of-Ganon-A-Twist-in-the-Legend\Source & Headers\Debug\link.992-cvtres.write.1.tlog
Z:\Projects\The-Myth-of-Ganon-A-Twist-in-the-Legend\Source & Headers\Debug\link.command.1.tlog
Z:\Projects\The-Myth-of-Ganon-A-Twist-in-the-Legend\Source & Headers\Debug\link.read.1.tlog
Z:\Projects\The-Myth-of-Ganon-A-Twist-in-the-Legend\Source & Headers\Debug\link.write.1.tlog
Z:\Projects\The-Myth-of-Ganon-A-Twist-in-the-Legend\Source & Headers\Debug\link-cvtres.read.1.tlog
Z:\Projects\The-Myth-of-Ganon-A-Twist-in-the-Legend\Source & Headers\Debug\link-cvtres.write.1.tlog
Z:\PROJECTS\THE-MYTH-OF-GANON-A-TWIST-IN-THE-LEGEND\SOURCE & HEADERS\DEBUG\LIVESPRITE.OBJ
Z:\PROJECTS\THE-MYTH-OF-GANON-A-TWIST-IN-THE-LEGEND\SOURCE & HEADERS\DEBUG\MAIN.OBJ
Z:\PROJECTS\THE-MYTH-OF-GANON-A-TWIST-IN-THE-LEGEND\SOURCE & HEADERS\DEBUG\MAPBUILDER.OBJ
Z:\PROJECTS\THE-MYTH-OF-GANON-A-TWIST-IN-THE-LEGEND\SOURCE & HEADERS\DEBUG\MAPNODE.OBJ
Z:\Projects\The-Myth-of-Ganon-A-Twist-in-the-Legend\Source & Headers\Debug\mt.command.1.tlog
Z:\Projects\The-Myth-of-Ganon-A-Twist-in-the-Legend\Source & Headers\Debug\mt.read.1.tlog
Z:\Projects\The-Myth-of-Ganon-A-Twist-in-the-Legend\Source & Headers\Debug\mt.write.1.tlog
Z:\PROJECTS\THE-MYTH-OF-GANON-A-TWIST-IN-THE-LEGEND\SOURCE & HEADERS\DEBUG\PLAYLIB_2010.EXE
Z:\Projects\The-Myth-of-Ganon-A-Twist-in-the-Legend\Source & Headers\Debug\PlayLib_2010.exe.embed.manifest
Z:\PROJECTS\THE-MYTH-OF-GANON-A-TWIST-IN-THE-LEGEND\SOURCE & HEADERS\DEBUG\PLAYLIB_2010.EXE.EMBED.MANIFEST.RES
Z:\PROJECTS\THE-MYTH-OF-GANON-A-TWIST-IN-THE-LEGEND\SOURCE & HEADERS\DEBUG\PLAYLIB_2010.EXE.INTERMEDIATE.MANIFEST
Z:\PROJECTS\THE-MYTH-OF-GANON-A-TWIST-IN-THE-LEGEND\SOURCE & HEADERS\DEBUG\PLAYLIB_2010.ILK
Z:\PROJECTS\THE-MYTH-OF-GANON-A-TWIST-IN-THE-LEGEND\SOURCE & HEADERS\DEBUG\PLAYLIB_2010.PDB
Z:\Projects\The-Myth-of-Ganon-A-Twist-in-the-Legend\Source & Headers\Debug\PlayLib_2010.vcxprojResolveAssemblyReference.cache
Z:\Projects\The-Myth-of-Ganon-A-Twist-in-the-Legend\Source & Headers\Debug\PlayLib_2010.write.1.tlog
Z:\Projects\The-Myth-of-Ganon-A-Twist-in-the-Legend\Source & Headers\Debug\PlayLib_2010_manifest.rc
Z:\Projects\The-Myth-of-Ganon-A-Twist-in-the-Legend\Source & Headers\Debug\rc.command.1.tlog
Z:\Projects\The-Myth-of-Ganon-A-Twist-in-the-Legend\Source & Headers\Debug\rc.read.1.tlog
Z:\Projects\The-Myth-of-Ganon-A-Twist-in-the-Legend\Source & Headers\Debug\rc.write.1.tlog
Z:\PROJECTS\THE-MYTH-OF-GANON-A-TWIST-IN-THE-LEGEND\SOURCE & HEADERS\DEBUG\SAVESTATE.OBJ
Z:\PROJECTS\THE-MYTH-OF-GANON-A-TWIST-IN-THE-LEGEND\SOURCE & HEADERS\DEBUG\SPRITE.OBJ
Z:\PROJECTS\THE-MYTH-OF-GANON-A-TWIST-IN-THE-LEGEND\SOURCE & HEADERS\DEBUG\SPRITENODE.OBJ
Z:\Projects\The-Myth-of-Ganon-A-Twist-in-the-Legend\Source & Headers\Debug\vc100.idb
Z:\PROJECTS\THE-MYTH-OF-GANON-A-TWIST-IN-THE-LEGEND\SOURCE & HEADERS\DEBUG\VC100.PDB
