Z:\Projects\The-Myth-of-Ganon-A-Twist-in-the-Legend\Source & Headers\Debug\cl.command.1.tlog
Z:\Projects\The-Myth-of-Ganon-A-Twist-in-the-Legend\Source & Headers\Debug\cl.read.1.tlog
Z:\Projects\The-Myth-of-Ganon-A-Twist-in-the-Legend\Source & Headers\Debug\cl.write.1.tlog
Z:\PROJECTS\THE-MYTH-OF-GANON-A-TWIST-IN-THE-LEGEND\SOURCE & HEADERS\DEBUG\DOOR.OBJ
Z:\PROJECTS\THE-MYTH-OF-GANON-A-TWIST-IN-THE-LEGEND\SOURCE & HEADERS\DEBUG\IGRAPHICS.OBJ
Z:\Projects\The-Myth-of-Ganon-A-Twist-in-the-Legend\Source & Headers\Debug\link.10112.read.1.tlog
Z:\Projects\The-Myth-of-Ganon-A-Twist-in-the-Legend\Source & Headers\Debug\link.10112.write.1.tlog
Z:\Projects\The-Myth-of-Ganon-A-Twist-in-the-Legend\Source & Headers\Debug\link.10112-cvtres.read.1.tlog
Z:\Projects\The-Myth-of-Ganon-A-Twist-in-the-Legend\Source & Headers\Debug\link.10112-cvtres.write.1.tlog
Z:\Projects\The-Myth-of-Ganon-A-Twist-in-the-Legend\Source & Headers\Debug\link.10124.read.1.tlog
Z:\Projects\The-Myth-of-Ganon-A-Twist-in-the-Legend\Source & Headers\Debug\link.10124.write.1.tlog
Z:\Projects\The-Myth-of-Ganon-A-Twist-in-the-Legend\Source & Headers\Debug\link.10124-cvtres.read.1.tlog
Z:\Projects\The-Myth-of-Ganon-A-Twist-in-the-Legend\Source & Headers\Debug\link.10124-cvtres.write.1.tlog
Z:\Projects\The-Myth-of-Ganon-A-Twist-in-the-Legend\Source & Headers\Debug\link.10128.read.1.tlog
Z:\Projects\The-Myth-of-Ganon-A-Twist-in-the-Legend\Source & Headers\Debug\link.10128.write.1.tlog
Z:\Projects\The-Myth-of-Ganon-A-Twist-in-the-Legend\Source & Headers\Debug\link.10128-cvtres.read.1.tlog
Z:\Projects\The-Myth-of-Ganon-A-Twist-in-the-Legend\Source & Headers\Debug\link.10128-cvtres.write.1.tlog
Z:\Projects\The-Myth-of-Ganon-A-Twist-in-the-Legend\Source & Headers\Debug\link.104.read.1.tlog
Z:\Projects\The-Myth-of-Ganon-A-Twist-in-the-Legend\Source & Headers\Debug\link.104.write.1.tlog
Z:\Projects\The-Myth-of-Ganon-A-Twist-in-the-Legend\Source & Headers\Debug\link.104-cvtres.read.1.tlog
Z:\Projects\The-Myth-of-Ganon-A-Twist-in-the-Legend\Source & Headers\Debug\link.104-cvtres.write.1.tlog
Z:\Projects\The-Myth-of-Ganon-A-Twist-in-the-Legend\Source & Headers\Debug\link.10984.read.1.tlog
Z:\Projects\The-Myth-of-Ganon-A-Twist-in-the-Legend\Source & Headers\Debug\link.10984.write.1.tlog
Z:\Projects\The-Myth-of-Ganon-A-Twist-in-the-Legend\Source & Headers\Debug\link.10984-cvtres.read.1.tlog
Z:\Projects\The-Myth-of-Ganon-A-Twist-in-the-Legend\Source & Headers\Debug\link.10984-cvtres.write.1.tlog
Z:\Projects\The-Myth-of-Ganon-A-Twist-in-the-Legend\Source & Headers\Debug\link.11108.read.1.tlog
Z:\Projects\The-Myth-of-Ganon-A-Twist-in-the-Legend\Source & Headers\Debug\link.11108.write.1.tlog
Z:\Projects\The-Myth-of-Ganon-A-Twist-in-the-Legend\Source & Headers\Debug\link.11108-cvtres.read.1.tlog
Z:\Projects\The-Myth-of-Ganon-A-Twist-in-the-Legend\Source & Headers\Debug\link.11108-cvtres.write.1.tlog
Z:\Projects\The-Myth-of-Ganon-A-Twist-in-the-Legend\Source & Headers\Debug\link.11124.read.1.tlog
Z:\Projects\The-Myth-of-Ganon-A-Twist-in-the-Legend\Source & Headers\Debug\link.11124.write.1.tlog
Z:\Projects\The-Myth-of-Ganon-A-Twist-in-the-Legend\Source & Headers\Debug\link.11124-cvtres.read.1.tlog
Z:\Projects\The-Myth-of-Ganon-A-Twist-in-the-Legend\Source & Headers\Debug\link.11124-cvtres.write.1.tlog
Z:\Projects\The-Myth-of-Ganon-A-Twist-in-the-Legend\Source & Headers\Debug\link.11136.read.1.tlog
Z:\Projects\The-Myth-of-Ganon-A-Twist-in-the-Legend\Source & Headers\Debug\link.11136.write.1.tlog
Z:\Projects\The-Myth-of-Ganon-A-Twist-in-the-Legend\Source & Headers\Debug\link.11136-cvtres.read.1.tlog
Z:\Projects\The-Myth-of-Ganon-A-Twist-in-the-Legend\Source & Headers\Debug\link.11136-cvtres.write.1.tlog
Z:\Projects\The-Myth-of-Ganon-A-Twist-in-the-Legend\Source & Headers\Debug\link.11176.read.1.tlog
Z:\Projects\The-Myth-of-Ganon-A-Twist-in-the-Legend\Source & Headers\Debug\link.11176.write.1.tlog
Z:\Projects\The-Myth-of-Ganon-A-Twist-in-the-Legend\Source & Headers\Debug\link.11176-cvtres.read.1.tlog
Z:\Projects\The-Myth-of-Ganon-A-Twist-in-the-Legend\Source & Headers\Debug\link.11176-cvtres.write.1.tlog
Z:\Projects\The-Myth-of-Ganon-A-Twist-in-the-Legend\Source & Headers\Debug\link.11200.read.1.tlog
Z:\Projects\The-Myth-of-Ganon-A-Twist-in-the-Legend\Source & Headers\Debug\link.11200.write.1.tlog
Z:\Projects\The-Myth-of-Ganon-A-Twist-in-the-Legend\Source & Headers\Debug\link.11200-cvtres.read.1.tlog
Z:\Projects\The-Myth-of-Ganon-A-Twist-in-the-Legend\Source & Headers\Debug\link.11200-cvtres.write.1.tlog
Z:\Projects\The-Myth-of-Ganon-A-Twist-in-the-Legend\Source & Headers\Debug\link.11380.read.1.tlog
Z:\Projects\The-Myth-of-Ganon-A-Twist-in-the-Legend\Source & Headers\Debug\link.11380.write.1.tlog
Z:\Projects\The-Myth-of-Ganon-A-Twist-in-the-Legend\Source & Headers\Debug\link.11380-cvtres.read.1.tlog
Z:\Projects\The-Myth-of-Ganon-A-Twist-in-the-Legend\Source & Headers\Debug\link.11380-cvtres.write.1.tlog
Z:\Projects\The-Myth-of-Ganon-A-Twist-in-the-Legend\Source & Headers\Debug\link.11404.read.1.tlog
Z:\Projects\The-Myth-of-Ganon-A-Twist-in-the-Legend\Source & Headers\Debug\link.11404.write.1.tlog
Z:\Projects\The-Myth-of-Ganon-A-Twist-in-the-Legend\Source & Headers\Debug\link.11404-cvtres.read.1.tlog
Z:\Projects\The-Myth-of-Ganon-A-Twist-in-the-Legend\Source & Headers\Debug\link.11404-cvtres.write.1.tlog
Z:\Projects\The-Myth-of-Ganon-A-Twist-in-the-Legend\Source & Headers\Debug\link.11640.read.1.tlog
Z:\Projects\The-Myth-of-Ganon-A-Twist-in-the-Legend\Source & Headers\Debug\link.11640.write.1.tlog
Z:\Projects\The-Myth-of-Ganon-A-Twist-in-the-Legend\Source & Headers\Debug\link.11640-cvtres.read.1.tlog
Z:\Projects\The-Myth-of-Ganon-A-Twist-in-the-Legend\Source & Headers\Debug\link.11640-cvtres.write.1.tlog
Z:\Projects\The-Myth-of-Ganon-A-Twist-in-the-Legend\Source & Headers\Debug\link.1184.read.1.tlog
Z:\Projects\The-Myth-of-Ganon-A-Twist-in-the-Legend\Source & Headers\Debug\link.1184.write.1.tlog
Z:\Projects\The-Myth-of-Ganon-A-Twist-in-the-Legend\Source & Headers\Debug\link.1184-cvtres.read.1.tlog
Z:\Projects\The-Myth-of-Ganon-A-Twist-in-the-Legend\Source & Headers\Debug\link.1184-cvtres.write.1.tlog
Z:\Projects\The-Myth-of-Ganon-A-Twist-in-the-Legend\Source & Headers\Debug\link.11860.read.1.tlog
Z:\Projects\The-Myth-of-Ganon-A-Twist-in-the-Legend\Source & Headers\Debug\link.11860.write.1.tlog
Z:\Projects\The-Myth-of-Ganon-A-Twist-in-the-Legend\Source & Headers\Debug\link.11860-cvtres.read.1.tlog
Z:\Projects\The-Myth-of-Ganon-A-Twist-in-the-Legend\Source & Headers\Debug\link.11860-cvtres.write.1.tlog
Z:\Projects\The-Myth-of-Ganon-A-Twist-in-the-Legend\Source & Headers\Debug\link.11896.read.1.tlog
Z:\Projects\The-Myth-of-Ganon-A-Twist-in-the-Legend\Source & Headers\Debug\link.11896.write.1.tlog
Z:\Projects\The-Myth-of-Ganon-A-Twist-in-the-Legend\Source & Headers\Debug\link.11896-cvtres.read.1.tlog
Z:\Projects\The-Myth-of-Ganon-A-Twist-in-the-Legend\Source & Headers\Debug\link.11896-cvtres.write.1.tlog
Z:\Projects\The-Myth-of-Ganon-A-Twist-in-the-Legend\Source & Headers\Debug\link.11928.read.1.tlog
Z:\Projects\The-Myth-of-Ganon-A-Twist-in-the-Legend\Source & Headers\Debug\link.11928.write.1.tlog
Z:\Projects\The-Myth-of-Ganon-A-Twist-in-the-Legend\Source & Headers\Debug\link.11928-cvtres.read.1.tlog
Z:\Projects\The-Myth-of-Ganon-A-Twist-in-the-Legend\Source & Headers\Debug\link.11928-cvtres.write.1.tlog
Z:\Projects\The-Myth-of-Ganon-A-Twist-in-the-Legend\Source & Headers\Debug\link.1204.read.1.tlog
Z:\Projects\The-Myth-of-Ganon-A-Twist-in-the-Legend\Source & Headers\Debug\link.1204.write.1.tlog
Z:\Projects\The-Myth-of-Ganon-A-Twist-in-the-Legend\Source & Headers\Debug\link.1204-cvtres.read.1.tlog
Z:\Projects\The-Myth-of-Ganon-A-Twist-in-the-Legend\Source & Headers\Debug\link.1204-cvtres.write.1.tlog
Z:\Projects\The-Myth-of-Ganon-A-Twist-in-the-Legend\Source & Headers\Debug\link.1380.read.1.tlog
Z:\Projects\The-Myth-of-Ganon-A-Twist-in-the-Legend\Source & Headers\Debug\link.1380.write.1.tlog
Z:\Projects\The-Myth-of-Ganon-A-Twist-in-the-Legend\Source & Headers\Debug\link.1380-cvtres.read.1.tlog
Z:\Projects\The-Myth-of-Ganon-A-Twist-in-the-Legend\Source & Headers\Debug\link.1380-cvtres.write.1.tlog
Z:\Projects\The-Myth-of-Ganon-A-Twist-in-the-Legend\Source & Headers\Debug\link.1400.read.1.tlog
Z:\Projects\The-Myth-of-Ganon-A-Twist-in-the-Legend\Source & Headers\Debug\link.1400.write.1.tlog
Z:\Projects\The-Myth-of-Ganon-A-Twist-in-the-Legend\Source & Headers\Debug\link.1400-cvtres.read.1.tlog
Z:\Projects\The-Myth-of-Ganon-A-Twist-in-the-Legend\Source & Headers\Debug\link.1400-cvtres.write.1.tlog
Z:\Projects\The-Myth-of-Ganon-A-Twist-in-the-Legend\Source & Headers\Debug\link.1512.read.1.tlog
Z:\Projects\The-Myth-of-Ganon-A-Twist-in-the-Legend\Source & Headers\Debug\link.1512.write.1.tlog
Z:\Projects\The-Myth-of-Ganon-A-Twist-in-the-Legend\Source & Headers\Debug\link.1512-cvtres.read.1.tlog
Z:\Projects\The-Myth-of-Ganon-A-Twist-in-the-Legend\Source & Headers\Debug\link.1512-cvtres.write.1.tlog
Z:\Projects\The-Myth-of-Ganon-A-Twist-in-the-Legend\Source & Headers\Debug\link.156.read.1.tlog
Z:\Projects\The-Myth-of-Ganon-A-Twist-in-the-Legend\Source & Headers\Debug\link.156.write.1.tlog
Z:\Projects\The-Myth-of-Ganon-A-Twist-in-the-Legend\Source & Headers\Debug\link.156-cvtres.read.1.tlog
Z:\Projects\The-Myth-of-Ganon-A-Twist-in-the-Legend\Source & Headers\Debug\link.156-cvtres.write.1.tlog
Z:\Projects\The-Myth-of-Ganon-A-Twist-in-the-Legend\Source & Headers\Debug\link.1584.read.1.tlog
Z:\Projects\The-Myth-of-Ganon-A-Twist-in-the-Legend\Source & Headers\Debug\link.1584.write.1.tlog
Z:\Projects\The-Myth-of-Ganon-A-Twist-in-the-Legend\Source & Headers\Debug\link.1584-cvtres.read.1.tlog
Z:\Projects\The-Myth-of-Ganon-A-Twist-in-the-Legend\Source & Headers\Debug\link.1584-cvtres.write.1.tlog
Z:\Projects\The-Myth-of-Ganon-A-Twist-in-the-Legend\Source & Headers\Debug\link.1652.read.1.tlog
Z:\Projects\The-Myth-of-Ganon-A-Twist-in-the-Legend\Source & Headers\Debug\link.1652.write.1.tlog
Z:\Projects\The-Myth-of-Ganon-A-Twist-in-the-Legend\Source & Headers\Debug\link.1652-cvtres.read.1.tlog
Z:\Projects\The-Myth-of-Ganon-A-Twist-in-the-Legend\Source & Headers\Debug\link.1652-cvtres.write.1.tlog
Z:\Projects\The-Myth-of-Ganon-A-Twist-in-the-Legend\Source & Headers\Debug\link.1736.read.1.tlog
Z:\Projects\The-Myth-of-Ganon-A-Twist-in-the-Legend\Source & Headers\Debug\link.1736.write.1.tlog
Z:\Projects\The-Myth-of-Ganon-A-Twist-in-the-Legend\Source & Headers\Debug\link.1736-cvtres.read.1.tlog
Z:\Projects\The-Myth-of-Ganon-A-Twist-in-the-Legend\Source & Headers\Debug\link.1736-cvtres.write.1.tlog
Z:\Projects\The-Myth-of-Ganon-A-Twist-in-the-Legend\Source & Headers\Debug\link.1820.read.1.tlog
Z:\Projects\The-Myth-of-Ganon-A-Twist-in-the-Legend\Source & Headers\Debug\link.1820.write.1.tlog
Z:\Projects\The-Myth-of-Ganon-A-Twist-in-the-Legend\Source & Headers\Debug\link.1820-cvtres.read.1.tlog
Z:\Projects\The-Myth-of-Ganon-A-Twist-in-the-Legend\Source & Headers\Debug\link.1820-cvtres.write.1.tlog
Z:\Projects\The-Myth-of-Ganon-A-Twist-in-the-Legend\Source & Headers\Debug\link.1832.read.1.tlog
Z:\Projects\The-Myth-of-Ganon-A-Twist-in-the-Legend\Source & Headers\Debug\link.1832.write.1.tlog
Z:\Projects\The-Myth-of-Ganon-A-Twist-in-the-Legend\Source & Headers\Debug\link.1832-cvtres.read.1.tlog
Z:\Projects\The-Myth-of-Ganon-A-Twist-in-the-Legend\Source & Headers\Debug\link.1832-cvtres.write.1.tlog
Z:\Projects\The-Myth-of-Ganon-A-Twist-in-the-Legend\Source & Headers\Debug\link.1996.read.1.tlog
Z:\Projects\The-Myth-of-Ganon-A-Twist-in-the-Legend\Source & Headers\Debug\link.1996.write.1.tlog
Z:\Projects\The-Myth-of-Ganon-A-Twist-in-the-Legend\Source & Headers\Debug\link.1996-cvtres.read.1.tlog
Z:\Projects\The-Myth-of-Ganon-A-Twist-in-the-Legend\Source & Headers\Debug\link.1996-cvtres.write.1.tlog
Z:\Projects\The-Myth-of-Ganon-A-Twist-in-the-Legend\Source & Headers\Debug\link.2032.read.1.tlog
Z:\Projects\The-Myth-of-Ganon-A-Twist-in-the-Legend\Source & Headers\Debug\link.2032.write.1.tlog
Z:\Projects\The-Myth-of-Ganon-A-Twist-in-the-Legend\Source & Headers\Debug\link.2032-cvtres.read.1.tlog
Z:\Projects\The-Myth-of-Ganon-A-Twist-in-the-Legend\Source & Headers\Debug\link.2032-cvtres.write.1.tlog
Z:\Projects\The-Myth-of-Ganon-A-Twist-in-the-Legend\Source & Headers\Debug\link.2132.read.1.tlog
Z:\Projects\The-Myth-of-Ganon-A-Twist-in-the-Legend\Source & Headers\Debug\link.2132.write.1.tlog
Z:\Projects\The-Myth-of-Ganon-A-Twist-in-the-Legend\Source & Headers\Debug\link.2132-cvtres.read.1.tlog
Z:\Projects\The-Myth-of-Ganon-A-Twist-in-the-Legend\Source & Headers\Debug\link.2132-cvtres.write.1.tlog
Z:\Projects\The-Myth-of-Ganon-A-Twist-in-the-Legend\Source & Headers\Debug\link.2192.read.1.tlog
Z:\Projects\The-Myth-of-Ganon-A-Twist-in-the-Legend\Source & Headers\Debug\link.2192.write.1.tlog
Z:\Projects\The-Myth-of-Ganon-A-Twist-in-the-Legend\Source & Headers\Debug\link.2192-cvtres.read.1.tlog
Z:\Projects\The-Myth-of-Ganon-A-Twist-in-the-Legend\Source & Headers\Debug\link.2192-cvtres.write.1.tlog
Z:\Projects\The-Myth-of-Ganon-A-Twist-in-the-Legend\Source & Headers\Debug\link.2224.read.1.tlog
Z:\Projects\The-Myth-of-Ganon-A-Twist-in-the-Legend\Source & Headers\Debug\link.2224.write.1.tlog
Z:\Projects\The-Myth-of-Ganon-A-Twist-in-the-Legend\Source & Headers\Debug\link.2224-cvtres.read.1.tlog
Z:\Projects\The-Myth-of-Ganon-A-Twist-in-the-Legend\Source & Headers\Debug\link.2224-cvtres.write.1.tlog
Z:\Projects\The-Myth-of-Ganon-A-Twist-in-the-Legend\Source & Headers\Debug\link.2268.read.1.tlog
Z:\Projects\The-Myth-of-Ganon-A-Twist-in-the-Legend\Source & Headers\Debug\link.2268.write.1.tlog
Z:\Projects\The-Myth-of-Ganon-A-Twist-in-the-Legend\Source & Headers\Debug\link.2268-cvtres.read.1.tlog
Z:\Projects\The-Myth-of-Ganon-A-Twist-in-the-Legend\Source & Headers\Debug\link.2268-cvtres.write.1.tlog
Z:\Projects\The-Myth-of-Ganon-A-Twist-in-the-Legend\Source & Headers\Debug\link.2280.read.1.tlog
Z:\Projects\The-Myth-of-Ganon-A-Twist-in-the-Legend\Source & Headers\Debug\link.2280.write.1.tlog
Z:\Projects\The-Myth-of-Ganon-A-Twist-in-the-Legend\Source & Headers\Debug\link.2280-cvtres.read.1.tlog
Z:\Projects\The-Myth-of-Ganon-A-Twist-in-the-Legend\Source & Headers\Debug\link.2280-cvtres.write.1.tlog
Z:\Projects\The-Myth-of-Ganon-A-Twist-in-the-Legend\Source & Headers\Debug\link.2284.read.1.tlog
Z:\Projects\The-Myth-of-Ganon-A-Twist-in-the-Legend\Source & Headers\Debug\link.2284.write.1.tlog
Z:\Projects\The-Myth-of-Ganon-A-Twist-in-the-Legend\Source & Headers\Debug\link.2284-cvtres.read.1.tlog
Z:\Projects\The-Myth-of-Ganon-A-Twist-in-the-Legend\Source & Headers\Debug\link.2284-cvtres.write.1.tlog
Z:\Projects\The-Myth-of-Ganon-A-Twist-in-the-Legend\Source & Headers\Debug\link.2300.read.1.tlog
Z:\Projects\The-Myth-of-Ganon-A-Twist-in-the-Legend\Source & Headers\Debug\link.2300.write.1.tlog
Z:\Projects\The-Myth-of-Ganon-A-Twist-in-the-Legend\Source & Headers\Debug\link.2300-cvtres.read.1.tlog
Z:\Projects\The-Myth-of-Ganon-A-Twist-in-the-Legend\Source & Headers\Debug\link.2300-cvtres.write.1.tlog
Z:\Projects\The-Myth-of-Ganon-A-Twist-in-the-Legend\Source & Headers\Debug\link.2460.read.1.tlog
Z:\Projects\The-Myth-of-Ganon-A-Twist-in-the-Legend\Source & Headers\Debug\link.2460.write.1.tlog
Z:\Projects\The-Myth-of-Ganon-A-Twist-in-the-Legend\Source & Headers\Debug\link.2460-cvtres.read.1.tlog
Z:\Projects\The-Myth-of-Ganon-A-Twist-in-the-Legend\Source & Headers\Debug\link.2460-cvtres.write.1.tlog
Z:\Projects\The-Myth-of-Ganon-A-Twist-in-the-Legend\Source & Headers\Debug\link.2476.read.1.tlog
Z:\Projects\The-Myth-of-Ganon-A-Twist-in-the-Legend\Source & Headers\Debug\link.2476.write.1.tlog
Z:\Projects\The-Myth-of-Ganon-A-Twist-in-the-Legend\Source & Headers\Debug\link.2476-cvtres.read.1.tlog
Z:\Projects\The-Myth-of-Ganon-A-Twist-in-the-Legend\Source & Headers\Debug\link.2476-cvtres.write.1.tlog
Z:\Projects\The-Myth-of-Ganon-A-Twist-in-the-Legend\Source & Headers\Debug\link.2528.read.1.tlog
Z:\Projects\The-Myth-of-Ganon-A-Twist-in-the-Legend\Source & Headers\Debug\link.2528.write.1.tlog
Z:\Projects\The-Myth-of-Ganon-A-Twist-in-the-Legend\Source & Headers\Debug\link.2528-cvtres.read.1.tlog
Z:\Projects\The-Myth-of-Ganon-A-Twist-in-the-Legend\Source & Headers\Debug\link.2528-cvtres.write.1.tlog
Z:\Projects\The-Myth-of-Ganon-A-Twist-in-the-Legend\Source & Headers\Debug\link.2636.read.1.tlog
Z:\Projects\The-Myth-of-Ganon-A-Twist-in-the-Legend\Source & Headers\Debug\link.2636.write.1.tlog
Z:\Projects\The-Myth-of-Ganon-A-Twist-in-the-Legend\Source & Headers\Debug\link.2636-cvtres.read.1.tlog
Z:\Projects\The-Myth-of-Ganon-A-Twist-in-the-Legend\Source & Headers\Debug\link.2636-cvtres.write.1.tlog
Z:\Projects\The-Myth-of-Ganon-A-Twist-in-the-Legend\Source & Headers\Debug\link.2656.read.1.tlog
Z:\Projects\The-Myth-of-Ganon-A-Twist-in-the-Legend\Source & Headers\Debug\link.2656.write.1.tlog
Z:\Projects\The-Myth-of-Ganon-A-Twist-in-the-Legend\Source & Headers\Debug\link.2656-cvtres.read.1.tlog
Z:\Projects\The-Myth-of-Ganon-A-Twist-in-the-Legend\Source & Headers\Debug\link.2656-cvtres.write.1.tlog
Z:\Projects\The-Myth-of-Ganon-A-Twist-in-the-Legend\Source & Headers\Debug\link.2672.read.1.tlog
Z:\Projects\The-Myth-of-Ganon-A-Twist-in-the-Legend\Source & Headers\Debug\link.2672.write.1.tlog
Z:\Projects\The-Myth-of-Ganon-A-Twist-in-the-Legend\Source & Headers\Debug\link.2672-cvtres.read.1.tlog
Z:\Projects\The-Myth-of-Ganon-A-Twist-in-the-Legend\Source & Headers\Debug\link.2672-cvtres.write.1.tlog
Z:\Projects\The-Myth-of-Ganon-A-Twist-in-the-Legend\Source & Headers\Debug\link.2768.read.1.tlog
Z:\Projects\The-Myth-of-Ganon-A-Twist-in-the-Legend\Source & Headers\Debug\link.2768.write.1.tlog
Z:\Projects\The-Myth-of-Ganon-A-Twist-in-the-Legend\Source & Headers\Debug\link.2768-cvtres.read.1.tlog
Z:\Projects\The-Myth-of-Ganon-A-Twist-in-the-Legend\Source & Headers\Debug\link.2768-cvtres.write.1.tlog
Z:\Projects\The-Myth-of-Ganon-A-Twist-in-the-Legend\Source & Headers\Debug\link.2788.read.1.tlog
Z:\Projects\The-Myth-of-Ganon-A-Twist-in-the-Legend\Source & Headers\Debug\link.2788.write.1.tlog
Z:\Projects\The-Myth-of-Ganon-A-Twist-in-the-Legend\Source & Headers\Debug\link.2788-cvtres.read.1.tlog
Z:\Projects\The-Myth-of-Ganon-A-Twist-in-the-Legend\Source & Headers\Debug\link.2788-cvtres.write.1.tlog
Z:\Projects\The-Myth-of-Ganon-A-Twist-in-the-Legend\Source & Headers\Debug\link.2804.read.1.tlog
Z:\Projects\The-Myth-of-Ganon-A-Twist-in-the-Legend\Source & Headers\Debug\link.2804.write.1.tlog
Z:\Projects\The-Myth-of-Ganon-A-Twist-in-the-Legend\Source & Headers\Debug\link.2804-cvtres.read.1.tlog
Z:\Projects\The-Myth-of-Ganon-A-Twist-in-the-Legend\Source & Headers\Debug\link.2804-cvtres.write.1.tlog
Z:\Projects\The-Myth-of-Ganon-A-Twist-in-the-Legend\Source & Headers\Debug\link.2812.read.1.tlog
Z:\Projects\The-Myth-of-Ganon-A-Twist-in-the-Legend\Source & Headers\Debug\link.2812.write.1.tlog
Z:\Projects\The-Myth-of-Ganon-A-Twist-in-the-Legend\Source & Headers\Debug\link.2812-cvtres.read.1.tlog
Z:\Projects\The-Myth-of-Ganon-A-Twist-in-the-Legend\Source & Headers\Debug\link.2812-cvtres.write.1.tlog
Z:\Projects\The-Myth-of-Ganon-A-Twist-in-the-Legend\Source & Headers\Debug\link.2848.read.1.tlog
Z:\Projects\The-Myth-of-Ganon-A-Twist-in-the-Legend\Source & Headers\Debug\link.2848.write.1.tlog
Z:\Projects\The-Myth-of-Ganon-A-Twist-in-the-Legend\Source & Headers\Debug\link.2848-cvtres.read.1.tlog
Z:\Projects\The-Myth-of-Ganon-A-Twist-in-the-Legend\Source & Headers\Debug\link.2848-cvtres.write.1.tlog
Z:\Projects\The-Myth-of-Ganon-A-Twist-in-the-Legend\Source & Headers\Debug\link.2900.read.1.tlog
Z:\Projects\The-Myth-of-Ganon-A-Twist-in-the-Legend\Source & Headers\Debug\link.2900.write.1.tlog
Z:\Projects\The-Myth-of-Ganon-A-Twist-in-the-Legend\Source & Headers\Debug\link.2900-cvtres.read.1.tlog
Z:\Projects\The-Myth-of-Ganon-A-Twist-in-the-Legend\Source & Headers\Debug\link.2900-cvtres.write.1.tlog
Z:\Projects\The-Myth-of-Ganon-A-Twist-in-the-Legend\Source & Headers\Debug\link.3008.read.1.tlog
Z:\Projects\The-Myth-of-Ganon-A-Twist-in-the-Legend\Source & Headers\Debug\link.3008.write.1.tlog
Z:\Projects\The-Myth-of-Ganon-A-Twist-in-the-Legend\Source & Headers\Debug\link.3008-cvtres.read.1.tlog
Z:\Projects\The-Myth-of-Ganon-A-Twist-in-the-Legend\Source & Headers\Debug\link.3008-cvtres.write.1.tlog
Z:\Projects\The-Myth-of-Ganon-A-Twist-in-the-Legend\Source & Headers\Debug\link.3076.read.1.tlog
Z:\Projects\The-Myth-of-Ganon-A-Twist-in-the-Legend\Source & Headers\Debug\link.3076.write.1.tlog
Z:\Projects\The-Myth-of-Ganon-A-Twist-in-the-Legend\Source & Headers\Debug\link.3076-cvtres.read.1.tlog
Z:\Projects\The-Myth-of-Ganon-A-Twist-in-the-Legend\Source & Headers\Debug\link.3076-cvtres.write.1.tlog
Z:\Projects\The-Myth-of-Ganon-A-Twist-in-the-Legend\Source & Headers\Debug\link.316.read.1.tlog
Z:\Projects\The-Myth-of-Ganon-A-Twist-in-the-Legend\Source & Headers\Debug\link.316.write.1.tlog
Z:\Projects\The-Myth-of-Ganon-A-Twist-in-the-Legend\Source & Headers\Debug\link.316-cvtres.read.1.tlog
Z:\Projects\The-Myth-of-Ganon-A-Twist-in-the-Legend\Source & Headers\Debug\link.316-cvtres.write.1.tlog
Z:\Projects\The-Myth-of-Ganon-A-Twist-in-the-Legend\Source & Headers\Debug\link.3296.read.1.tlog
Z:\Projects\The-Myth-of-Ganon-A-Twist-in-the-Legend\Source & Headers\Debug\link.3296.write.1.tlog
Z:\Projects\The-Myth-of-Ganon-A-Twist-in-the-Legend\Source & Headers\Debug\link.3296-cvtres.read.1.tlog
Z:\Projects\The-Myth-of-Ganon-A-Twist-in-the-Legend\Source & Headers\Debug\link.3296-cvtres.write.1.tlog
Z:\Projects\The-Myth-of-Ganon-A-Twist-in-the-Legend\Source & Headers\Debug\link.3516.read.1.tlog
Z:\Projects\The-Myth-of-Ganon-A-Twist-in-the-Legend\Source & Headers\Debug\link.3516.write.1.tlog
Z:\Projects\The-Myth-of-Ganon-A-Twist-in-the-Legend\Source & Headers\Debug\link.3516-cvtres.read.1.tlog
Z:\Projects\The-Myth-of-Ganon-A-Twist-in-the-Legend\Source & Headers\Debug\link.3516-cvtres.write.1.tlog
Z:\Projects\The-Myth-of-Ganon-A-Twist-in-the-Legend\Source & Headers\Debug\link.352.read.1.tlog
Z:\Projects\The-Myth-of-Ganon-A-Twist-in-the-Legend\Source & Headers\Debug\link.352.write.1.tlog
Z:\Projects\The-Myth-of-Ganon-A-Twist-in-the-Legend\Source & Headers\Debug\link.352-cvtres.read.1.tlog
Z:\Projects\The-Myth-of-Ganon-A-Twist-in-the-Legend\Source & Headers\Debug\link.352-cvtres.write.1.tlog
Z:\Projects\The-Myth-of-Ganon-A-Twist-in-the-Legend\Source & Headers\Debug\link.3696.read.1.tlog
Z:\Projects\The-Myth-of-Ganon-A-Twist-in-the-Legend\Source & Headers\Debug\link.3696.write.1.tlog
Z:\Projects\The-Myth-of-Ganon-A-Twist-in-the-Legend\Source & Headers\Debug\link.3696-cvtres.read.1.tlog
Z:\Projects\The-Myth-of-Ganon-A-Twist-in-the-Legend\Source & Headers\Debug\link.3696-cvtres.write.1.tlog
Z:\Projects\The-Myth-of-Ganon-A-Twist-in-the-Legend\Source & Headers\Debug\link.3724.read.1.tlog
Z:\Projects\The-Myth-of-Ganon-A-Twist-in-the-Legend\Source & Headers\Debug\link.3724.write.1.tlog
Z:\Projects\The-Myth-of-Ganon-A-Twist-in-the-Legend\Source & Headers\Debug\link.3724-cvtres.read.1.tlog
Z:\Projects\The-Myth-of-Ganon-A-Twist-in-the-Legend\Source & Headers\Debug\link.3724-cvtres.write.1.tlog
Z:\Projects\The-Myth-of-Ganon-A-Twist-in-the-Legend\Source & Headers\Debug\link.3728.read.1.tlog
Z:\Projects\The-Myth-of-Ganon-A-Twist-in-the-Legend\Source & Headers\Debug\link.3728.write.1.tlog
Z:\Projects\The-Myth-of-Ganon-A-Twist-in-the-Legend\Source & Headers\Debug\link.3756.read.1.tlog
Z:\Projects\The-Myth-of-Ganon-A-Twist-in-the-Legend\Source & Headers\Debug\link.3756.write.1.tlog
Z:\Projects\The-Myth-of-Ganon-A-Twist-in-the-Legend\Source & Headers\Debug\link.3756-cvtres.read.1.tlog
Z:\Projects\The-Myth-of-Ganon-A-Twist-in-the-Legend\Source & Headers\Debug\link.3756-cvtres.write.1.tlog
Z:\Projects\The-Myth-of-Ganon-A-Twist-in-the-Legend\Source & Headers\Debug\link.3760.read.1.tlog
Z:\Projects\The-Myth-of-Ganon-A-Twist-in-the-Legend\Source & Headers\Debug\link.3760.write.1.tlog
Z:\Projects\The-Myth-of-Ganon-A-Twist-in-the-Legend\Source & Headers\Debug\link.3760-cvtres.read.1.tlog
Z:\Projects\The-Myth-of-Ganon-A-Twist-in-the-Legend\Source & Headers\Debug\link.3760-cvtres.write.1.tlog
Z:\Projects\The-Myth-of-Ganon-A-Twist-in-the-Legend\Source & Headers\Debug\link.3780.read.1.tlog
Z:\Projects\The-Myth-of-Ganon-A-Twist-in-the-Legend\Source & Headers\Debug\link.3780.write.1.tlog
Z:\Projects\The-Myth-of-Ganon-A-Twist-in-the-Legend\Source & Headers\Debug\link.3780-cvtres.read.1.tlog
Z:\Projects\The-Myth-of-Ganon-A-Twist-in-the-Legend\Source & Headers\Debug\link.3780-cvtres.write.1.tlog
Z:\Projects\The-Myth-of-Ganon-A-Twist-in-the-Legend\Source & Headers\Debug\link.3812.read.1.tlog
Z:\Projects\The-Myth-of-Ganon-A-Twist-in-the-Legend\Source & Headers\Debug\link.3812.write.1.tlog
Z:\Projects\The-Myth-of-Ganon-A-Twist-in-the-Legend\Source & Headers\Debug\link.3812-cvtres.read.1.tlog
Z:\Projects\The-Myth-of-Ganon-A-Twist-in-the-Legend\Source & Headers\Debug\link.3812-cvtres.write.1.tlog
Z:\Projects\The-Myth-of-Ganon-A-Twist-in-the-Legend\Source & Headers\Debug\link.3820.read.1.tlog
Z:\Projects\The-Myth-of-Ganon-A-Twist-in-the-Legend\Source & Headers\Debug\link.3820.write.1.tlog
Z:\Projects\The-Myth-of-Ganon-A-Twist-in-the-Legend\Source & Headers\Debug\link.3820-cvtres.read.1.tlog
Z:\Projects\The-Myth-of-Ganon-A-Twist-in-the-Legend\Source & Headers\Debug\link.3820-cvtres.write.1.tlog
Z:\Projects\The-Myth-of-Ganon-A-Twist-in-the-Legend\Source & Headers\Debug\link.3868.read.1.tlog
Z:\Projects\The-Myth-of-Ganon-A-Twist-in-the-Legend\Source & Headers\Debug\link.3868.write.1.tlog
Z:\Projects\The-Myth-of-Ganon-A-Twist-in-the-Legend\Source & Headers\Debug\link.3868-cvtres.read.1.tlog
Z:\Projects\The-Myth-of-Ganon-A-Twist-in-the-Legend\Source & Headers\Debug\link.3868-cvtres.write.1.tlog
Z:\Projects\The-Myth-of-Ganon-A-Twist-in-the-Legend\Source & Headers\Debug\link.3892.read.1.tlog
Z:\Projects\The-Myth-of-Ganon-A-Twist-in-the-Legend\Source & Headers\Debug\link.3892.write.1.tlog
Z:\Projects\The-Myth-of-Ganon-A-Twist-in-the-Legend\Source & Headers\Debug\link.3892-cvtres.read.1.tlog
Z:\Projects\The-Myth-of-Ganon-A-Twist-in-the-Legend\Source & Headers\Debug\link.3892-cvtres.write.1.tlog
Z:\Projects\The-Myth-of-Ganon-A-Twist-in-the-Legend\Source & Headers\Debug\link.4016.read.1.tlog
Z:\Projects\The-Myth-of-Ganon-A-Twist-in-the-Legend\Source & Headers\Debug\link.4016.write.1.tlog
Z:\Projects\The-Myth-of-Ganon-A-Twist-in-the-Legend\Source & Headers\Debug\link.4016-cvtres.read.1.tlog
Z:\Projects\The-Myth-of-Ganon-A-Twist-in-the-Legend\Source & Headers\Debug\link.4016-cvtres.write.1.tlog
Z:\Projects\The-Myth-of-Ganon-A-Twist-in-the-Legend\Source & Headers\Debug\link.4020.read.1.tlog
Z:\Projects\The-Myth-of-Ganon-A-Twist-in-the-Legend\Source & Headers\Debug\link.4020.write.1.tlog
Z:\Projects\The-Myth-of-Ganon-A-Twist-in-the-Legend\Source & Headers\Debug\link.4020-cvtres.read.1.tlog
Z:\Projects\The-Myth-of-Ganon-A-Twist-in-the-Legend\Source & Headers\Debug\link.4020-cvtres.write.1.tlog
Z:\Projects\The-Myth-of-Ganon-A-Twist-in-the-Legend\Source & Headers\Debug\link.4028.read.1.tlog
Z:\Projects\The-Myth-of-Ganon-A-Twist-in-the-Legend\Source & Headers\Debug\link.4028.write.1.tlog
Z:\Projects\The-Myth-of-Ganon-A-Twist-in-the-Legend\Source & Headers\Debug\link.4028-cvtres.read.1.tlog
Z:\Projects\The-Myth-of-Ganon-A-Twist-in-the-Legend\Source & Headers\Debug\link.4028-cvtres.write.1.tlog
Z:\Projects\The-Myth-of-Ganon-A-Twist-in-the-Legend\Source & Headers\Debug\link.4032.read.1.tlog
Z:\Projects\The-Myth-of-Ganon-A-Twist-in-the-Legend\Source & Headers\Debug\link.4032.write.1.tlog
Z:\Projects\The-Myth-of-Ganon-A-Twist-in-the-Legend\Source & Headers\Debug\link.4032-cvtres.read.1.tlog
Z:\Projects\The-Myth-of-Ganon-A-Twist-in-the-Legend\Source & Headers\Debug\link.4032-cvtres.write.1.tlog
Z:\Projects\The-Myth-of-Ganon-A-Twist-in-the-Legend\Source & Headers\Debug\link.4076.read.1.tlog
Z:\Projects\The-Myth-of-Ganon-A-Twist-in-the-Legend\Source & Headers\Debug\link.4076.write.1.tlog
Z:\Projects\The-Myth-of-Ganon-A-Twist-in-the-Legend\Source & Headers\Debug\link.4076-cvtres.read.1.tlog
Z:\Projects\The-Myth-of-Ganon-A-Twist-in-the-Legend\Source & Headers\Debug\link.4076-cvtres.write.1.tlog
Z:\Projects\The-Myth-of-Ganon-A-Twist-in-the-Legend\Source & Headers\Debug\link.4132.read.1.tlog
Z:\Projects\The-Myth-of-Ganon-A-Twist-in-the-Legend\Source & Headers\Debug\link.4132.write.1.tlog
Z:\Projects\The-Myth-of-Ganon-A-Twist-in-the-Legend\Source & Headers\Debug\link.4132-cvtres.read.1.tlog
Z:\Projects\The-Myth-of-Ganon-A-Twist-in-the-Legend\Source & Headers\Debug\link.4132-cvtres.write.1.tlog
Z:\Projects\The-Myth-of-Ganon-A-Twist-in-the-Legend\Source & Headers\Debug\link.4372.read.1.tlog
Z:\Projects\The-Myth-of-Ganon-A-Twist-in-the-Legend\Source & Headers\Debug\link.4372.write.1.tlog
Z:\Projects\The-Myth-of-Ganon-A-Twist-in-the-Legend\Source & Headers\Debug\link.4372-cvtres.read.1.tlog
Z:\Projects\The-Myth-of-Ganon-A-Twist-in-the-Legend\Source & Headers\Debug\link.4372-cvtres.write.1.tlog
Z:\Projects\The-Myth-of-Ganon-A-Twist-in-the-Legend\Source & Headers\Debug\link.4400.read.1.tlog
Z:\Projects\The-Myth-of-Ganon-A-Twist-in-the-Legend\Source & Headers\Debug\link.4400.write.1.tlog
Z:\Projects\The-Myth-of-Ganon-A-Twist-in-the-Legend\Source & Headers\Debug\link.4400-cvtres.read.1.tlog
Z:\Projects\The-Myth-of-Ganon-A-Twist-in-the-Legend\Source & Headers\Debug\link.4400-cvtres.write.1.tlog
Z:\Projects\The-Myth-of-Ganon-A-Twist-in-the-Legend\Source & Headers\Debug\link.4488.read.1.tlog
Z:\Projects\The-Myth-of-Ganon-A-Twist-in-the-Legend\Source & Headers\Debug\link.4488.write.1.tlog
Z:\Projects\The-Myth-of-Ganon-A-Twist-in-the-Legend\Source & Headers\Debug\link.4488-cvtres.read.1.tlog
Z:\Projects\The-Myth-of-Ganon-A-Twist-in-the-Legend\Source & Headers\Debug\link.4488-cvtres.write.1.tlog
Z:\Projects\The-Myth-of-Ganon-A-Twist-in-the-Legend\Source & Headers\Debug\link.4512.read.1.tlog
Z:\Projects\The-Myth-of-Ganon-A-Twist-in-the-Legend\Source & Headers\Debug\link.4512.write.1.tlog
Z:\Projects\The-Myth-of-Ganon-A-Twist-in-the-Legend\Source & Headers\Debug\link.4512-cvtres.read.1.tlog
Z:\Projects\The-Myth-of-Ganon-A-Twist-in-the-Legend\Source & Headers\Debug\link.4512-cvtres.write.1.tlog
Z:\Projects\The-Myth-of-Ganon-A-Twist-in-the-Legend\Source & Headers\Debug\link.4664.read.1.tlog
Z:\Projects\The-Myth-of-Ganon-A-Twist-in-the-Legend\Source & Headers\Debug\link.4664.write.1.tlog
Z:\Projects\The-Myth-of-Ganon-A-Twist-in-the-Legend\Source & Headers\Debug\link.4664-cvtres.read.1.tlog
Z:\Projects\The-Myth-of-Ganon-A-Twist-in-the-Legend\Source & Headers\Debug\link.4664-cvtres.write.1.tlog
Z:\Projects\The-Myth-of-Ganon-A-Twist-in-the-Legend\Source & Headers\Debug\link.4756.read.1.tlog
Z:\Projects\The-Myth-of-Ganon-A-Twist-in-the-Legend\Source & Headers\Debug\link.4756.write.1.tlog
Z:\Projects\The-Myth-of-Ganon-A-Twist-in-the-Legend\Source & Headers\Debug\link.4756-cvtres.read.1.tlog
Z:\Projects\The-Myth-of-Ganon-A-Twist-in-the-Legend\Source & Headers\Debug\link.4756-cvtres.write.1.tlog
Z:\Projects\The-Myth-of-Ganon-A-Twist-in-the-Legend\Source & Headers\Debug\link.4824.read.1.tlog
Z:\Projects\The-Myth-of-Ganon-A-Twist-in-the-Legend\Source & Headers\Debug\link.4824.write.1.tlog
Z:\Projects\The-Myth-of-Ganon-A-Twist-in-the-Legend\Source & Headers\Debug\link.4824-cvtres.read.1.tlog
Z:\Projects\The-Myth-of-Ganon-A-Twist-in-the-Legend\Source & Headers\Debug\link.4824-cvtres.write.1.tlog
Z:\Projects\The-Myth-of-Ganon-A-Twist-in-the-Legend\Source & Headers\Debug\link.4832.read.1.tlog
Z:\Projects\The-Myth-of-Ganon-A-Twist-in-the-Legend\Source & Headers\Debug\link.4832.write.1.tlog
Z:\Projects\The-Myth-of-Ganon-A-Twist-in-the-Legend\Source & Headers\Debug\link.4832-cvtres.read.1.tlog
Z:\Projects\The-Myth-of-Ganon-A-Twist-in-the-Legend\Source & Headers\Debug\link.4832-cvtres.write.1.tlog
Z:\Projects\The-Myth-of-Ganon-A-Twist-in-the-Legend\Source & Headers\Debug\link.5064.read.1.tlog
Z:\Projects\The-Myth-of-Ganon-A-Twist-in-the-Legend\Source & Headers\Debug\link.5064.write.1.tlog
Z:\Projects\The-Myth-of-Ganon-A-Twist-in-the-Legend\Source & Headers\Debug\link.5064-cvtres.read.1.tlog
Z:\Projects\The-Myth-of-Ganon-A-Twist-in-the-Legend\Source & Headers\Debug\link.5064-cvtres.write.1.tlog
Z:\Projects\The-Myth-of-Ganon-A-Twist-in-the-Legend\Source & Headers\Debug\link.5092.read.1.tlog
Z:\Projects\The-Myth-of-Ganon-A-Twist-in-the-Legend\Source & Headers\Debug\link.5092.write.1.tlog
Z:\Projects\The-Myth-of-Ganon-A-Twist-in-the-Legend\Source & Headers\Debug\link.5092-cvtres.read.1.tlog
Z:\Projects\The-Myth-of-Ganon-A-Twist-in-the-Legend\Source & Headers\Debug\link.5092-cvtres.write.1.tlog
Z:\Projects\The-Myth-of-Ganon-A-Twist-in-the-Legend\Source & Headers\Debug\link.5144.read.1.tlog
Z:\Projects\The-Myth-of-Ganon-A-Twist-in-the-Legend\Source & Headers\Debug\link.5144.write.1.tlog
Z:\Projects\The-Myth-of-Ganon-A-Twist-in-the-Legend\Source & Headers\Debug\link.5144-cvtres.read.1.tlog
Z:\Projects\The-Myth-of-Ganon-A-Twist-in-the-Legend\Source & Headers\Debug\link.5144-cvtres.write.1.tlog
Z:\Projects\The-Myth-of-Ganon-A-Twist-in-the-Legend\Source & Headers\Debug\link.5152.read.1.tlog
Z:\Projects\The-Myth-of-Ganon-A-Twist-in-the-Legend\Source & Headers\Debug\link.5152.write.1.tlog
Z:\Projects\The-Myth-of-Ganon-A-Twist-in-the-Legend\Source & Headers\Debug\link.5152-cvtres.read.1.tlog
Z:\Projects\The-Myth-of-Ganon-A-Twist-in-the-Legend\Source & Headers\Debug\link.5152-cvtres.write.1.tlog
Z:\Projects\The-Myth-of-Ganon-A-Twist-in-the-Legend\Source & Headers\Debug\link.5272.read.1.tlog
Z:\Projects\The-Myth-of-Ganon-A-Twist-in-the-Legend\Source & Headers\Debug\link.5272.write.1.tlog
Z:\Projects\The-Myth-of-Ganon-A-Twist-in-the-Legend\Source & Headers\Debug\link.5272-cvtres.read.1.tlog
Z:\Projects\The-Myth-of-Ganon-A-Twist-in-the-Legend\Source & Headers\Debug\link.5272-cvtres.write.1.tlog
Z:\Projects\The-Myth-of-Ganon-A-Twist-in-the-Legend\Source & Headers\Debug\link.5424.read.1.tlog
Z:\Projects\The-Myth-of-Ganon-A-Twist-in-the-Legend\Source & Headers\Debug\link.5424.write.1.tlog
Z:\Projects\The-Myth-of-Ganon-A-Twist-in-the-Legend\Source & Headers\Debug\link.5424-cvtres.read.1.tlog
Z:\Projects\The-Myth-of-Ganon-A-Twist-in-the-Legend\Source & Headers\Debug\link.5424-cvtres.write.1.tlog
Z:\Projects\The-Myth-of-Ganon-A-Twist-in-the-Legend\Source & Headers\Debug\link.5456.read.1.tlog
Z:\Projects\The-Myth-of-Ganon-A-Twist-in-the-Legend\Source & Headers\Debug\link.5456.write.1.tlog
Z:\Projects\The-Myth-of-Ganon-A-Twist-in-the-Legend\Source & Headers\Debug\link.5456-cvtres.read.1.tlog
Z:\Projects\The-Myth-of-Ganon-A-Twist-in-the-Legend\Source & Headers\Debug\link.5456-cvtres.write.1.tlog
Z:\Projects\The-Myth-of-Ganon-A-Twist-in-the-Legend\Source & Headers\Debug\link.5484.read.1.tlog
Z:\Projects\The-Myth-of-Ganon-A-Twist-in-the-Legend\Source & Headers\Debug\link.5484.write.1.tlog
Z:\Projects\The-Myth-of-Ganon-A-Twist-in-the-Legend\Source & Headers\Debug\link.5484-cvtres.read.1.tlog
Z:\Projects\The-Myth-of-Ganon-A-Twist-in-the-Legend\Source & Headers\Debug\link.5484-cvtres.write.1.tlog
Z:\Projects\The-Myth-of-Ganon-A-Twist-in-the-Legend\Source & Headers\Debug\link.5528.read.1.tlog
Z:\Projects\The-Myth-of-Ganon-A-Twist-in-the-Legend\Source & Headers\Debug\link.5528.write.1.tlog
Z:\Projects\The-Myth-of-Ganon-A-Twist-in-the-Legend\Source & Headers\Debug\link.5528-cvtres.read.1.tlog
Z:\Projects\The-Myth-of-Ganon-A-Twist-in-the-Legend\Source & Headers\Debug\link.5528-cvtres.write.1.tlog
Z:\Projects\The-Myth-of-Ganon-A-Twist-in-the-Legend\Source & Headers\Debug\link.5680.read.1.tlog
Z:\Projects\The-Myth-of-Ganon-A-Twist-in-the-Legend\Source & Headers\Debug\link.5680.write.1.tlog
Z:\Projects\The-Myth-of-Ganon-A-Twist-in-the-Legend\Source & Headers\Debug\link.5680-cvtres.read.1.tlog
Z:\Projects\The-Myth-of-Ganon-A-Twist-in-the-Legend\Source & Headers\Debug\link.5680-cvtres.write.1.tlog
Z:\Projects\The-Myth-of-Ganon-A-Twist-in-the-Legend\Source & Headers\Debug\link.6168.read.1.tlog
Z:\Projects\The-Myth-of-Ganon-A-Twist-in-the-Legend\Source & Headers\Debug\link.6168.write.1.tlog
Z:\Projects\The-Myth-of-Ganon-A-Twist-in-the-Legend\Source & Headers\Debug\link.6168-cvtres.read.1.tlog
Z:\Projects\The-Myth-of-Ganon-A-Twist-in-the-Legend\Source & Headers\Debug\link.6168-cvtres.write.1.tlog
Z:\Projects\The-Myth-of-Ganon-A-Twist-in-the-Legend\Source & Headers\Debug\link.6248.read.1.tlog
Z:\Projects\The-Myth-of-Ganon-A-Twist-in-the-Legend\Source & Headers\Debug\link.6248.write.1.tlog
Z:\Projects\The-Myth-of-Ganon-A-Twist-in-the-Legend\Source & Headers\Debug\link.6248-cvtres.read.1.tlog
Z:\Projects\The-Myth-of-Ganon-A-Twist-in-the-Legend\Source & Headers\Debug\link.6248-cvtres.write.1.tlog
Z:\Projects\The-Myth-of-Ganon-A-Twist-in-the-Legend\Source & Headers\Debug\link.6452.read.1.tlog
Z:\Projects\The-Myth-of-Ganon-A-Twist-in-the-Legend\Source & Headers\Debug\link.6452.write.1.tlog
Z:\Projects\The-Myth-of-Ganon-A-Twist-in-the-Legend\Source & Headers\Debug\link.6452-cvtres.read.1.tlog
Z:\Projects\The-Myth-of-Ganon-A-Twist-in-the-Legend\Source & Headers\Debug\link.6452-cvtres.write.1.tlog
Z:\Projects\The-Myth-of-Ganon-A-Twist-in-the-Legend\Source & Headers\Debug\link.6488.read.1.tlog
Z:\Projects\The-Myth-of-Ganon-A-Twist-in-the-Legend\Source & Headers\Debug\link.6488.write.1.tlog
Z:\Projects\The-Myth-of-Ganon-A-Twist-in-the-Legend\Source & Headers\Debug\link.6488-cvtres.read.1.tlog
Z:\Projects\The-Myth-of-Ganon-A-Twist-in-the-Legend\Source & Headers\Debug\link.6488-cvtres.write.1.tlog
Z:\Projects\The-Myth-of-Ganon-A-Twist-in-the-Legend\Source & Headers\Debug\link.6536.read.1.tlog
Z:\Projects\The-Myth-of-Ganon-A-Twist-in-the-Legend\Source & Headers\Debug\link.6536.write.1.tlog
Z:\Projects\The-Myth-of-Ganon-A-Twist-in-the-Legend\Source & Headers\Debug\link.6536-cvtres.read.1.tlog
Z:\Projects\The-Myth-of-Ganon-A-Twist-in-the-Legend\Source & Headers\Debug\link.6536-cvtres.write.1.tlog
Z:\Projects\The-Myth-of-Ganon-A-Twist-in-the-Legend\Source & Headers\Debug\link.656.read.1.tlog
Z:\Projects\The-Myth-of-Ganon-A-Twist-in-the-Legend\Source & Headers\Debug\link.656.write.1.tlog
Z:\Projects\The-Myth-of-Ganon-A-Twist-in-the-Legend\Source & Headers\Debug\link.656-cvtres.read.1.tlog
Z:\Projects\The-Myth-of-Ganon-A-Twist-in-the-Legend\Source & Headers\Debug\link.656-cvtres.write.1.tlog
Z:\Projects\The-Myth-of-Ganon-A-Twist-in-the-Legend\Source & Headers\Debug\link.6604.read.1.tlog
Z:\Projects\The-Myth-of-Ganon-A-Twist-in-the-Legend\Source & Headers\Debug\link.6604.write.1.tlog
Z:\Projects\The-Myth-of-Ganon-A-Twist-in-the-Legend\Source & Headers\Debug\link.6604-cvtres.read.1.tlog
Z:\Projects\The-Myth-of-Ganon-A-Twist-in-the-Legend\Source & Headers\Debug\link.6604-cvtres.write.1.tlog
Z:\Projects\The-Myth-of-Ganon-A-Twist-in-the-Legend\Source & Headers\Debug\link.6616.read.1.tlog
Z:\Projects\The-Myth-of-Ganon-A-Twist-in-the-Legend\Source & Headers\Debug\link.6616.write.1.tlog
Z:\Projects\The-Myth-of-Ganon-A-Twist-in-the-Legend\Source & Headers\Debug\link.6640.read.1.tlog
Z:\Projects\The-Myth-of-Ganon-A-Twist-in-the-Legend\Source & Headers\Debug\link.6640.write.1.tlog
Z:\Projects\The-Myth-of-Ganon-A-Twist-in-the-Legend\Source & Headers\Debug\link.6640-cvtres.read.1.tlog
Z:\Projects\The-Myth-of-Ganon-A-Twist-in-the-Legend\Source & Headers\Debug\link.6640-cvtres.write.1.tlog
Z:\Projects\The-Myth-of-Ganon-A-Twist-in-the-Legend\Source & Headers\Debug\link.6680.read.1.tlog
Z:\Projects\The-Myth-of-Ganon-A-Twist-in-the-Legend\Source & Headers\Debug\link.6680.write.1.tlog
Z:\Projects\The-Myth-of-Ganon-A-Twist-in-the-Legend\Source & Headers\Debug\link.6680-cvtres.read.1.tlog
Z:\Projects\The-Myth-of-Ganon-A-Twist-in-the-Legend\Source & Headers\Debug\link.6680-cvtres.write.1.tlog
Z:\Projects\The-Myth-of-Ganon-A-Twist-in-the-Legend\Source & Headers\Debug\link.6768.read.1.tlog
Z:\Projects\The-Myth-of-Ganon-A-Twist-in-the-Legend\Source & Headers\Debug\link.6768.write.1.tlog
Z:\Projects\The-Myth-of-Ganon-A-Twist-in-the-Legend\Source & Headers\Debug\link.6768-cvtres.read.1.tlog
Z:\Projects\The-Myth-of-Ganon-A-Twist-in-the-Legend\Source & Headers\Debug\link.6768-cvtres.write.1.tlog
Z:\Projects\The-Myth-of-Ganon-A-Twist-in-the-Legend\Source & Headers\Debug\link.7016.read.1.tlog
Z:\Projects\The-Myth-of-Ganon-A-Twist-in-the-Legend\Source & Headers\Debug\link.7016.write.1.tlog
Z:\Projects\The-Myth-of-Ganon-A-Twist-in-the-Legend\Source & Headers\Debug\link.7016-cvtres.read.1.tlog
Z:\Projects\The-Myth-of-Ganon-A-Twist-in-the-Legend\Source & Headers\Debug\link.7016-cvtres.write.1.tlog
Z:\Projects\The-Myth-of-Ganon-A-Twist-in-the-Legend\Source & Headers\Debug\link.7044.read.1.tlog
Z:\Projects\The-Myth-of-Ganon-A-Twist-in-the-Legend\Source & Headers\Debug\link.7044.write.1.tlog
Z:\Projects\The-Myth-of-Ganon-A-Twist-in-the-Legend\Source & Headers\Debug\link.7044-cvtres.read.1.tlog
Z:\Projects\The-Myth-of-Ganon-A-Twist-in-the-Legend\Source & Headers\Debug\link.7044-cvtres.write.1.tlog
Z:\Projects\The-Myth-of-Ganon-A-Twist-in-the-Legend\Source & Headers\Debug\link.7128.read.1.tlog
Z:\Projects\The-Myth-of-Ganon-A-Twist-in-the-Legend\Source & Headers\Debug\link.7128.write.1.tlog
Z:\Projects\The-Myth-of-Ganon-A-Twist-in-the-Legend\Source & Headers\Debug\link.7128-cvtres.read.1.tlog
Z:\Projects\The-Myth-of-Ganon-A-Twist-in-the-Legend\Source & Headers\Debug\link.7128-cvtres.write.1.tlog
Z:\Projects\The-Myth-of-Ganon-A-Twist-in-the-Legend\Source & Headers\Debug\link.7140.read.1.tlog
Z:\Projects\The-Myth-of-Ganon-A-Twist-in-the-Legend\Source & Headers\Debug\link.7140.write.1.tlog
Z:\Projects\The-Myth-of-Ganon-A-Twist-in-the-Legend\Source & Headers\Debug\link.7140-cvtres.read.1.tlog
Z:\Projects\The-Myth-of-Ganon-A-Twist-in-the-Legend\Source & Headers\Debug\link.7140-cvtres.write.1.tlog
Z:\Projects\The-Myth-of-Ganon-A-Twist-in-the-Legend\Source & Headers\Debug\link.7200.read.1.tlog
Z:\Projects\The-Myth-of-Ganon-A-Twist-in-the-Legend\Source & Headers\Debug\link.7200.write.1.tlog
Z:\Projects\The-Myth-of-Ganon-A-Twist-in-the-Legend\Source & Headers\Debug\link.7200-cvtres.read.1.tlog
Z:\Projects\The-Myth-of-Ganon-A-Twist-in-the-Legend\Source & Headers\Debug\link.7200-cvtres.write.1.tlog
Z:\Projects\The-Myth-of-Ganon-A-Twist-in-the-Legend\Source & Headers\Debug\link.7320.read.1.tlog
Z:\Projects\The-Myth-of-Ganon-A-Twist-in-the-Legend\Source & Headers\Debug\link.7320.write.1.tlog
Z:\Projects\The-Myth-of-Ganon-A-Twist-in-the-Legend\Source & Headers\Debug\link.7320-cvtres.read.1.tlog
Z:\Projects\The-Myth-of-Ganon-A-Twist-in-the-Legend\Source & Headers\Debug\link.7320-cvtres.write.1.tlog
Z:\Projects\The-Myth-of-Ganon-A-Twist-in-the-Legend\Source & Headers\Debug\link.7396.read.1.tlog
Z:\Projects\The-Myth-of-Ganon-A-Twist-in-the-Legend\Source & Headers\Debug\link.7396.write.1.tlog
Z:\Projects\The-Myth-of-Ganon-A-Twist-in-the-Legend\Source & Headers\Debug\link.7396-cvtres.read.1.tlog
Z:\Projects\The-Myth-of-Ganon-A-Twist-in-the-Legend\Source & Headers\Debug\link.7396-cvtres.write.1.tlog
Z:\Projects\The-Myth-of-Ganon-A-Twist-in-the-Legend\Source & Headers\Debug\link.7404.read.1.tlog
Z:\Projects\The-Myth-of-Ganon-A-Twist-in-the-Legend\Source & Headers\Debug\link.7404.write.1.tlog
Z:\Projects\The-Myth-of-Ganon-A-Twist-in-the-Legend\Source & Headers\Debug\link.7404-cvtres.read.1.tlog
Z:\Projects\The-Myth-of-Ganon-A-Twist-in-the-Legend\Source & Headers\Debug\link.7404-cvtres.write.1.tlog
Z:\Projects\The-Myth-of-Ganon-A-Twist-in-the-Legend\Source & Headers\Debug\link.7448.read.1.tlog
Z:\Projects\The-Myth-of-Ganon-A-Twist-in-the-Legend\Source & Headers\Debug\link.7448.write.1.tlog
Z:\Projects\The-Myth-of-Ganon-A-Twist-in-the-Legend\Source & Headers\Debug\link.7448-cvtres.read.1.tlog
Z:\Projects\The-Myth-of-Ganon-A-Twist-in-the-Legend\Source & Headers\Debug\link.7448-cvtres.write.1.tlog
Z:\Projects\The-Myth-of-Ganon-A-Twist-in-the-Legend\Source & Headers\Debug\link.7500.read.1.tlog
Z:\Projects\The-Myth-of-Ganon-A-Twist-in-the-Legend\Source & Headers\Debug\link.7500.write.1.tlog
Z:\Projects\The-Myth-of-Ganon-A-Twist-in-the-Legend\Source & Headers\Debug\link.7500-cvtres.read.1.tlog
Z:\Projects\The-Myth-of-Ganon-A-Twist-in-the-Legend\Source & Headers\Debug\link.7500-cvtres.write.1.tlog
Z:\Projects\The-Myth-of-Ganon-A-Twist-in-the-Legend\Source & Headers\Debug\link.7664.read.1.tlog
Z:\Projects\The-Myth-of-Ganon-A-Twist-in-the-Legend\Source & Headers\Debug\link.7664.write.1.tlog
Z:\Projects\The-Myth-of-Ganon-A-Twist-in-the-Legend\Source & Headers\Debug\link.7664-cvtres.read.1.tlog
Z:\Projects\The-Myth-of-Ganon-A-Twist-in-the-Legend\Source & Headers\Debug\link.7664-cvtres.write.1.tlog
Z:\Projects\The-Myth-of-Ganon-A-Twist-in-the-Legend\Source & Headers\Debug\link.7676.read.1.tlog
Z:\Projects\The-Myth-of-Ganon-A-Twist-in-the-Legend\Source & Headers\Debug\link.7676.write.1.tlog
Z:\Projects\The-Myth-of-Ganon-A-Twist-in-the-Legend\Source & Headers\Debug\link.7676-cvtres.read.1.tlog
Z:\Projects\The-Myth-of-Ganon-A-Twist-in-the-Legend\Source & Headers\Debug\link.7676-cvtres.write.1.tlog
Z:\Projects\The-Myth-of-Ganon-A-Twist-in-the-Legend\Source & Headers\Debug\link.7792.read.1.tlog
Z:\Projects\The-Myth-of-Ganon-A-Twist-in-the-Legend\Source & Headers\Debug\link.7792.write.1.tlog
Z:\Projects\The-Myth-of-Ganon-A-Twist-in-the-Legend\Source & Headers\Debug\link.7792-cvtres.read.1.tlog
Z:\Projects\The-Myth-of-Ganon-A-Twist-in-the-Legend\Source & Headers\Debug\link.7792-cvtres.write.1.tlog
Z:\Projects\The-Myth-of-Ganon-A-Twist-in-the-Legend\Source & Headers\Debug\link.7828.read.1.tlog
Z:\Projects\The-Myth-of-Ganon-A-Twist-in-the-Legend\Source & Headers\Debug\link.7828.write.1.tlog
Z:\Projects\The-Myth-of-Ganon-A-Twist-in-the-Legend\Source & Headers\Debug\link.7828-cvtres.read.1.tlog
Z:\Projects\The-Myth-of-Ganon-A-Twist-in-the-Legend\Source & Headers\Debug\link.7828-cvtres.write.1.tlog
Z:\Projects\The-Myth-of-Ganon-A-Twist-in-the-Legend\Source & Headers\Debug\link.7836.read.1.tlog
Z:\Projects\The-Myth-of-Ganon-A-Twist-in-the-Legend\Source & Headers\Debug\link.7836.write.1.tlog
Z:\Projects\The-Myth-of-Ganon-A-Twist-in-the-Legend\Source & Headers\Debug\link.7836-cvtres.read.1.tlog
Z:\Projects\The-Myth-of-Ganon-A-Twist-in-the-Legend\Source & Headers\Debug\link.7836-cvtres.write.1.tlog
Z:\Projects\The-Myth-of-Ganon-A-Twist-in-the-Legend\Source & Headers\Debug\link.7864.read.1.tlog
Z:\Projects\The-Myth-of-Ganon-A-Twist-in-the-Legend\Source & Headers\Debug\link.7864.write.1.tlog
Z:\Projects\The-Myth-of-Ganon-A-Twist-in-the-Legend\Source & Headers\Debug\link.7864-cvtres.read.1.tlog
Z:\Projects\The-Myth-of-Ganon-A-Twist-in-the-Legend\Source & Headers\Debug\link.7864-cvtres.write.1.tlog
Z:\Projects\The-Myth-of-Ganon-A-Twist-in-the-Legend\Source & Headers\Debug\link.7968.read.1.tlog
Z:\Projects\The-Myth-of-Ganon-A-Twist-in-the-Legend\Source & Headers\Debug\link.7968.write.1.tlog
Z:\Projects\The-Myth-of-Ganon-A-Twist-in-the-Legend\Source & Headers\Debug\link.7968-cvtres.read.1.tlog
Z:\Projects\The-Myth-of-Ganon-A-Twist-in-the-Legend\Source & Headers\Debug\link.7968-cvtres.write.1.tlog
Z:\Projects\The-Myth-of-Ganon-A-Twist-in-the-Legend\Source & Headers\Debug\link.7972.read.1.tlog
Z:\Projects\The-Myth-of-Ganon-A-Twist-in-the-Legend\Source & Headers\Debug\link.7972.write.1.tlog
Z:\Projects\The-Myth-of-Ganon-A-Twist-in-the-Legend\Source & Headers\Debug\link.7972-cvtres.read.1.tlog
Z:\Projects\The-Myth-of-Ganon-A-Twist-in-the-Legend\Source & Headers\Debug\link.7972-cvtres.write.1.tlog
Z:\Projects\The-Myth-of-Ganon-A-Twist-in-the-Legend\Source & Headers\Debug\link.7976.read.1.tlog
Z:\Projects\The-Myth-of-Ganon-A-Twist-in-the-Legend\Source & Headers\Debug\link.7976.write.1.tlog
Z:\Projects\The-Myth-of-Ganon-A-Twist-in-the-Legend\Source & Headers\Debug\link.7976-cvtres.read.1.tlog
Z:\Projects\The-Myth-of-Ganon-A-Twist-in-the-Legend\Source & Headers\Debug\link.7976-cvtres.write.1.tlog
Z:\Projects\The-Myth-of-Ganon-A-Twist-in-the-Legend\Source & Headers\Debug\link.7980.read.1.tlog
Z:\Projects\The-Myth-of-Ganon-A-Twist-in-the-Legend\Source & Headers\Debug\link.7980.write.1.tlog
Z:\Projects\The-Myth-of-Ganon-A-Twist-in-the-Legend\Source & Headers\Debug\link.7980-cvtres.read.1.tlog
Z:\Projects\The-Myth-of-Ganon-A-Twist-in-the-Legend\Source & Headers\Debug\link.7980-cvtres.write.1.tlog
Z:\Projects\The-Myth-of-Ganon-A-Twist-in-the-Legend\Source & Headers\Debug\link.8024.read.1.tlog
Z:\Projects\The-Myth-of-Ganon-A-Twist-in-the-Legend\Source & Headers\Debug\link.8024.write.1.tlog
Z:\Projects\The-Myth-of-Ganon-A-Twist-in-the-Legend\Source & Headers\Debug\link.8024-cvtres.read.1.tlog
Z:\Projects\The-Myth-of-Ganon-A-Twist-in-the-Legend\Source & Headers\Debug\link.8024-cvtres.write.1.tlog
Z:\Projects\The-Myth-of-Ganon-A-Twist-in-the-Legend\Source & Headers\Debug\link.8080.read.1.tlog
Z:\Projects\The-Myth-of-Ganon-A-Twist-in-the-Legend\Source & Headers\Debug\link.8080.write.1.tlog
Z:\Projects\The-Myth-of-Ganon-A-Twist-in-the-Legend\Source & Headers\Debug\link.8080-cvtres.read.1.tlog
Z:\Projects\The-Myth-of-Ganon-A-Twist-in-the-Legend\Source & Headers\Debug\link.8080-cvtres.write.1.tlog
Z:\Projects\The-Myth-of-Ganon-A-Twist-in-the-Legend\Source & Headers\Debug\link.8084.read.1.tlog
Z:\Projects\The-Myth-of-Ganon-A-Twist-in-the-Legend\Source & Headers\Debug\link.8084.write.1.tlog
Z:\Projects\The-Myth-of-Ganon-A-Twist-in-the-Legend\Source & Headers\Debug\link.8084-cvtres.read.1.tlog
Z:\Projects\The-Myth-of-Ganon-A-Twist-in-the-Legend\Source & Headers\Debug\link.8084-cvtres.write.1.tlog
Z:\Projects\The-Myth-of-Ganon-A-Twist-in-the-Legend\Source & Headers\Debug\link.8092.read.1.tlog
Z:\Projects\The-Myth-of-Ganon-A-Twist-in-the-Legend\Source & Headers\Debug\link.8092.write.1.tlog
Z:\Projects\The-Myth-of-Ganon-A-Twist-in-the-Legend\Source & Headers\Debug\link.8092-cvtres.read.1.tlog
Z:\Projects\The-Myth-of-Ganon-A-Twist-in-the-Legend\Source & Headers\Debug\link.8092-cvtres.write.1.tlog
Z:\Projects\The-Myth-of-Ganon-A-Twist-in-the-Legend\Source & Headers\Debug\link.8120.read.1.tlog
Z:\Projects\The-Myth-of-Ganon-A-Twist-in-the-Legend\Source & Headers\Debug\link.8120.write.1.tlog
Z:\Projects\The-Myth-of-Ganon-A-Twist-in-the-Legend\Source & Headers\Debug\link.8120-cvtres.read.1.tlog
Z:\Projects\The-Myth-of-Ganon-A-Twist-in-the-Legend\Source & Headers\Debug\link.8120-cvtres.write.1.tlog
Z:\Projects\The-Myth-of-Ganon-A-Twist-in-the-Legend\Source & Headers\Debug\link.8128.read.1.tlog
Z:\Projects\The-Myth-of-Ganon-A-Twist-in-the-Legend\Source & Headers\Debug\link.8128.write.1.tlog
Z:\Projects\The-Myth-of-Ganon-A-Twist-in-the-Legend\Source & Headers\Debug\link.8128-cvtres.read.1.tlog
Z:\Projects\The-Myth-of-Ganon-A-Twist-in-the-Legend\Source & Headers\Debug\link.8128-cvtres.write.1.tlog
Z:\Projects\The-Myth-of-Ganon-A-Twist-in-the-Legend\Source & Headers\Debug\link.8152.read.1.tlog
Z:\Projects\The-Myth-of-Ganon-A-Twist-in-the-Legend\Source & Headers\Debug\link.8152.write.1.tlog
Z:\Projects\The-Myth-of-Ganon-A-Twist-in-the-Legend\Source & Headers\Debug\link.8152-cvtres.read.1.tlog
Z:\Projects\The-Myth-of-Ganon-A-Twist-in-the-Legend\Source & Headers\Debug\link.8152-cvtres.write.1.tlog
Z:\Projects\The-Myth-of-Ganon-A-Twist-in-the-Legend\Source & Headers\Debug\link.8164.read.1.tlog
Z:\Projects\The-Myth-of-Ganon-A-Twist-in-the-Legend\Source & Headers\Debug\link.8164.write.1.tlog
Z:\Projects\The-Myth-of-Ganon-A-Twist-in-the-Legend\Source & Headers\Debug\link.8164-cvtres.read.1.tlog
Z:\Projects\The-Myth-of-Ganon-A-Twist-in-the-Legend\Source & Headers\Debug\link.8164-cvtres.write.1.tlog
Z:\Projects\The-Myth-of-Ganon-A-Twist-in-the-Legend\Source & Headers\Debug\link.8304.read.1.tlog
Z:\Projects\The-Myth-of-Ganon-A-Twist-in-the-Legend\Source & Headers\Debug\link.8304.write.1.tlog
Z:\Projects\The-Myth-of-Ganon-A-Twist-in-the-Legend\Source & Headers\Debug\link.8304-cvtres.read.1.tlog
Z:\Projects\The-Myth-of-Ganon-A-Twist-in-the-Legend\Source & Headers\Debug\link.8304-cvtres.write.1.tlog
Z:\Projects\The-Myth-of-Ganon-A-Twist-in-the-Legend\Source & Headers\Debug\link.8316.read.1.tlog
Z:\Projects\The-Myth-of-Ganon-A-Twist-in-the-Legend\Source & Headers\Debug\link.8316.write.1.tlog
Z:\Projects\The-Myth-of-Ganon-A-Twist-in-the-Legend\Source & Headers\Debug\link.8316-cvtres.read.1.tlog
Z:\Projects\The-Myth-of-Ganon-A-Twist-in-the-Legend\Source & Headers\Debug\link.8316-cvtres.write.1.tlog
Z:\Projects\The-Myth-of-Ganon-A-Twist-in-the-Legend\Source & Headers\Debug\link.8648.read.1.tlog
Z:\Projects\The-Myth-of-Ganon-A-Twist-in-the-Legend\Source & Headers\Debug\link.8648.write.1.tlog
Z:\Projects\The-Myth-of-Ganon-A-Twist-in-the-Legend\Source & Headers\Debug\link.8648-cvtres.read.1.tlog
Z:\Projects\The-Myth-of-Ganon-A-Twist-in-the-Legend\Source & Headers\Debug\link.8648-cvtres.write.1.tlog
Z:\Projects\The-Myth-of-Ganon-A-Twist-in-the-Legend\Source & Headers\Debug\link.8760.read.1.tlog
Z:\Projects\The-Myth-of-Ganon-A-Twist-in-the-Legend\Source & Headers\Debug\link.8760.write.1.tlog
Z:\Projects\The-Myth-of-Ganon-A-Twist-in-the-Legend\Source & Headers\Debug\link.8760-cvtres.read.1.tlog
Z:\Projects\The-Myth-of-Ganon-A-Twist-in-the-Legend\Source & Headers\Debug\link.8760-cvtres.write.1.tlog
Z:\Projects\The-Myth-of-Ganon-A-Twist-in-the-Legend\Source & Headers\Debug\link.8840.read.1.tlog
Z:\Projects\The-Myth-of-Ganon-A-Twist-in-the-Legend\Source & Headers\Debug\link.8840.write.1.tlog
Z:\Projects\The-Myth-of-Ganon-A-Twist-in-the-Legend\Source & Headers\Debug\link.8840-cvtres.read.1.tlog
Z:\Projects\The-Myth-of-Ganon-A-Twist-in-the-Legend\Source & Headers\Debug\link.8840-cvtres.write.1.tlog
Z:\Projects\The-Myth-of-Ganon-A-Twist-in-the-Legend\Source & Headers\Debug\link.8956.read.1.tlog
Z:\Projects\The-Myth-of-Ganon-A-Twist-in-the-Legend\Source & Headers\Debug\link.8956.write.1.tlog
Z:\Projects\The-Myth-of-Ganon-A-Twist-in-the-Legend\Source & Headers\Debug\link.8956-cvtres.read.1.tlog
Z:\Projects\The-Myth-of-Ganon-A-Twist-in-the-Legend\Source & Headers\Debug\link.8956-cvtres.write.1.tlog
Z:\Projects\The-Myth-of-Ganon-A-Twist-in-the-Legend\Source & Headers\Debug\link.9104.read.1.tlog
Z:\Projects\The-Myth-of-Ganon-A-Twist-in-the-Legend\Source & Headers\Debug\link.9104.write.1.tlog
Z:\Projects\The-Myth-of-Ganon-A-Twist-in-the-Legend\Source & Headers\Debug\link.9104-cvtres.read.1.tlog
Z:\Projects\The-Myth-of-Ganon-A-Twist-in-the-Legend\Source & Headers\Debug\link.9104-cvtres.write.1.tlog
Z:\Projects\The-Myth-of-Ganon-A-Twist-in-the-Legend\Source & Headers\Debug\link.9144.read.1.tlog
Z:\Projects\The-Myth-of-Ganon-A-Twist-in-the-Legend\Source & Headers\Debug\link.9144.write.1.tlog
Z:\Projects\The-Myth-of-Ganon-A-Twist-in-the-Legend\Source & Headers\Debug\link.9144-cvtres.read.1.tlog
Z:\Projects\The-Myth-of-Ganon-A-Twist-in-the-Legend\Source & Headers\Debug\link.9144-cvtres.write.1.tlog
Z:\Projects\The-Myth-of-Ganon-A-Twist-in-the-Legend\Source & Headers\Debug\link.9196.read.1.tlog
Z:\Projects\The-Myth-of-Ganon-A-Twist-in-the-Legend\Source & Headers\Debug\link.9196.write.1.tlog
Z:\Projects\The-Myth-of-Ganon-A-Twist-in-the-Legend\Source & Headers\Debug\link.9196-cvtres.read.1.tlog
Z:\Projects\The-Myth-of-Ganon-A-Twist-in-the-Legend\Source & Headers\Debug\link.9196-cvtres.write.1.tlog
Z:\Projects\The-Myth-of-Ganon-A-Twist-in-the-Legend\Source & Headers\Debug\link.9240.read.1.tlog
Z:\Projects\The-Myth-of-Ganon-A-Twist-in-the-Legend\Source & Headers\Debug\link.9240.write.1.tlog
Z:\Projects\The-Myth-of-Ganon-A-Twist-in-the-Legend\Source & Headers\Debug\link.9240-cvtres.read.1.tlog
Z:\Projects\The-Myth-of-Ganon-A-Twist-in-the-Legend\Source & Headers\Debug\link.9240-cvtres.write.1.tlog
Z:\Projects\The-Myth-of-Ganon-A-Twist-in-the-Legend\Source & Headers\Debug\link.9296.read.1.tlog
Z:\Projects\The-Myth-of-Ganon-A-Twist-in-the-Legend\Source & Headers\Debug\link.9296.write.1.tlog
Z:\Projects\The-Myth-of-Ganon-A-Twist-in-the-Legend\Source & Headers\Debug\link.9296-cvtres.read.1.tlog
Z:\Projects\The-Myth-of-Ganon-A-Twist-in-the-Legend\Source & Headers\Debug\link.9296-cvtres.write.1.tlog
Z:\Projects\The-Myth-of-Ganon-A-Twist-in-the-Legend\Source & Headers\Debug\link.9384.read.1.tlog
Z:\Projects\The-Myth-of-Ganon-A-Twist-in-the-Legend\Source & Headers\Debug\link.9384.write.1.tlog
Z:\Projects\The-Myth-of-Ganon-A-Twist-in-the-Legend\Source & Headers\Debug\link.9384-cvtres.read.1.tlog
Z:\Projects\The-Myth-of-Ganon-A-Twist-in-the-Legend\Source & Headers\Debug\link.9384-cvtres.write.1.tlog
Z:\Projects\The-Myth-of-Ganon-A-Twist-in-the-Legend\Source & Headers\Debug\link.940.read.1.tlog
Z:\Projects\The-Myth-of-Ganon-A-Twist-in-the-Legend\Source & Headers\Debug\link.940.write.1.tlog
Z:\Projects\The-Myth-of-Ganon-A-Twist-in-the-Legend\Source & Headers\Debug\link.9404.read.1.tlog
Z:\Projects\The-Myth-of-Ganon-A-Twist-in-the-Legend\Source & Headers\Debug\link.9404.write.1.tlog
Z:\Projects\The-Myth-of-Ganon-A-Twist-in-the-Legend\Source & Headers\Debug\link.9404-cvtres.read.1.tlog
Z:\Projects\The-Myth-of-Ganon-A-Twist-in-the-Legend\Source & Headers\Debug\link.9404-cvtres.write.1.tlog
Z:\Projects\The-Myth-of-Ganon-A-Twist-in-the-Legend\Source & Headers\Debug\link.940-cvtres.read.1.tlog
Z:\Projects\The-Myth-of-Ganon-A-Twist-in-the-Legend\Source & Headers\Debug\link.940-cvtres.write.1.tlog
Z:\Projects\The-Myth-of-Ganon-A-Twist-in-the-Legend\Source & Headers\Debug\link.9452.read.1.tlog
Z:\Projects\The-Myth-of-Ganon-A-Twist-in-the-Legend\Source & Headers\Debug\link.9452.write.1.tlog
Z:\Projects\The-Myth-of-Ganon-A-Twist-in-the-Legend\Source & Headers\Debug\link.9452-cvtres.read.1.tlog
Z:\Projects\The-Myth-of-Ganon-A-Twist-in-the-Legend\Source & Headers\Debug\link.9452-cvtres.write.1.tlog
Z:\Projects\The-Myth-of-Ganon-A-Twist-in-the-Legend\Source & Headers\Debug\link.9492.read.1.tlog
Z:\Projects\The-Myth-of-Ganon-A-Twist-in-the-Legend\Source & Headers\Debug\link.9492.write.1.tlog
Z:\Projects\The-Myth-of-Ganon-A-Twist-in-the-Legend\Source & Headers\Debug\link.9492-cvtres.read.1.tlog
Z:\Projects\The-Myth-of-Ganon-A-Twist-in-the-Legend\Source & Headers\Debug\link.9492-cvtres.write.1.tlog
Z:\Projects\The-Myth-of-Ganon-A-Twist-in-the-Legend\Source & Headers\Debug\link.9584.read.1.tlog
Z:\Projects\The-Myth-of-Ganon-A-Twist-in-the-Legend\Source & Headers\Debug\link.9584.write.1.tlog
Z:\Projects\The-Myth-of-Ganon-A-Twist-in-the-Legend\Source & Headers\Debug\link.9584-cvtres.read.1.tlog
Z:\Projects\The-Myth-of-Ganon-A-Twist-in-the-Legend\Source & Headers\Debug\link.9584-cvtres.write.1.tlog
Z:\Projects\The-Myth-of-Ganon-A-Twist-in-the-Legend\Source & Headers\Debug\link.9748.read.1.tlog
Z:\Projects\The-Myth-of-Ganon-A-Twist-in-the-Legend\Source & Headers\Debug\link.9748.write.1.tlog
Z:\Projects\The-Myth-of-Ganon-A-Twist-in-the-Legend\Source & Headers\Debug\link.9748-cvtres.read.1.tlog
Z:\Projects\The-Myth-of-Ganon-A-Twist-in-the-Legend\Source & Headers\Debug\link.9748-cvtres.write.1.tlog
Z:\Projects\The-Myth-of-Ganon-A-Twist-in-the-Legend\Source & Headers\Debug\link.9784.read.1.tlog
Z:\Projects\The-Myth-of-Ganon-A-Twist-in-the-Legend\Source & Headers\Debug\link.9784.write.1.tlog
Z:\Projects\The-Myth-of-Ganon-A-Twist-in-the-Legend\Source & Headers\Debug\link.9784-cvtres.read.1.tlog
Z:\Projects\The-Myth-of-Ganon-A-Twist-in-the-Legend\Source & Headers\Debug\link.9784-cvtres.write.1.tlog
Z:\Projects\The-Myth-of-Ganon-A-Twist-in-the-Legend\Source & Headers\Debug\link.9792.read.1.tlog
Z:\Projects\The-Myth-of-Ganon-A-Twist-in-the-Legend\Source & Headers\Debug\link.9792.write.1.tlog
Z:\Projects\The-Myth-of-Ganon-A-Twist-in-the-Legend\Source & Headers\Debug\link.9792-cvtres.read.1.tlog
Z:\Projects\The-Myth-of-Ganon-A-Twist-in-the-Legend\Source & Headers\Debug\link.9792-cvtres.write.1.tlog
Z:\Projects\The-Myth-of-Ganon-A-Twist-in-the-Legend\Source & Headers\Debug\link.996.read.1.tlog
Z:\Projects\The-Myth-of-Ganon-A-Twist-in-the-Legend\Source & Headers\Debug\link.996.write.1.tlog
Z:\Projects\The-Myth-of-Ganon-A-Twist-in-the-Legend\Source & Headers\Debug\link.996-cvtres.read.1.tlog
Z:\Projects\The-Myth-of-Ganon-A-Twist-in-the-Legend\Source & Headers\Debug\link.996-cvtres.write.1.tlog
Z:\Projects\The-Myth-of-Ganon-A-Twist-in-the-Legend\Source & Headers\Debug\link.command.1.tlog
Z:\Projects\The-Myth-of-Ganon-A-Twist-in-the-Legend\Source & Headers\Debug\link.read.1.tlog
Z:\Projects\The-Myth-of-Ganon-A-Twist-in-the-Legend\Source & Headers\Debug\link.write.1.tlog
Z:\PROJECTS\THE-MYTH-OF-GANON-A-TWIST-IN-THE-LEGEND\SOURCE & HEADERS\DEBUG\LIVESPRITE.OBJ
Z:\PROJECTS\THE-MYTH-OF-GANON-A-TWIST-IN-THE-LEGEND\SOURCE & HEADERS\DEBUG\MAIN.OBJ
Z:\PROJECTS\THE-MYTH-OF-GANON-A-TWIST-IN-THE-LEGEND\SOURCE & HEADERS\DEBUG\MAPNODE.OBJ
Z:\PROJECTS\THE-MYTH-OF-GANON-A-TWIST-IN-THE-LEGEND\SOURCE & HEADERS\DEBUG\MAPPARSER.OBJ
Z:\Projects\The-Myth-of-Ganon-A-Twist-in-the-Legend\Source & Headers\Debug\mt.command.1.tlog
Z:\Projects\The-Myth-of-Ganon-A-Twist-in-the-Legend\Source & Headers\Debug\mt.read.1.tlog
Z:\Projects\The-Myth-of-Ganon-A-Twist-in-the-Legend\Source & Headers\Debug\mt.write.1.tlog
Z:\PROJECTS\THE-MYTH-OF-GANON-A-TWIST-IN-THE-LEGEND\SOURCE & HEADERS\DEBUG\PLAYLIB_2010.EXE
Z:\PROJECTS\THE-MYTH-OF-GANON-A-TWIST-IN-THE-LEGEND\SOURCE & HEADERS\DEBUG\PLAYLIB_2010.EXE.EMBED.MANIFEST
Z:\PROJECTS\THE-MYTH-OF-GANON-A-TWIST-IN-THE-LEGEND\SOURCE & HEADERS\DEBUG\PLAYLIB_2010.EXE.EMBED.MANIFEST.RES
Z:\PROJECTS\THE-MYTH-OF-GANON-A-TWIST-IN-THE-LEGEND\SOURCE & HEADERS\DEBUG\PLAYLIB_2010.EXE.INTERMEDIATE.MANIFEST
Z:\PROJECTS\THE-MYTH-OF-GANON-A-TWIST-IN-THE-LEGEND\SOURCE & HEADERS\DEBUG\PLAYLIB_2010.ILK
Z:\PROJECTS\THE-MYTH-OF-GANON-A-TWIST-IN-THE-LEGEND\SOURCE & HEADERS\DEBUG\PLAYLIB_2010.PDB
Z:\Projects\The-Myth-of-Ganon-A-Twist-in-the-Legend\Source & Headers\Debug\PlayLib_2010.vcxprojResolveAssemblyReference.cache
Z:\Projects\The-Myth-of-Ganon-A-Twist-in-the-Legend\Source & Headers\Debug\PlayLib_2010.write.1.tlog
Z:\Projects\The-Myth-of-Ganon-A-Twist-in-the-Legend\Source & Headers\Debug\PlayLib_2010_manifest.rc
Z:\Projects\The-Myth-of-Ganon-A-Twist-in-the-Legend\Source & Headers\Debug\rc.command.1.tlog
Z:\Projects\The-Myth-of-Ganon-A-Twist-in-the-Legend\Source & Headers\Debug\rc.read.1.tlog
Z:\Projects\The-Myth-of-Ganon-A-Twist-in-the-Legend\Source & Headers\Debug\rc.write.1.tlog
Z:\PROJECTS\THE-MYTH-OF-GANON-A-TWIST-IN-THE-LEGEND\SOURCE & HEADERS\DEBUG\SAVESTATE.OBJ
Z:\PROJECTS\THE-MYTH-OF-GANON-A-TWIST-IN-THE-LEGEND\SOURCE & HEADERS\DEBUG\SPRITE.OBJ
Z:\PROJECTS\THE-MYTH-OF-GANON-A-TWIST-IN-THE-LEGEND\SOURCE & HEADERS\DEBUG\STILLSPRITE.OBJ
Z:\PROJECTS\THE-MYTH-OF-GANON-A-TWIST-IN-THE-LEGEND\SOURCE & HEADERS\DEBUG\THE MYTH OF GANON - A TWIST IN THE LEGEND.EXE
Z:\PROJECTS\THE-MYTH-OF-GANON-A-TWIST-IN-THE-LEGEND\SOURCE & HEADERS\DEBUG\THE MYTH OF GANON - A TWIST IN THE LEGEND.EXE.EMBED.MANIFEST
Z:\PROJECTS\THE-MYTH-OF-GANON-A-TWIST-IN-THE-LEGEND\SOURCE & HEADERS\DEBUG\THE MYTH OF GANON - A TWIST IN THE LEGEND.EXE.EMBED.MANIFEST.RES
Z:\PROJECTS\THE-MYTH-OF-GANON-A-TWIST-IN-THE-LEGEND\SOURCE & HEADERS\DEBUG\THE MYTH OF GANON - A TWIST IN THE LEGEND.EXE.INTERMEDIATE.MANIFEST
Z:\PROJECTS\THE-MYTH-OF-GANON-A-TWIST-IN-THE-LEGEND\SOURCE & HEADERS\DEBUG\THE MYTH OF GANON - A TWIST IN THE LEGEND.ILK
Z:\PROJECTS\THE-MYTH-OF-GANON-A-TWIST-IN-THE-LEGEND\SOURCE & HEADERS\DEBUG\THE MYTH OF GANON - A TWIST IN THE LEGEND.PDB
Z:\Projects\The-Myth-of-Ganon-A-Twist-in-the-Legend\Source & Headers\Debug\The Myth of Ganon - A Twist in the Legend.write.1.tlog
Z:\Projects\The-Myth-of-Ganon-A-Twist-in-the-Legend\Source & Headers\Debug\The Myth of Ganon - A Twist in the Legend_manifest.rc
Z:\Projects\The-Myth-of-Ganon-A-Twist-in-the-Legend\Source & Headers\Debug\vc100.idb
Z:\PROJECTS\THE-MYTH-OF-GANON-A-TWIST-IN-THE-LEGEND\SOURCE & HEADERS\DEBUG\VC100.PDB
